<?xml version="1.0" encoding="UTF-8"?>
<coverage generated="1512134444510" clover="3.2.0">
  <project timestamp="1512134444510" name="All files">
    <metrics statements="2014" coveredstatements="1857" conditionals="1055" coveredconditionals="851" methods="435" coveredmethods="368" elements="3504" coveredelements="3076" complexity="0" loc="2014" ncloc="2014" packages="61" files="138" classes="138">
      <package name="packages.bpk-animate-height.src">
        <metrics statements="56" coveredstatements="38" conditionals="32" coveredconditionals="16" methods="11" coveredmethods="7"/>
        <file name="AnimateHeight.js" path="/Users/georgegillams/Documents/projects/backpack/packages/bpk-animate-height/src/AnimateHeight.js">
          <metrics statements="56" coveredstatements="38" conditionals="32" coveredconditionals="16" methods="11" coveredmethods="7"/>
          <line num="25" count="5" type="cond" truecount="2" falsecount="0"/>
          <line num="27" count="1" type="cond" truecount="0" falsecount="2"/>
          <line num="31" count="4" type="stmt"/>
          <line num="33" count="4" type="stmt"/>
          <line num="34" count="4" type="stmt"/>
          <line num="36" count="4" type="cond" truecount="2" falsecount="0"/>
          <line num="37" count="3" type="cond" truecount="1" falsecount="1"/>
          <line num="38" count="3" type="stmt"/>
          <line num="41" count="4" type="stmt"/>
          <line num="46" count="4" type="stmt"/>
          <line num="50" count="4" type="cond" truecount="4" falsecount="0"/>
          <line num="51" count="1" type="stmt"/>
          <line num="58" count="1" type="stmt"/>
          <line num="61" count="1" type="cond" truecount="3" falsecount="1"/>
          <line num="63" count="1" type="stmt"/>
          <line num="64" count="1" type="stmt"/>
          <line num="65" count="1" type="stmt"/>
          <line num="66" count="1" type="stmt"/>
          <line num="68" count="1" type="stmt"/>
          <line num="69" count="1" type="stmt"/>
          <line num="70" count="1" type="stmt"/>
          <line num="71" count="1" type="stmt"/>
          <line num="72" count="1" type="stmt"/>
          <line num="74" count="1" type="stmt"/>
          <line num="76" count="1" type="cond" truecount="1" falsecount="1"/>
          <line num="78" count="1" type="cond" truecount="1" falsecount="1"/>
          <line num="82" count="0" type="stmt"/>
          <line num="83" count="0" type="stmt"/>
          <line num="84" count="0" type="stmt"/>
          <line num="85" count="0" type="stmt"/>
          <line num="88" count="1" type="cond" truecount="1" falsecount="1"/>
          <line num="91" count="0" type="stmt"/>
          <line num="92" count="0" type="stmt"/>
          <line num="94" count="0" type="stmt"/>
          <line num="95" count="0" type="stmt"/>
          <line num="98" count="1" type="stmt"/>
          <line num="103" count="1" type="cond" truecount="1" falsecount="1"/>
          <line num="104" count="0" type="stmt"/>
          <line num="105" count="0" type="stmt"/>
          <line num="110" count="0" type="cond" truecount="0" falsecount="2"/>
          <line num="111" count="0" type="stmt"/>
          <line num="119" count="0" type="stmt"/>
          <line num="120" count="0" type="stmt"/>
          <line num="124" count="0" type="cond" truecount="0" falsecount="4"/>
          <line num="125" count="0" type="stmt"/>
          <line num="127" count="0" type="cond" truecount="0" falsecount="2"/>
          <line num="128" count="0" type="stmt"/>
          <line num="140" count="5" type="stmt"/>
          <line num="145" count="5" type="stmt"/>
          <line num="147" count="5" type="stmt"/>
          <line num="158" count="5" type="stmt"/>
          <line num="159" count="5" type="stmt"/>
          <line num="161" count="5" type="stmt"/>
          <line num="167" count="6" type="stmt"/>
          <line num="175" count="1" type="stmt"/>
          <line num="188" count="1" type="stmt"/>
        </file>
      </package>
      <package name="packages.bpk-component-accordion.src">
        <metrics statements="50" coveredstatements="49" conditionals="12" coveredconditionals="11" methods="16" coveredmethods="15"/>
        <file name="BpkAccordion.js" path="/Users/georgegillams/Documents/projects/backpack/packages/bpk-component-accordion/src/BpkAccordion.js">
          <metrics statements="8" coveredstatements="8" conditionals="2" coveredconditionals="2" methods="1" coveredmethods="1"/>
          <line num="25" count="2" type="stmt"/>
          <line num="27" count="2" type="stmt"/>
          <line num="28" count="5" type="stmt"/>
          <line num="29" count="5" type="stmt"/>
          <line num="31" count="5" type="cond" truecount="2" falsecount="0"/>
          <line num="33" count="5" type="stmt"/>
          <line num="40" count="2" type="stmt"/>
          <line num="45" count="2" type="stmt"/>
        </file>
        <file name="BpkAccordionItem.js" path="/Users/georgegillams/Documents/projects/backpack/packages/bpk-component-accordion/src/BpkAccordionItem.js">
          <metrics statements="13" coveredstatements="12" conditionals="4" coveredconditionals="4" methods="2" coveredmethods="1"/>
          <line num="28" count="2" type="stmt"/>
          <line num="30" count="2" type="stmt"/>
          <line num="32" count="2" type="stmt"/>
          <line num="33" count="7" type="stmt"/>
          <line num="36" count="7" type="stmt"/>
          <line num="41" count="7" type="stmt"/>
          <line num="43" count="7" type="cond" truecount="2" falsecount="0"/>
          <line num="45" count="7" type="stmt"/>
          <line num="46" count="7" type="stmt"/>
          <line num="48" count="7" type="stmt"/>
          <line num="87" count="2" type="stmt"/>
          <line num="95" count="2" type="stmt"/>
          <line num="97" count="0" type="stmt"/>
        </file>
        <file name="themeAttributes.js" path="/Users/georgegillams/Documents/projects/backpack/packages/bpk-component-accordion/src/themeAttributes.js">
          <metrics statements="0" coveredstatements="0" conditionals="0" coveredconditionals="0" methods="0" coveredmethods="0"/>
        </file>
        <file name="withAccordionItemState.js" path="/Users/georgegillams/Documents/projects/backpack/packages/bpk-component-accordion/src/withAccordionItemState.js">
          <metrics statements="11" coveredstatements="11" conditionals="0" coveredconditionals="0" methods="5" coveredmethods="5"/>
          <line num="24" count="1" type="stmt"/>
          <line num="27" count="4" type="stmt"/>
          <line num="29" count="4" type="stmt"/>
          <line num="33" count="4" type="stmt"/>
          <line num="37" count="2" type="stmt"/>
          <line num="45" count="6" type="stmt"/>
          <line num="47" count="6" type="stmt"/>
          <line num="51" count="1" type="stmt"/>
          <line num="57" count="1" type="stmt"/>
          <line num="63" count="1" type="stmt"/>
          <line num="65" count="1" type="stmt"/>
        </file>
        <file name="withSingleItemAccordionState.js" path="/Users/georgegillams/Documents/projects/backpack/packages/bpk-component-accordion/src/withSingleItemAccordionState.js">
          <metrics statements="18" coveredstatements="18" conditionals="6" coveredconditionals="5" methods="8" coveredmethods="8"/>
          <line num="24" count="1" type="stmt"/>
          <line num="25" count="4" type="stmt"/>
          <line num="26" count="12" type="cond" truecount="2" falsecount="0"/>
          <line num="27" count="4" type="cond" truecount="3" falsecount="1"/>
          <line num="30" count="1" type="stmt"/>
          <line num="33" count="4" type="stmt"/>
          <line num="35" count="4" type="stmt"/>
          <line num="39" count="4" type="stmt"/>
          <line num="40" count="4" type="stmt"/>
          <line num="44" count="2" type="stmt"/>
          <line num="48" count="18" type="stmt"/>
          <line num="49" count="18" type="stmt"/>
          <line num="51" count="18" type="stmt"/>
          <line num="55" count="6" type="stmt"/>
          <line num="57" count="6" type="stmt"/>
          <line num="65" count="1" type="stmt"/>
          <line num="69" count="1" type="stmt"/>
          <line num="71" count="1" type="stmt"/>
        </file>
      </package>
      <package name="packages.bpk-component-autosuggest.src">
        <metrics statements="13" coveredstatements="13" conditionals="12" coveredconditionals="12" methods="1" coveredmethods="1"/>
        <file name="BpkAutosuggest.js" path="/Users/georgegillams/Documents/projects/backpack/packages/bpk-component-autosuggest/src/BpkAutosuggest.js">
          <metrics statements="3" coveredstatements="3" conditionals="0" coveredconditionals="0" methods="0" coveredmethods="0"/>
          <line num="25" count="1" type="stmt"/>
          <line num="35" count="1" type="stmt"/>
          <line num="47" count="1" type="stmt"/>
        </file>
        <file name="BpkAutosuggestSuggestion.js" path="/Users/georgegillams/Documents/projects/backpack/packages/bpk-component-autosuggest/src/BpkAutosuggestSuggestion.js">
          <metrics statements="10" coveredstatements="10" conditionals="12" coveredconditionals="12" methods="1" coveredmethods="1"/>
          <line num="25" count="1" type="stmt"/>
          <line num="27" count="1" type="stmt"/>
          <line num="28" count="10" type="stmt"/>
          <line num="31" count="10" type="stmt"/>
          <line num="32" count="10" type="stmt"/>
          <line num="34" count="10" type="cond" truecount="2" falsecount="0"/>
          <line num="35" count="10" type="cond" truecount="2" falsecount="0"/>
          <line num="37" count="10" type="stmt"/>
          <line num="58" count="1" type="stmt"/>
          <line num="67" count="1" type="stmt"/>
        </file>
      </package>
      <package name="packages.bpk-component-badge.src">
        <metrics statements="11" coveredstatements="11" conditionals="8" coveredconditionals="7" methods="1" coveredmethods="1"/>
        <file name="BpkBadge.js" path="/Users/georgegillams/Documents/projects/backpack/packages/bpk-component-badge/src/BpkBadge.js">
          <metrics statements="11" coveredstatements="11" conditionals="8" coveredconditionals="7" methods="1" coveredmethods="1"/>
          <line num="25" count="1" type="stmt"/>
          <line num="27" count="1" type="stmt"/>
          <line num="30" count="4" type="stmt"/>
          <line num="31" count="4" type="stmt"/>
          <line num="33" count="4" type="cond" truecount="2" falsecount="0"/>
          <line num="34" count="4" type="cond" truecount="2" falsecount="0"/>
          <line num="35" count="4" type="cond" truecount="2" falsecount="0"/>
          <line num="36" count="4" type="cond" truecount="1" falsecount="1"/>
          <line num="38" count="4" type="stmt"/>
          <line num="41" count="1" type="stmt"/>
          <line num="47" count="1" type="stmt"/>
        </file>
      </package>
      <package name="packages.bpk-component-banner-alert.src">
        <metrics statements="38" coveredstatements="35" conditionals="18" coveredconditionals="14" methods="8" coveredmethods="5"/>
        <file name="BpkBannerAlert.js" path="/Users/georgegillams/Documents/projects/backpack/packages/bpk-component-banner-alert/src/BpkBannerAlert.js">
          <metrics statements="38" coveredstatements="35" conditionals="18" coveredconditionals="14" methods="8" coveredmethods="5"/>
          <line num="32" count="1" type="stmt"/>
          <line num="34" count="1" type="stmt"/>
          <line num="35" count="1" type="stmt"/>
          <line num="36" count="1" type="stmt"/>
          <line num="37" count="1" type="stmt"/>
          <line num="38" count="1" type="stmt"/>
          <line num="40" count="1" type="stmt"/>
          <line num="47" count="1" type="stmt"/>
          <line num="53" count="1" type="stmt"/>
          <line num="54" count="8" type="stmt"/>
          <line num="61" count="8" type="stmt"/>
          <line num="64" count="1" type="stmt"/>
          <line num="65" count="2" type="stmt"/>
          <line num="66" count="2" type="cond" truecount="1" falsecount="1"/>
          <line num="68" count="2" type="stmt"/>
          <line num="82" count="1" type="stmt"/>
          <line num="89" count="9" type="stmt"/>
          <line num="91" count="9" type="stmt"/>
          <line num="95" count="9" type="stmt"/>
          <line num="96" count="9" type="stmt"/>
          <line num="100" count="0" type="stmt"/>
          <line num="106" count="0" type="cond" truecount="0" falsecount="2"/>
          <line num="107" count="0" type="stmt"/>
          <line num="124" count="9" type="stmt"/>
          <line num="125" count="9" type="stmt"/>
          <line num="126" count="9" type="stmt"/>
          <line num="127" count="9" type="cond" truecount="2" falsecount="0"/>
          <line num="128" count="9" type="stmt"/>
          <line num="130" count="9" type="stmt"/>
          <line num="131" count="9" type="stmt"/>
          <line num="132" count="18" type="stmt"/>
          <line num="134" count="9" type="cond" truecount="2" falsecount="0"/>
          <line num="135" count="9" type="cond" truecount="2" falsecount="0"/>
          <line num="136" count="2" type="stmt"/>
          <line num="137" count="2" type="stmt"/>
          <line num="147" count="9" type="cond" truecount="2" falsecount="0"/>
          <line num="182" count="1" type="stmt"/>
          <line num="204" count="1" type="stmt"/>
        </file>
      </package>
      <package name="packages.bpk-component-barchart.src">
        <metrics statements="171" coveredstatements="157" conditionals="86" coveredconditionals="71" methods="48" coveredmethods="40"/>
        <file name="BpkBarchart.js" path="/Users/georgegillams/Documents/projects/backpack/packages/bpk-component-barchart/src/BpkBarchart.js">
          <metrics statements="38" coveredstatements="32" conditionals="12" coveredconditionals="9" methods="12" coveredmethods="8"/>
          <line num="40" count="1" type="stmt"/>
          <line num="42" count="1" type="stmt"/>
          <line num="43" count="1" type="stmt"/>
          <line num="45" count="1" type="stmt"/>
          <line num="47" count="108" type="stmt"/>
          <line num="48" count="9" type="stmt"/>
          <line num="50" count="9" type="cond" truecount="1" falsecount="1"/>
          <line num="60" count="9" type="stmt"/>
          <line num="62" count="9" type="stmt"/>
          <line num="67" count="9" type="stmt"/>
          <line num="68" count="9" type="stmt"/>
          <line num="70" count="9" type="stmt"/>
          <line num="71" count="9" type="stmt"/>
          <line num="75" count="9" type="stmt"/>
          <line num="76" count="9" type="stmt"/>
          <line num="80" count="0" type="stmt"/>
          <line num="84" count="9" type="cond" truecount="1" falsecount="1"/>
          <line num="85" count="9" type="stmt"/>
          <line num="88" count="0" type="stmt"/>
          <line num="90" count="0" type="stmt"/>
          <line num="120" count="9" type="stmt"/>
          <line num="122" count="9" type="stmt"/>
          <line num="123" count="9" type="stmt"/>
          <line num="130" count="9" type="stmt"/>
          <line num="131" count="9" type="cond" truecount="1" falsecount="1"/>
          <line num="133" count="9" type="stmt"/>
          <line num="134" count="9" type="stmt"/>
          <line num="135" count="108" type="stmt"/>
          <line num="137" count="9" type="stmt"/>
          <line num="138" count="108" type="stmt"/>
          <line num="139" count="9" type="stmt"/>
          <line num="140" count="9" type="stmt"/>
          <line num="142" count="9" type="stmt"/>
          <line num="156" count="0" type="stmt"/>
          <line num="215" count="1" type="stmt"/>
          <line num="243" count="1" type="stmt"/>
          <line num="258" count="0" type="stmt"/>
          <line num="259" count="0" type="stmt"/>
        </file>
        <file name="BpkBarchartBar.js" path="/Users/georgegillams/Documents/projects/backpack/packages/bpk-component-barchart/src/BpkBarchartBar.js">
          <metrics statements="22" coveredstatements="19" conditionals="29" coveredconditionals="24" methods="3" coveredmethods="2"/>
          <line num="27" count="3" type="stmt"/>
          <line num="29" count="3" type="stmt"/>
          <line num="34" count="3" type="stmt"/>
          <line num="35" count="0" type="cond" truecount="0" falsecount="4"/>
          <line num="36" count="0" type="stmt"/>
          <line num="37" count="0" type="stmt"/>
          <line num="41" count="3" type="stmt"/>
          <line num="43" count="3" type="stmt"/>
          <line num="58" count="8" type="stmt"/>
          <line num="60" count="8" type="stmt"/>
          <line num="61" count="8" type="stmt"/>
          <line num="62" count="8" type="stmt"/>
          <line num="64" count="8" type="cond" truecount="1" falsecount="1"/>
          <line num="65" count="8" type="cond" truecount="2" falsecount="0"/>
          <line num="66" count="8" type="cond" truecount="5" falsecount="0"/>
          <line num="67" count="8" type="cond" truecount="2" falsecount="0"/>
          <line num="69" count="8" type="cond" truecount="2" falsecount="0"/>
          <line num="70" count="8" type="stmt"/>
          <line num="71" count="8" type="stmt"/>
          <line num="73" count="8" type="stmt"/>
          <line num="105" count="3" type="stmt"/>
          <line num="120" count="3" type="stmt"/>
        </file>
        <file name="BpkBarchartBars.js" path="/Users/georgegillams/Documents/projects/backpack/packages/bpk-component-barchart/src/BpkBarchartBars.js">
          <metrics statements="25" coveredstatements="22" conditionals="10" coveredconditionals="8" methods="9" coveredmethods="6"/>
          <line num="24" count="2" type="stmt"/>
          <line num="26" count="2" type="stmt"/>
          <line num="27" count="168" type="stmt"/>
          <line num="29" count="2" type="stmt"/>
          <line num="36" count="84" type="stmt"/>
          <line num="40" count="84" type="stmt"/>
          <line num="43" count="2" type="stmt"/>
          <line num="44" count="168" type="stmt"/>
          <line num="46" count="2" type="stmt"/>
          <line num="65" count="7" type="stmt"/>
          <line num="67" count="7" type="stmt"/>
          <line num="70" count="7" type="stmt"/>
          <line num="72" count="7" type="stmt"/>
          <line num="74" count="7" type="stmt"/>
          <line num="77" count="84" type="stmt"/>
          <line num="78" count="84" type="stmt"/>
          <line num="79" count="84" type="stmt"/>
          <line num="80" count="84" type="stmt"/>
          <line num="81" count="84" type="stmt"/>
          <line num="90" count="0" type="cond" truecount="2" falsecount="0"/>
          <line num="91" count="0" type="cond" truecount="2" falsecount="0"/>
          <line num="92" count="0" type="cond" truecount="2" falsecount="0"/>
          <line num="103" count="2" type="stmt"/>
          <line num="128" count="2" type="stmt"/>
          <line num="134" count="72" type="stmt"/>
        </file>
        <file name="BpkBarchartDefs.js" path="/Users/georgegillams/Documents/projects/backpack/packages/bpk-component-barchart/src/BpkBarchartDefs.js">
          <metrics statements="3" coveredstatements="3" conditionals="0" coveredconditionals="0" methods="1" coveredmethods="1"/>
          <line num="21" count="2" type="stmt"/>
          <line num="28" count="2" type="stmt"/>
          <line num="29" count="1" type="stmt"/>
        </file>
        <file name="BpkChartAxis.js" path="/Users/georgegillams/Documents/projects/backpack/packages/bpk-component-barchart/src/BpkChartAxis.js">
          <metrics statements="22" coveredstatements="22" conditionals="8" coveredconditionals="8" methods="6" coveredmethods="6"/>
          <line num="29" count="2" type="stmt"/>
          <line num="31" count="2" type="stmt"/>
          <line num="32" count="2" type="stmt"/>
          <line num="34" count="2" type="stmt"/>
          <line num="37" count="12" type="cond" truecount="2" falsecount="0"/>
          <line num="39" count="12" type="cond" truecount="2" falsecount="0"/>
          <line num="40" count="6" type="stmt"/>
          <line num="53" count="32" type="stmt"/>
          <line num="57" count="6" type="stmt"/>
          <line num="58" count="6" type="stmt"/>
          <line num="59" count="6" type="stmt"/>
          <line num="61" count="6" type="stmt"/>
          <line num="74" count="32" type="stmt"/>
          <line num="78" count="2" type="stmt"/>
          <line num="91" count="12" type="stmt"/>
          <line num="95" count="12" type="stmt"/>
          <line num="97" count="12" type="cond" truecount="2" falsecount="0"/>
          <line num="99" count="36" type="stmt"/>
          <line num="101" count="12" type="stmt"/>
          <line num="108" count="64" type="stmt"/>
          <line num="132" count="2" type="stmt"/>
          <line num="151" count="2" type="stmt"/>
        </file>
        <file name="BpkChartDataTable.js" path="/Users/georgegillams/Documents/projects/backpack/packages/bpk-component-barchart/src/BpkChartDataTable.js">
          <metrics statements="9" coveredstatements="9" conditionals="0" coveredconditionals="0" methods="2" coveredmethods="2"/>
          <line num="27" count="2" type="stmt"/>
          <line num="29" count="2" type="stmt"/>
          <line num="32" count="1" type="stmt"/>
          <line num="33" count="1" type="stmt"/>
          <line num="34" count="12" type="stmt"/>
          <line num="36" count="12" type="stmt"/>
          <line num="44" count="1" type="stmt"/>
          <line num="59" count="2" type="stmt"/>
          <line num="67" count="2" type="stmt"/>
        </file>
        <file name="BpkChartGridLines.js" path="/Users/georgegillams/Documents/projects/backpack/packages/bpk-component-barchart/src/BpkChartGridLines.js">
          <metrics statements="14" coveredstatements="14" conditionals="6" coveredconditionals="6" methods="4" coveredmethods="4"/>
          <line num="27" count="2" type="stmt"/>
          <line num="29" count="2" type="stmt"/>
          <line num="32" count="10" type="stmt"/>
          <line num="34" count="10" type="cond" truecount="2" falsecount="0"/>
          <line num="36" count="36" type="stmt"/>
          <line num="37" count="10" type="cond" truecount="2" falsecount="0"/>
          <line num="39" count="10" type="stmt"/>
          <line num="40" count="46" type="stmt"/>
          <line num="41" count="46" type="cond" truecount="2" falsecount="0"/>
          <line num="52" count="10" type="stmt"/>
          <line num="53" count="46" type="stmt"/>
          <line num="61" count="10" type="stmt"/>
          <line num="68" count="2" type="stmt"/>
          <line num="85" count="2" type="stmt"/>
        </file>
        <file name="BpkChartMargin.js" path="/Users/georgegillams/Documents/projects/backpack/packages/bpk-component-barchart/src/BpkChartMargin.js">
          <metrics statements="4" coveredstatements="4" conditionals="0" coveredconditionals="0" methods="1" coveredmethods="1"/>
          <line num="22" count="2" type="stmt"/>
          <line num="23" count="1" type="stmt"/>
          <line num="25" count="1" type="stmt"/>
          <line num="35" count="2" type="stmt"/>
        </file>
        <file name="RTLtransforms.js" path="/Users/georgegillams/Documents/projects/backpack/packages/bpk-component-barchart/src/RTLtransforms.js">
          <metrics statements="11" coveredstatements="9" conditionals="9" coveredconditionals="6" methods="5" coveredmethods="5"/>
          <line num="19" count="2" type="stmt"/>
          <line num="24" count="2" type="stmt"/>
          <line num="25" count="36" type="cond" truecount="3" falsecount="0"/>
          <line num="28" count="36" type="stmt"/>
          <line num="30" count="18" type="cond" truecount="1" falsecount="1"/>
          <line num="32" count="9" type="cond" truecount="1" falsecount="1"/>
          <line num="34" count="2" type="stmt"/>
          <line num="35" count="9" type="cond" truecount="1" falsecount="1"/>
          <line num="36" count="9" type="stmt"/>
          <line num="38" count="0" type="stmt"/>
          <line num="39" count="0" type="stmt"/>
        </file>
        <file name="customPropTypes.js" path="/Users/georgegillams/Documents/projects/backpack/packages/bpk-component-barchart/src/customPropTypes.js">
          <metrics statements="10" coveredstatements="10" conditionals="6" coveredconditionals="6" methods="1" coveredmethods="1"/>
          <line num="20" count="21" type="stmt"/>
          <line num="21" count="21" type="stmt"/>
          <line num="22" count="21" type="cond" truecount="2" falsecount="0"/>
          <line num="23" count="1" type="stmt"/>
          <line num="26" count="20" type="stmt"/>
          <line num="27" count="218" type="stmt"/>
          <line num="28" count="218" type="cond" truecount="2" falsecount="0"/>
          <line num="30" count="218" type="cond" truecount="2" falsecount="0"/>
          <line num="31" count="1" type="stmt"/>
          <line num="36" count="19" type="stmt"/>
        </file>
        <file name="orientation.js" path="/Users/georgegillams/Documents/projects/backpack/packages/bpk-component-barchart/src/orientation.js">
          <metrics statements="2" coveredstatements="2" conditionals="0" coveredconditionals="0" methods="0" coveredmethods="0"/>
          <line num="19" count="3" type="stmt"/>
          <line num="20" count="3" type="stmt"/>
        </file>
        <file name="themeAttributes.js" path="/Users/georgegillams/Documents/projects/backpack/packages/bpk-component-barchart/src/themeAttributes.js">
          <metrics statements="0" coveredstatements="0" conditionals="0" coveredconditionals="0" methods="0" coveredmethods="0"/>
        </file>
        <file name="utils.js" path="/Users/georgegillams/Documents/projects/backpack/packages/bpk-component-barchart/src/utils.js">
          <metrics statements="11" coveredstatements="11" conditionals="6" coveredconditionals="4" methods="4" coveredmethods="4"/>
          <line num="19" count="6" type="stmt"/>
          <line num="20" count="15" type="stmt"/>
          <line num="21" count="15" type="cond" truecount="2" falsecount="0"/>
          <line num="22" count="1" type="stmt"/>
          <line num="24" count="54" type="stmt"/>
          <line num="27" count="78" type="stmt"/>
          <line num="29" count="6" type="stmt"/>
          <line num="30" count="15" type="stmt"/>
          <line num="32" count="15" type="cond" truecount="1" falsecount="1"/>
          <line num="33" count="15" type="stmt"/>
          <line num="36" count="15" type="cond" truecount="1" falsecount="1"/>
        </file>
      </package>
      <package name="packages.bpk-component-blockquote.src">
        <metrics statements="8" coveredstatements="8" conditionals="2" coveredconditionals="2" methods="1" coveredmethods="1"/>
        <file name="BpkBlockquote.js" path="/Users/georgegillams/Documents/projects/backpack/packages/bpk-component-blockquote/src/BpkBlockquote.js">
          <metrics statements="8" coveredstatements="8" conditionals="2" coveredconditionals="2" methods="1" coveredmethods="1"/>
          <line num="25" count="1" type="stmt"/>
          <line num="27" count="1" type="stmt"/>
          <line num="28" count="2" type="stmt"/>
          <line num="29" count="2" type="cond" truecount="2" falsecount="0"/>
          <line num="30" count="1" type="stmt"/>
          <line num="33" count="2" type="stmt"/>
          <line num="42" count="1" type="stmt"/>
          <line num="50" count="1" type="stmt"/>
        </file>
        <file name="themeAttributes.js" path="/Users/georgegillams/Documents/projects/backpack/packages/bpk-component-blockquote/src/themeAttributes.js">
          <metrics statements="0" coveredstatements="0" conditionals="0" coveredconditionals="0" methods="0" coveredmethods="0"/>
        </file>
      </package>
      <package name="packages.bpk-component-breakpoint.src">
        <metrics statements="9" coveredstatements="9" conditionals="2" coveredconditionals="2" methods="3" coveredmethods="3"/>
        <file name="BpkBreakpoint.js" path="/Users/georgegillams/Documents/projects/backpack/packages/bpk-component-breakpoint/src/BpkBreakpoint.js">
          <metrics statements="9" coveredstatements="9" conditionals="2" coveredconditionals="2" methods="3" coveredmethods="3"/>
          <line num="24" count="6" type="stmt"/>
          <line num="32" count="6" type="stmt"/>
          <line num="34" count="6" type="stmt"/>
          <line num="35" count="8" type="cond" truecount="2" falsecount="0"/>
          <line num="36" count="6" type="stmt"/>
          <line num="37" count="30" type="stmt"/>
          <line num="40" count="2" type="stmt"/>
          <line num="43" count="6" type="stmt"/>
          <line num="49" count="6" type="stmt"/>
        </file>
      </package>
      <package name="packages.bpk-component-button.src">
        <metrics statements="26" coveredstatements="24" conditionals="29" coveredconditionals="21" methods="4" coveredmethods="3"/>
        <file name="BpkButton.js" path="/Users/georgegillams/Documents/projects/backpack/packages/bpk-component-button/src/BpkButton.js">
          <metrics statements="24" coveredstatements="22" conditionals="29" coveredconditionals="21" methods="4" coveredmethods="3"/>
          <line num="28" count="1" type="cond" truecount="0" falsecount="1"/>
          <line num="29" count="24" type="cond" truecount="1" falsecount="1"/>
          <line num="31" count="1" type="stmt"/>
          <line num="33" count="1" type="stmt"/>
          <line num="49" count="12" type="stmt"/>
          <line num="51" count="12" type="stmt"/>
          <line num="53" count="12" type="cond" truecount="2" falsecount="0"/>
          <line num="54" count="12" type="cond" truecount="2" falsecount="0"/>
          <line num="55" count="12" type="cond" truecount="2" falsecount="0"/>
          <line num="56" count="12" type="cond" truecount="2" falsecount="0"/>
          <line num="57" count="12" type="cond" truecount="2" falsecount="0"/>
          <line num="58" count="12" type="cond" truecount="1" falsecount="1"/>
          <line num="59" count="12" type="cond" truecount="3" falsecount="1"/>
          <line num="60" count="12" type="cond" truecount="2" falsecount="0"/>
          <line num="62" count="12" type="stmt"/>
          <line num="64" count="12" type="cond" truecount="2" falsecount="0"/>
          <line num="65" count="1" type="stmt"/>
          <line num="74" count="11" type="cond" truecount="1" falsecount="1"/>
          <line num="75" count="0" type="cond" truecount="0" falsecount="2"/>
          <line num="76" count="0" type="stmt"/>
          <line num="80" count="11" type="cond" truecount="1" falsecount="1"/>
          <line num="82" count="11" type="stmt"/>
          <line num="89" count="1" type="stmt"/>
          <line num="108" count="1" type="stmt"/>
        </file>
        <file name="themeAttributes.js" path="/Users/georgegillams/Documents/projects/backpack/packages/bpk-component-button/src/themeAttributes.js">
          <metrics statements="2" coveredstatements="2" conditionals="0" coveredconditionals="0" methods="0" coveredmethods="0"/>
          <line num="19" count="1" type="stmt"/>
          <line num="30" count="1" type="stmt"/>
        </file>
      </package>
      <package name="packages.bpk-component-calendar">
        <metrics statements="20" coveredstatements="10" conditionals="0" coveredconditionals="0" methods="6" coveredmethods="2"/>
        <file name="test-utils.js" path="/Users/georgegillams/Documents/projects/backpack/packages/bpk-component-calendar/test-utils.js">
          <metrics statements="20" coveredstatements="10" conditionals="0" coveredconditionals="0" methods="6" coveredmethods="2"/>
          <line num="21" count="1421" type="stmt"/>
          <line num="22" count="3" type="stmt"/>
          <line num="23" count="0" type="stmt"/>
          <line num="24" count="0" type="stmt"/>
          <line num="25" count="0" type="stmt"/>
          <line num="27" count="3" type="stmt"/>
          <line num="28" count="0" type="stmt"/>
          <line num="29" count="0" type="stmt"/>
          <line num="30" count="0" type="stmt"/>
          <line num="32" count="119" type="stmt"/>
          <line num="33" count="3" type="stmt"/>
          <line num="34" count="0" type="stmt"/>
          <line num="48" count="0" type="stmt"/>
          <line num="50" count="3" type="stmt"/>
          <line num="51" count="0" type="stmt"/>
          <line num="65" count="0" type="stmt"/>
          <line num="68" count="3" type="stmt"/>
          <line num="113" count="3" type="stmt"/>
          <line num="158" count="3" type="stmt"/>
          <line num="217" count="3" type="stmt"/>
        </file>
      </package>
      <package name="packages.bpk-component-calendar.src">
        <metrics statements="301" coveredstatements="283" conditionals="205" coveredconditionals="176" methods="68" coveredmethods="63"/>
        <file name="BpkCalendarContainer.js" path="/Users/georgegillams/Documents/projects/backpack/packages/bpk-component-calendar/src/BpkCalendarContainer.js">
          <metrics statements="79" coveredstatements="70" conditionals="39" coveredconditionals="27" methods="11" coveredmethods="9"/>
          <line num="40" count="1" type="stmt"/>
          <line num="42" count="1" type="stmt"/>
          <line num="43" count="0" type="cond" truecount="0" falsecount="2"/>
          <line num="44" count="0" type="cond" truecount="0" falsecount="2"/>
          <line num="46" count="0" type="cond" truecount="0" falsecount="2"/>
          <line num="49" count="1" type="stmt"/>
          <line num="50" count="7" type="cond" truecount="2" falsecount="0"/>
          <line num="51" count="6" type="stmt"/>
          <line num="54" count="1" type="cond" truecount="1" falsecount="1"/>
          <line num="55" count="1" type="stmt"/>
          <line num="58" count="0" type="stmt"/>
          <line num="61" count="1" type="stmt"/>
          <line num="64" count="7" type="stmt"/>
          <line num="66" count="7" type="stmt"/>
          <line num="67" count="7" type="stmt"/>
          <line num="70" count="7" type="cond" truecount="2" falsecount="0"/>
          <line num="71" count="7" type="stmt"/>
          <line num="73" count="7" type="stmt"/>
          <line num="79" count="7" type="stmt"/>
          <line num="80" count="7" type="stmt"/>
          <line num="81" count="7" type="stmt"/>
          <line num="82" count="7" type="stmt"/>
          <line num="87" count="0" type="cond" truecount="0" falsecount="2"/>
          <line num="89" count="0" type="stmt"/>
          <line num="90" count="0" type="stmt"/>
          <line num="91" count="0" type="cond" truecount="0" falsecount="2"/>
          <line num="92" count="0" type="stmt"/>
          <line num="99" count="11" type="stmt"/>
          <line num="100" count="11" type="stmt"/>
          <line num="105" count="11" type="stmt"/>
          <line num="107" count="11" type="stmt"/>
          <line num="111" count="11" type="cond" truecount="4" falsecount="0"/>
          <line num="112" count="1" type="stmt"/>
          <line num="118" count="2" type="stmt"/>
          <line num="119" count="2" type="stmt"/>
          <line num="121" count="2" type="cond" truecount="2" falsecount="0"/>
          <line num="122" count="1" type="stmt"/>
          <line num="128" count="1" type="stmt"/>
          <line num="130" count="1" type="stmt"/>
          <line num="135" count="1" type="stmt"/>
          <line num="142" count="11" type="stmt"/>
          <line num="143" count="11" type="cond" truecount="1" falsecount="1"/>
          <line num="144" count="11" type="stmt"/>
          <line num="145" count="11" type="stmt"/>
          <line num="146" count="11" type="stmt"/>
          <line num="148" count="11" type="cond" truecount="9" falsecount="0"/>
          <line num="150" count="3" type="stmt"/>
          <line num="151" count="3" type="stmt"/>
          <line num="153" count="1" type="stmt"/>
          <line num="154" count="1" type="stmt"/>
          <line num="156" count="1" type="stmt"/>
          <line num="157" count="1" type="stmt"/>
          <line num="159" count="1" type="stmt"/>
          <line num="160" count="1" type="stmt"/>
          <line num="162" count="1" type="stmt"/>
          <line num="163" count="1" type="stmt"/>
          <line num="165" count="1" type="stmt"/>
          <line num="166" count="1" type="stmt"/>
          <line num="168" count="1" type="stmt"/>
          <line num="169" count="1" type="stmt"/>
          <line num="171" count="1" type="stmt"/>
          <line num="172" count="1" type="stmt"/>
          <line num="174" count="1" type="stmt"/>
          <line num="175" count="1" type="stmt"/>
          <line num="178" count="11" type="cond" truecount="2" falsecount="0"/>
          <line num="179" count="10" type="stmt"/>
          <line num="190" count="18" type="stmt"/>
          <line num="192" count="18" type="stmt"/>
          <line num="193" count="18" type="stmt"/>
          <line num="195" count="18" type="stmt"/>
          <line num="196" count="18" type="stmt"/>
          <line num="199" count="18" type="cond" truecount="2" falsecount="0"/>
          <line num="201" count="18" type="cond" truecount="2" falsecount="0"/>
          <line num="208" count="18" type="stmt"/>
          <line num="213" count="18" type="stmt"/>
          <line num="215" count="18" type="stmt"/>
          <line num="235" count="1" type="stmt"/>
          <line num="247" count="1" type="stmt"/>
          <line num="258" count="1" type="stmt"/>
        </file>
        <file name="BpkCalendarDate.js" path="/Users/georgegillams/Documents/projects/backpack/packages/bpk-component-calendar/src/BpkCalendarDate.js">
          <metrics statements="29" coveredstatements="27" conditionals="41" coveredconditionals="34" methods="8" coveredmethods="8"/>
          <line num="27" count="3" type="stmt"/>
          <line num="29" count="3" type="stmt"/>
          <line num="30" count="222" type="cond" truecount="1" falsecount="1"/>
          <line num="34" count="761" type="stmt"/>
          <line num="36" count="761" type="stmt"/>
          <line num="40" count="761" type="cond" truecount="3" falsecount="1"/>
          <line num="42" count="0" type="cond" truecount="0" falsecount="2"/>
          <line num="44" count="0" type="stmt"/>
          <line num="50" count="478" type="cond" truecount="5" falsecount="0"/>
          <line num="53" count="222" type="cond" truecount="5" falsecount="0"/>
          <line num="54" count="8" type="stmt"/>
          <line num="55" count="8" type="stmt"/>
          <line num="59" count="214" type="cond" truecount="5" falsecount="0"/>
          <line num="60" count="3" type="stmt"/>
          <line num="65" count="761" type="stmt"/>
          <line num="81" count="1239" type="stmt"/>
          <line num="82" count="1239" type="stmt"/>
          <line num="84" count="1239" type="stmt"/>
          <line num="85" count="42" type="cond" truecount="1" falsecount="1"/>
          <line num="88" count="1239" type="cond" truecount="2" falsecount="0"/>
          <line num="89" count="1239" type="cond" truecount="2" falsecount="0"/>
          <line num="90" count="1239" type="cond" truecount="2" falsecount="0"/>
          <line num="91" count="1239" type="cond" truecount="2" falsecount="0"/>
          <line num="92" count="1239" type="cond" truecount="1" falsecount="1"/>
          <line num="94" count="1239" type="stmt"/>
          <line num="96" count="1239" type="stmt"/>
          <line num="103" count="2" type="cond" truecount="1" falsecount="1"/>
          <line num="114" count="3" type="stmt"/>
          <line num="130" count="3" type="stmt"/>
        </file>
        <file name="BpkCalendarGrid.js" path="/Users/georgegillams/Documents/projects/backpack/packages/bpk-component-calendar/src/BpkCalendarGrid.js">
          <metrics statements="13" coveredstatements="12" conditionals="7" coveredconditionals="6" methods="4" coveredmethods="4"/>
          <line num="35" count="2" type="stmt"/>
          <line num="42" count="19" type="stmt"/>
          <line num="45" count="19" type="stmt"/>
          <line num="53" count="28" type="cond" truecount="4" falsecount="1"/>
          <line num="56" count="0" type="stmt"/>
          <line num="83" count="47" type="stmt"/>
          <line num="88" count="47" type="stmt"/>
          <line num="90" count="47" type="stmt"/>
          <line num="91" count="47" type="cond" truecount="2" falsecount="0"/>
          <line num="93" count="47" type="stmt"/>
          <line num="109" count="282" type="stmt"/>
          <line num="138" count="2" type="stmt"/>
          <line num="162" count="2" type="stmt"/>
        </file>
        <file name="BpkCalendarGridHeader.js" path="/Users/georgegillams/Documents/projects/backpack/packages/bpk-component-calendar/src/BpkCalendarGridHeader.js">
          <metrics statements="24" coveredstatements="24" conditionals="20" coveredconditionals="20" methods="3" coveredmethods="3"/>
          <line num="28" count="2" type="stmt"/>
          <line num="33" count="2" type="stmt"/>
          <line num="39" count="182" type="stmt"/>
          <line num="40" count="182" type="stmt"/>
          <line num="42" count="182" type="cond" truecount="2" falsecount="0"/>
          <line num="43" count="52" type="stmt"/>
          <line num="45" count="52" type="cond" truecount="2" falsecount="0"/>
          <line num="46" count="52" type="cond" truecount="2" falsecount="0"/>
          <line num="49" count="182" type="stmt"/>
          <line num="58" count="2" type="stmt"/>
          <line num="72" count="26" type="stmt"/>
          <line num="74" count="26" type="cond" truecount="2" falsecount="0"/>
          <line num="75" count="26" type="cond" truecount="2" falsecount="0"/>
          <line num="76" count="26" type="cond" truecount="2" falsecount="0"/>
          <line num="78" count="26" type="stmt"/>
          <line num="80" count="26" type="stmt"/>
          <line num="81" count="26" type="stmt"/>
          <line num="83" count="26" type="stmt"/>
          <line num="84" count="26" type="cond" truecount="2" falsecount="0"/>
          <line num="85" count="26" type="cond" truecount="2" falsecount="0"/>
          <line num="87" count="26" type="stmt"/>
          <line num="91" count="182" type="stmt"/>
          <line num="105" count="2" type="stmt"/>
          <line num="113" count="2" type="stmt"/>
        </file>
        <file name="BpkCalendarGridTransition.js" path="/Users/georgegillams/Documents/projects/backpack/packages/bpk-component-calendar/src/BpkCalendarGridTransition.js">
          <metrics statements="34" coveredstatements="34" conditionals="26" coveredconditionals="23" methods="9" coveredmethods="9"/>
          <line num="43" count="2" type="stmt"/>
          <line num="45" count="2" type="stmt"/>
          <line num="51" count="23" type="stmt"/>
          <line num="59" count="11" type="stmt"/>
          <line num="61" count="11" type="stmt"/>
          <line num="74" count="11" type="stmt"/>
          <line num="75" count="11" type="stmt"/>
          <line num="79" count="14" type="stmt"/>
          <line num="81" count="14" type="cond" truecount="2" falsecount="0"/>
          <line num="82" count="6" type="stmt"/>
          <line num="84" count="6" type="cond" truecount="2" falsecount="0"/>
          <line num="86" count="3" type="stmt"/>
          <line num="90" count="3" type="stmt"/>
          <line num="93" count="3" type="cond" truecount="2" falsecount="0"/>
          <line num="95" count="2" type="stmt"/>
          <line num="99" count="2" type="stmt"/>
          <line num="102" count="1" type="stmt"/>
          <line num="119" count="19" type="cond" truecount="4" falsecount="0"/>
          <line num="120" count="5" type="stmt"/>
          <line num="125" count="5" type="stmt"/>
          <line num="127" count="5" type="stmt"/>
          <line num="147" count="30" type="stmt"/>
          <line num="149" count="30" type="stmt"/>
          <line num="150" count="30" type="cond" truecount="2" falsecount="0"/>
          <line num="151" count="5" type="stmt"/>
          <line num="154" count="30" type="stmt"/>
          <line num="155" count="30" type="cond" truecount="1" falsecount="1"/>
          <line num="156" count="30" type="stmt"/>
          <line num="158" count="30" type="stmt"/>
          <line num="167" count="90" type="cond" truecount="2" falsecount="0"/>
          <line num="193" count="2" type="stmt"/>
          <line num="200" count="2" type="stmt"/>
          <line num="206" count="2" type="stmt"/>
          <line num="207" count="19" type="stmt"/>
        </file>
        <file name="BpkCalendarNav.js" path="/Users/georgegillams/Documents/projects/backpack/packages/bpk-component-calendar/src/BpkCalendarNav.js">
          <metrics statements="19" coveredstatements="19" conditionals="6" coveredconditionals="5" methods="5" coveredmethods="5"/>
          <line num="39" count="2" type="stmt"/>
          <line num="41" count="2" type="stmt"/>
          <line num="43" count="42" type="stmt"/>
          <line num="46" count="2" type="cond" truecount="1" falsecount="1"/>
          <line num="47" count="2" type="stmt"/>
          <line num="48" count="2" type="stmt"/>
          <line num="52" count="2" type="stmt"/>
          <line num="62" count="21" type="stmt"/>
          <line num="64" count="21" type="stmt"/>
          <line num="65" count="21" type="stmt"/>
          <line num="66" count="21" type="stmt"/>
          <line num="67" count="21" type="stmt"/>
          <line num="68" count="21" type="stmt"/>
          <line num="70" count="21" type="stmt"/>
          <line num="107" count="1" type="stmt"/>
          <line num="108" count="1" type="stmt"/>
          <line num="112" count="43" type="stmt"/>
          <line num="138" count="2" type="stmt"/>
          <line num="151" count="2" type="stmt"/>
        </file>
        <file name="Week.js" path="/Users/georgegillams/Documents/projects/backpack/packages/bpk-component-calendar/src/Week.js">
          <metrics statements="30" coveredstatements="27" conditionals="34" coveredconditionals="31" methods="5" coveredmethods="5"/>
          <line num="36" count="2" type="stmt"/>
          <line num="38" count="2" type="stmt"/>
          <line num="39" count="168" type="stmt"/>
          <line num="40" count="168" type="stmt"/>
          <line num="41" count="1806" type="cond" truecount="2" falsecount="0"/>
          <line num="43" count="102" type="stmt"/>
          <line num="51" count="168" type="stmt"/>
          <line num="67" count="168" type="cond" truecount="2" falsecount="0"/>
          <line num="68" count="102" type="cond" truecount="2" falsecount="0"/>
          <line num="72" count="23" type="stmt"/>
          <line num="74" count="79" type="cond" truecount="1" falsecount="1"/>
          <line num="78" count="0" type="stmt"/>
          <line num="80" count="79" type="cond" truecount="1" falsecount="1"/>
          <line num="81" count="0" type="stmt"/>
          <line num="83" count="79" type="cond" truecount="1" falsecount="1"/>
          <line num="84" count="0" type="stmt"/>
          <line num="87" count="79" type="stmt"/>
          <line num="108" count="203" type="stmt"/>
          <line num="110" count="203" type="stmt"/>
          <line num="111" count="203" type="stmt"/>
          <line num="113" count="203" type="stmt"/>
          <line num="117" count="1421" type="stmt"/>
          <line num="143" count="2" type="stmt"/>
          <line num="164" count="2" type="stmt"/>
          <line num="176" count="2" type="stmt"/>
          <line num="177" count="1421" type="stmt"/>
          <line num="179" count="1421" type="cond" truecount="2" falsecount="0"/>
          <line num="180" count="1421" type="cond" truecount="2" falsecount="0"/>
          <line num="182" count="1421" type="stmt"/>
          <line num="191" count="2" type="stmt"/>
        </file>
        <file name="composeCalendar.js" path="/Users/georgegillams/Documents/projects/backpack/packages/bpk-component-calendar/src/composeCalendar.js">
          <metrics statements="18" coveredstatements="15" conditionals="14" coveredconditionals="14" methods="5" coveredmethods="2"/>
          <line num="26" count="2" type="stmt"/>
          <line num="28" count="2" type="stmt"/>
          <line num="29" count="4" type="stmt"/>
          <line num="30" count="23" type="stmt"/>
          <line num="54" count="23" type="stmt"/>
          <line num="56" count="23" type="cond" truecount="2" falsecount="0"/>
          <line num="57" count="23" type="cond" truecount="2" falsecount="0"/>
          <line num="59" count="23" type="stmt"/>
          <line num="62" count="23" type="cond" truecount="2" falsecount="0"/>
          <line num="64" count="23" type="stmt"/>
          <line num="67" count="23" type="cond" truecount="4" falsecount="0"/>
          <line num="69" count="23" type="stmt"/>
          <line num="114" count="4" type="stmt"/>
          <line num="140" count="4" type="stmt"/>
          <line num="147" count="0" type="stmt"/>
          <line num="148" count="0" type="stmt"/>
          <line num="149" count="0" type="stmt"/>
          <line num="156" count="4" type="stmt"/>
        </file>
        <file name="custom-proptypes.js" path="/Users/georgegillams/Documents/projects/backpack/packages/bpk-component-calendar/src/custom-proptypes.js">
          <metrics statements="4" coveredstatements="4" conditionals="0" coveredconditionals="0" methods="0" coveredmethods="0"/>
          <line num="21" count="4" type="stmt"/>
          <line num="28" count="4" type="stmt"/>
          <line num="29" count="4" type="stmt"/>
          <line num="30" count="4" type="stmt"/>
        </file>
        <file name="date-utils.js" path="/Users/georgegillams/Documents/projects/backpack/packages/bpk-component-calendar/src/date-utils.js">
          <metrics statements="38" coveredstatements="38" conditionals="12" coveredconditionals="12" methods="13" coveredmethods="13"/>
          <line num="48" count="19" type="stmt"/>
          <line num="49" count="19" type="stmt"/>
          <line num="51" count="19" type="stmt"/>
          <line num="52" count="19" type="stmt"/>
          <line num="54" count="19" type="stmt"/>
          <line num="55" count="114" type="stmt"/>
          <line num="56" count="114" type="stmt"/>
          <line num="57" count="114" type="stmt"/>
          <line num="60" count="19" type="stmt"/>
          <line num="64" count="1603" type="stmt"/>
          <line num="66" count="229" type="cond" truecount="4" falsecount="0"/>
          <line num="67" count="14" type="stmt"/>
          <line num="69" count="215" type="stmt"/>
          <line num="73" count="1603" type="stmt"/>
          <line num="75" count="229" type="cond" truecount="4" falsecount="0"/>
          <line num="76" count="14" type="stmt"/>
          <line num="78" count="215" type="stmt"/>
          <line num="81" count="4" type="stmt"/>
          <line num="83" count="361" type="stmt"/>
          <line num="85" count="45" type="stmt"/>
          <line num="93" count="72" type="stmt"/>
          <line num="100" count="21" type="stmt"/>
          <line num="101" count="21" type="stmt"/>
          <line num="102" count="21" type="stmt"/>
          <line num="104" count="21" type="stmt"/>
          <line num="105" count="43" type="stmt"/>
          <line num="106" count="43" type="stmt"/>
          <line num="109" count="21" type="stmt"/>
          <line num="112" count="4" type="stmt"/>
          <line num="113" count="77" type="cond" truecount="2" falsecount="0"/>
          <line num="114" count="68" type="stmt"/>
          <line num="115" count="9" type="cond" truecount="2" falsecount="0"/>
          <line num="116" count="6" type="stmt"/>
          <line num="118" count="3" type="stmt"/>
          <line num="121" count="24" type="stmt"/>
          <line num="126" count="4" type="stmt"/>
          <line num="127" count="282" type="stmt"/>
          <line num="128" count="154" type="stmt"/>
        </file>
        <file name="themeAttributes.js" path="/Users/georgegillams/Documents/projects/backpack/packages/bpk-component-calendar/src/themeAttributes.js">
          <metrics statements="0" coveredstatements="0" conditionals="0" coveredconditionals="0" methods="0" coveredmethods="0"/>
        </file>
        <file name="utils.js" path="/Users/georgegillams/Documents/projects/backpack/packages/bpk-component-calendar/src/utils.js">
          <metrics statements="13" coveredstatements="13" conditionals="6" coveredconditionals="4" methods="5" coveredmethods="5"/>
          <line num="21" count="2" type="stmt"/>
          <line num="22" count="8" type="stmt"/>
          <line num="24" count="8" type="cond" truecount="1" falsecount="1"/>
          <line num="25" count="8" type="stmt"/>
          <line num="28" count="8" type="cond" truecount="1" falsecount="1"/>
          <line num="31" count="4" type="stmt"/>
          <line num="35" count="2" type="stmt"/>
          <line num="36" count="30" type="stmt"/>
          <line num="37" count="30" type="stmt"/>
          <line num="45" count="2" type="stmt"/>
          <line num="46" count="17" type="stmt"/>
          <line num="47" count="17" type="stmt"/>
          <line num="51" count="11" type="cond" truecount="2" falsecount="0"/>
        </file>
      </package>
      <package name="packages.bpk-component-card.src">
        <metrics statements="12" coveredstatements="12" conditionals="6" coveredconditionals="6" methods="1" coveredmethods="1"/>
        <file name="BpkCard.js" path="/Users/georgegillams/Documents/projects/backpack/packages/bpk-component-card/src/BpkCard.js">
          <metrics statements="12" coveredstatements="12" conditionals="6" coveredconditionals="6" methods="1" coveredmethods="1"/>
          <line num="25" count="1" type="stmt"/>
          <line num="27" count="1" type="stmt"/>
          <line num="28" count="4" type="stmt"/>
          <line num="31" count="4" type="stmt"/>
          <line num="33" count="4" type="cond" truecount="2" falsecount="0"/>
          <line num="34" count="4" type="cond" truecount="2" falsecount="0"/>
          <line num="36" count="4" type="stmt"/>
          <line num="38" count="4" type="cond" truecount="2" falsecount="0"/>
          <line num="39" count="1" type="stmt"/>
          <line num="42" count="3" type="stmt"/>
          <line num="45" count="1" type="stmt"/>
          <line num="52" count="1" type="stmt"/>
        </file>
      </package>
      <package name="packages.bpk-component-checkbox.src">
        <metrics statements="12" coveredstatements="12" conditionals="10" coveredconditionals="9" methods="1" coveredmethods="1"/>
        <file name="BpkCheckbox.js" path="/Users/georgegillams/Documents/projects/backpack/packages/bpk-component-checkbox/src/BpkCheckbox.js">
          <metrics statements="12" coveredstatements="12" conditionals="10" coveredconditionals="9" methods="1" coveredmethods="1"/>
          <line num="25" count="1" type="stmt"/>
          <line num="27" count="1" type="stmt"/>
          <line num="28" count="8" type="stmt"/>
          <line num="29" count="8" type="stmt"/>
          <line num="32" count="8" type="stmt"/>
          <line num="34" count="8" type="cond" truecount="2" falsecount="0"/>
          <line num="35" count="8" type="cond" truecount="2" falsecount="0"/>
          <line num="36" count="8" type="cond" truecount="2" falsecount="0"/>
          <line num="37" count="8" type="cond" truecount="1" falsecount="1"/>
          <line num="43" count="8" type="stmt"/>
          <line num="63" count="1" type="stmt"/>
          <line num="73" count="1" type="stmt"/>
        </file>
      </package>
      <package name="packages.bpk-component-chip.src">
        <metrics statements="12" coveredstatements="12" conditionals="4" coveredconditionals="4" methods="3" coveredmethods="3"/>
        <file name="BpkChip.js" path="/Users/georgegillams/Documents/projects/backpack/packages/bpk-component-chip/src/BpkChip.js">
          <metrics statements="12" coveredstatements="12" conditionals="4" coveredconditionals="4" methods="3" coveredmethods="3"/>
          <line num="26" count="1" type="stmt"/>
          <line num="28" count="1" type="stmt"/>
          <line num="29" count="4" type="stmt"/>
          <line num="32" count="4" type="stmt"/>
          <line num="34" count="4" type="cond" truecount="2" falsecount="0"/>
          <line num="36" count="4" type="stmt"/>
          <line num="38" count="4" type="cond" truecount="2" falsecount="0"/>
          <line num="39" count="1" type="stmt"/>
          <line num="42" count="4" type="stmt"/>
          <line num="58" count="1" type="stmt"/>
          <line num="68" count="1" type="stmt"/>
          <line num="70" count="2" type="stmt"/>
        </file>
      </package>
      <package name="packages.bpk-component-close-button.src">
        <metrics statements="9" coveredstatements="9" conditionals="2" coveredconditionals="1" methods="1" coveredmethods="1"/>
        <file name="BpkCloseButton.js" path="/Users/georgegillams/Documents/projects/backpack/packages/bpk-component-close-button/src/BpkCloseButton.js">
          <metrics statements="9" coveredstatements="9" conditionals="2" coveredconditionals="1" methods="1" coveredmethods="1"/>
          <line num="27" count="1" type="stmt"/>
          <line num="29" count="1" type="stmt"/>
          <line num="31" count="1" type="stmt"/>
          <line num="32" count="1" type="stmt"/>
          <line num="35" count="1" type="stmt"/>
          <line num="37" count="1" type="cond" truecount="1" falsecount="1"/>
          <line num="39" count="1" type="stmt"/>
          <line num="53" count="1" type="stmt"/>
          <line num="59" count="1" type="stmt"/>
        </file>
        <file name="themeAttributes.js" path="/Users/georgegillams/Documents/projects/backpack/packages/bpk-component-close-button/src/themeAttributes.js">
          <metrics statements="0" coveredstatements="0" conditionals="0" coveredconditionals="0" methods="0" coveredmethods="0"/>
        </file>
      </package>
      <package name="packages.bpk-component-code.src">
        <metrics statements="8" coveredstatements="8" conditionals="0" coveredconditionals="0" methods="3" coveredmethods="3"/>
        <file name="BpkCode.js" path="/Users/georgegillams/Documents/projects/backpack/packages/bpk-component-code/src/BpkCode.js">
          <metrics statements="3" coveredstatements="3" conditionals="0" coveredconditionals="0" methods="1" coveredmethods="1"/>
          <line num="25" count="1" type="stmt"/>
          <line num="27" count="1" type="stmt"/>
          <line num="29" count="1" type="stmt"/>
        </file>
        <file name="BpkCodeBlock.js" path="/Users/georgegillams/Documents/projects/backpack/packages/bpk-component-code/src/BpkCodeBlock.js">
          <metrics statements="5" coveredstatements="5" conditionals="0" coveredconditionals="0" methods="2" coveredmethods="2"/>
          <line num="25" count="1" type="stmt"/>
          <line num="27" count="1" type="stmt"/>
          <line num="28" count="2" type="stmt"/>
          <line num="30" count="1" type="stmt"/>
          <line num="37" count="1" type="stmt"/>
        </file>
      </package>
      <package name="packages.bpk-component-content-container.src">
        <metrics statements="8" coveredstatements="8" conditionals="2" coveredconditionals="2" methods="1" coveredmethods="1"/>
        <file name="BpkContentContainer.js" path="/Users/georgegillams/Documents/projects/backpack/packages/bpk-component-content-container/src/BpkContentContainer.js">
          <metrics statements="8" coveredstatements="8" conditionals="2" coveredconditionals="2" methods="1" coveredmethods="1"/>
          <line num="25" count="1" type="stmt"/>
          <line num="27" count="1" type="stmt"/>
          <line num="28" count="2" type="stmt"/>
          <line num="29" count="2" type="stmt"/>
          <line num="31" count="2" type="cond" truecount="2" falsecount="0"/>
          <line num="34" count="2" type="stmt"/>
          <line num="45" count="1" type="stmt"/>
          <line num="54" count="1" type="stmt"/>
        </file>
      </package>
      <package name="packages.bpk-component-datepicker.src">
        <metrics statements="22" coveredstatements="20" conditionals="8" coveredconditionals="4" methods="7" coveredmethods="6"/>
        <file name="BpkDatepicker.js" path="/Users/georgegillams/Documents/projects/backpack/packages/bpk-component-datepicker/src/BpkDatepicker.js">
          <metrics statements="22" coveredstatements="20" conditionals="8" coveredconditionals="4" methods="7" coveredmethods="6"/>
          <line num="30" count="1" type="stmt"/>
          <line num="32" count="1" type="stmt"/>
          <line num="36" count="5" type="stmt"/>
          <line num="38" count="5" type="stmt"/>
          <line num="42" count="5" type="stmt"/>
          <line num="43" count="5" type="stmt"/>
          <line num="44" count="5" type="stmt"/>
          <line num="48" count="4" type="stmt"/>
          <line num="54" count="1" type="stmt"/>
          <line num="60" count="1" type="stmt"/>
          <line num="63" count="1" type="cond" truecount="1" falsecount="1"/>
          <line num="64" count="0" type="stmt"/>
          <line num="91" count="11" type="stmt"/>
          <line num="93" count="11" type="cond" truecount="1" falsecount="1"/>
          <line num="96" count="11" type="stmt"/>
          <line num="99" count="11" type="stmt"/>
          <line num="107" count="0" type="stmt"/>
          <line num="115" count="11" type="stmt"/>
          <line num="136" count="11" type="stmt"/>
          <line num="139" count="11" type="cond" truecount="1" falsecount="1"/>
          <line num="173" count="1" type="stmt"/>
          <line num="199" count="1" type="stmt"/>
        </file>
      </package>
      <package name="packages.bpk-component-definition-list.src">
        <metrics statements="9" coveredstatements="9" conditionals="2" coveredconditionals="2" methods="2" coveredmethods="2"/>
        <file name="BpkDefinitionDescription.js" path="/Users/georgegillams/Documents/projects/backpack/packages/bpk-component-definition-list/src/BpkDefinitionDescription.js">
          <metrics statements="0" coveredstatements="0" conditionals="0" coveredconditionals="0" methods="0" coveredmethods="0"/>
        </file>
        <file name="BpkDefinitionList.js" path="/Users/georgegillams/Documents/projects/backpack/packages/bpk-component-definition-list/src/BpkDefinitionList.js">
          <metrics statements="0" coveredstatements="0" conditionals="0" coveredconditionals="0" methods="0" coveredmethods="0"/>
        </file>
        <file name="BpkDefinitionTerm.js" path="/Users/georgegillams/Documents/projects/backpack/packages/bpk-component-definition-list/src/BpkDefinitionTerm.js">
          <metrics statements="0" coveredstatements="0" conditionals="0" coveredconditionals="0" methods="0" coveredmethods="0"/>
        </file>
        <file name="ComponentFactory.js" path="/Users/georgegillams/Documents/projects/backpack/packages/bpk-component-definition-list/src/ComponentFactory.js">
          <metrics statements="9" coveredstatements="9" conditionals="2" coveredconditionals="2" methods="2" coveredmethods="2"/>
          <line num="25" count="3" type="stmt"/>
          <line num="27" count="3" type="stmt"/>
          <line num="28" count="3" type="stmt"/>
          <line num="29" count="9" type="stmt"/>
          <line num="31" count="9" type="cond" truecount="2" falsecount="0"/>
          <line num="33" count="9" type="stmt"/>
          <line num="36" count="3" type="stmt"/>
          <line num="41" count="3" type="stmt"/>
          <line num="45" count="3" type="stmt"/>
        </file>
      </package>
      <package name="packages.bpk-component-drawer.src">
        <metrics statements="16" coveredstatements="16" conditionals="8" coveredconditionals="7" methods="2" coveredmethods="2"/>
        <file name="BpkDrawerContent.js" path="/Users/georgegillams/Documents/projects/backpack/packages/bpk-component-drawer/src/BpkDrawerContent.js">
          <metrics statements="16" coveredstatements="16" conditionals="8" coveredconditionals="7" methods="2" coveredmethods="2"/>
          <line num="29" count="1" type="stmt"/>
          <line num="31" count="1" type="stmt"/>
          <line num="32" count="4" type="stmt"/>
          <line num="33" count="4" type="stmt"/>
          <line num="34" count="4" type="stmt"/>
          <line num="36" count="4" type="cond" truecount="2" falsecount="0"/>
          <line num="37" count="1" type="stmt"/>
          <line num="40" count="4" type="cond" truecount="2" falsecount="0"/>
          <line num="41" count="1" type="stmt"/>
          <line num="44" count="4" type="cond" truecount="2" falsecount="0"/>
          <line num="45" count="1" type="stmt"/>
          <line num="48" count="4" type="stmt"/>
          <line num="50" count="4" type="stmt"/>
          <line num="63" count="4" type="stmt"/>
          <line num="96" count="1" type="stmt"/>
          <line num="119" count="1" type="stmt"/>
        </file>
      </package>
      <package name="packages.bpk-component-fieldset.src">
        <metrics statements="24" coveredstatements="23" conditionals="20" coveredconditionals="18" methods="2" coveredmethods="2"/>
        <file name="BpkFieldset.js" path="/Users/georgegillams/Documents/projects/backpack/packages/bpk-component-fieldset/src/BpkFieldset.js">
          <metrics statements="24" coveredstatements="23" conditionals="20" coveredconditionals="18" methods="2" coveredmethods="2"/>
          <line num="27" count="1" type="stmt"/>
          <line num="29" count="1" type="stmt"/>
          <line num="41" count="9" type="stmt"/>
          <line num="43" count="9" type="cond" truecount="1" falsecount="1"/>
          <line num="44" count="0" type="stmt"/>
          <line num="47" count="9" type="stmt"/>
          <line num="48" count="9" type="stmt"/>
          <line num="52" count="9" type="cond" truecount="2" falsecount="0"/>
          <line num="56" count="9" type="stmt"/>
          <line num="58" count="9" type="cond" truecount="2" falsecount="0"/>
          <line num="59" count="2" type="stmt"/>
          <line num="61" count="7" type="stmt"/>
          <line num="64" count="9" type="cond" truecount="4" falsecount="0"/>
          <line num="65" count="1" type="stmt"/>
          <line num="68" count="9" type="stmt"/>
          <line num="70" count="9" type="cond" truecount="1" falsecount="1"/>
          <line num="72" count="9" type="stmt"/>
          <line num="98" count="1" type="stmt"/>
          <line num="99" count="11" type="stmt"/>
          <line num="100" count="11" type="cond" truecount="4" falsecount="0"/>
          <line num="101" count="1" type="stmt"/>
          <line num="103" count="10" type="stmt"/>
          <line num="106" count="1" type="stmt"/>
          <line num="118" count="1" type="stmt"/>
        </file>
      </package>
      <package name="packages.bpk-component-form-validation.src">
        <metrics statements="10" coveredstatements="10" conditionals="8" coveredconditionals="6" methods="1" coveredmethods="1"/>
        <file name="BpkFormValidation.js" path="/Users/georgegillams/Documents/projects/backpack/packages/bpk-component-form-validation/src/BpkFormValidation.js">
          <metrics statements="10" coveredstatements="10" conditionals="8" coveredconditionals="6" methods="1" coveredmethods="1"/>
          <line num="26" count="1" type="stmt"/>
          <line num="28" count="1" type="stmt"/>
          <line num="29" count="2" type="stmt"/>
          <line num="32" count="2" type="stmt"/>
          <line num="34" count="2" type="cond" truecount="2" falsecount="0"/>
          <line num="35" count="2" type="cond" truecount="1" falsecount="1"/>
          <line num="36" count="2" type="cond" truecount="1" falsecount="1"/>
          <line num="38" count="2" type="stmt"/>
          <line num="52" count="1" type="stmt"/>
          <line num="61" count="1" type="stmt"/>
        </file>
      </package>
      <package name="packages.bpk-component-grid-toggle.src">
        <metrics statements="19" coveredstatements="15" conditionals="7" coveredconditionals="2" methods="7" coveredmethods="5"/>
        <file name="BpkGridToggle.js" path="/Users/georgegillams/Documents/projects/backpack/packages/bpk-component-grid-toggle/src/BpkGridToggle.js">
          <metrics statements="19" coveredstatements="15" conditionals="7" coveredconditionals="2" methods="7" coveredmethods="5"/>
          <line num="27" count="1" type="stmt"/>
          <line num="29" count="1" type="stmt"/>
          <line num="33" count="2" type="stmt"/>
          <line num="35" count="2" type="stmt"/>
          <line num="36" count="2" type="stmt"/>
          <line num="38" count="2" type="stmt"/>
          <line num="44" count="2" type="stmt"/>
          <line num="48" count="0" type="stmt"/>
          <line num="50" count="0" type="stmt"/>
          <line num="54" count="0" type="cond" truecount="0" falsecount="5"/>
          <line num="55" count="0" type="stmt"/>
          <line num="60" count="1" type="stmt"/>
          <line num="62" count="1" type="stmt"/>
          <line num="65" count="1" type="stmt"/>
          <line num="71" count="3" type="stmt"/>
          <line num="72" count="3" type="cond" truecount="2" falsecount="0"/>
          <line num="74" count="3" type="stmt"/>
          <line num="85" count="1" type="stmt"/>
          <line num="89" count="1" type="stmt"/>
        </file>
      </package>
      <package name="packages.bpk-component-grid.src">
        <metrics statements="35" coveredstatements="35" conditionals="30" coveredconditionals="28" methods="4" coveredmethods="4"/>
        <file name="BpkGridColumn.js" path="/Users/georgegillams/Documents/projects/backpack/packages/bpk-component-grid/src/BpkGridColumn.js">
          <metrics statements="16" coveredstatements="16" conditionals="20" coveredconditionals="19" methods="2" coveredmethods="2"/>
          <line num="25" count="1" type="stmt"/>
          <line num="30" count="75" type="cond" truecount="2" falsecount="0"/>
          <line num="32" count="1" type="stmt"/>
          <line num="45" count="15" type="stmt"/>
          <line num="47" count="15" type="stmt"/>
          <line num="49" count="15" type="cond" truecount="2" falsecount="0"/>
          <line num="50" count="15" type="cond" truecount="2" falsecount="0"/>
          <line num="51" count="15" type="cond" truecount="2" falsecount="0"/>
          <line num="52" count="15" type="cond" truecount="2" falsecount="0"/>
          <line num="53" count="15" type="cond" truecount="2" falsecount="0"/>
          <line num="54" count="15" type="cond" truecount="1" falsecount="1"/>
          <line num="55" count="15" type="cond" truecount="2" falsecount="0"/>
          <line num="56" count="15" type="cond" truecount="2" falsecount="0"/>
          <line num="58" count="15" type="stmt"/>
          <line num="65" count="1" type="stmt"/>
          <line num="78" count="1" type="stmt"/>
        </file>
        <file name="BpkGridContainer.js" path="/Users/georgegillams/Documents/projects/backpack/packages/bpk-component-grid/src/BpkGridContainer.js">
          <metrics statements="10" coveredstatements="10" conditionals="6" coveredconditionals="6" methods="1" coveredmethods="1"/>
          <line num="25" count="1" type="stmt"/>
          <line num="27" count="1" type="stmt"/>
          <line num="30" count="5" type="stmt"/>
          <line num="31" count="5" type="stmt"/>
          <line num="33" count="5" type="cond" truecount="2" falsecount="0"/>
          <line num="34" count="5" type="cond" truecount="2" falsecount="0"/>
          <line num="35" count="5" type="cond" truecount="2" falsecount="0"/>
          <line num="37" count="5" type="stmt"/>
          <line num="40" count="1" type="stmt"/>
          <line num="47" count="1" type="stmt"/>
        </file>
        <file name="BpkGridRow.js" path="/Users/georgegillams/Documents/projects/backpack/packages/bpk-component-grid/src/BpkGridRow.js">
          <metrics statements="9" coveredstatements="9" conditionals="4" coveredconditionals="3" methods="1" coveredmethods="1"/>
          <line num="25" count="1" type="stmt"/>
          <line num="27" count="1" type="stmt"/>
          <line num="28" count="4" type="stmt"/>
          <line num="31" count="4" type="stmt"/>
          <line num="33" count="4" type="cond" truecount="1" falsecount="1"/>
          <line num="34" count="4" type="cond" truecount="2" falsecount="0"/>
          <line num="36" count="4" type="stmt"/>
          <line num="39" count="1" type="stmt"/>
          <line num="45" count="1" type="stmt"/>
        </file>
      </package>
      <package name="packages.bpk-component-heading.src">
        <metrics statements="8" coveredstatements="8" conditionals="4" coveredconditionals="2" methods="1" coveredmethods="1"/>
        <file name="BpkHeading.js" path="/Users/georgegillams/Documents/projects/backpack/packages/bpk-component-heading/src/BpkHeading.js">
          <metrics statements="8" coveredstatements="8" conditionals="4" coveredconditionals="2" methods="1" coveredmethods="1"/>
          <line num="25" count="1" type="stmt"/>
          <line num="27" count="1" type="stmt"/>
          <line num="28" count="7" type="stmt"/>
          <line num="30" count="7" type="cond" truecount="1" falsecount="1"/>
          <line num="31" count="7" type="cond" truecount="1" falsecount="1"/>
          <line num="33" count="7" type="stmt"/>
          <line num="40" count="1" type="stmt"/>
          <line num="48" count="1" type="stmt"/>
        </file>
      </package>
      <package name="packages.bpk-component-horizontal-nav.src">
        <metrics statements="21" coveredstatements="21" conditionals="12" coveredconditionals="12" methods="2" coveredmethods="2"/>
        <file name="BpkHorizontalNav.js" path="/Users/georgegillams/Documents/projects/backpack/packages/bpk-component-horizontal-nav/src/BpkHorizontalNav.js">
          <metrics statements="8" coveredstatements="8" conditionals="2" coveredconditionals="2" methods="1" coveredmethods="1"/>
          <line num="26" count="1" type="stmt"/>
          <line num="28" count="1" type="stmt"/>
          <line num="29" count="3" type="stmt"/>
          <line num="30" count="3" type="stmt"/>
          <line num="33" count="3" type="cond" truecount="2" falsecount="0"/>
          <line num="35" count="3" type="stmt"/>
          <line num="46" count="1" type="stmt"/>
          <line num="51" count="1" type="stmt"/>
        </file>
        <file name="BpkHorizontalNavItem.js" path="/Users/georgegillams/Documents/projects/backpack/packages/bpk-component-horizontal-nav/src/BpkHorizontalNavItem.js">
          <metrics statements="13" coveredstatements="13" conditionals="10" coveredconditionals="10" methods="1" coveredmethods="1"/>
          <line num="25" count="1" type="stmt"/>
          <line num="27" count="1" type="stmt"/>
          <line num="28" count="6" type="stmt"/>
          <line num="29" count="6" type="stmt"/>
          <line num="32" count="6" type="stmt"/>
          <line num="35" count="6" type="cond" truecount="2" falsecount="0"/>
          <line num="38" count="6" type="cond" truecount="2" falsecount="0"/>
          <line num="39" count="6" type="cond" truecount="2" falsecount="0"/>
          <line num="41" count="6" type="cond" truecount="2" falsecount="0"/>
          <line num="45" count="6" type="stmt"/>
          <line num="56" count="1" type="stmt"/>
          <line num="64" count="1" type="stmt"/>
          <line num="71" count="1" type="stmt"/>
        </file>
      </package>
      <package name="packages.bpk-component-icon.src">
        <metrics statements="19" coveredstatements="19" conditionals="5" coveredconditionals="5" methods="5" coveredmethods="5"/>
        <file name="classNameModifierHOCFactory.js" path="/Users/georgegillams/Documents/projects/backpack/packages/bpk-component-icon/src/classNameModifierHOCFactory.js">
          <metrics statements="11" coveredstatements="11" conditionals="5" coveredconditionals="5" methods="3" coveredmethods="3"/>
          <line num="24" count="5" type="cond" truecount="1" falsecount="0"/>
          <line num="25" count="5" type="stmt"/>
          <line num="26" count="5" type="stmt"/>
          <line num="27" count="5" type="stmt"/>
          <line num="29" count="5" type="cond" truecount="2" falsecount="0"/>
          <line num="30" count="5" type="cond" truecount="2" falsecount="0"/>
          <line num="32" count="5" type="stmt"/>
          <line num="35" count="5" type="stmt"/>
          <line num="39" count="5" type="stmt"/>
          <line num="43" count="5" type="stmt"/>
          <line num="45" count="5" type="stmt"/>
        </file>
        <file name="withAlignment.js" path="/Users/georgegillams/Documents/projects/backpack/packages/bpk-component-icon/src/withAlignment.js">
          <metrics statements="8" coveredstatements="8" conditionals="0" coveredconditionals="0" methods="2" coveredmethods="2"/>
          <line num="23" count="12" type="stmt"/>
          <line num="24" count="11" type="stmt"/>
          <line num="25" count="11" type="stmt"/>
          <line num="26" count="11" type="stmt"/>
          <line num="27" count="11" type="stmt"/>
          <line num="29" count="11" type="stmt"/>
          <line num="43" count="12" type="stmt"/>
          <line num="45" count="12" type="stmt"/>
        </file>
      </package>
      <package name="packages.bpk-component-image.src">
        <metrics statements="95" coveredstatements="81" conditionals="48" coveredconditionals="28" methods="23" coveredmethods="18"/>
        <file name="BpkBackgroundImage.js" path="/Users/georgegillams/Documents/projects/backpack/packages/bpk-component-image/src/BpkBackgroundImage.js">
          <metrics statements="30" coveredstatements="23" conditionals="24" coveredconditionals="13" methods="6" coveredmethods="4"/>
          <line num="26" count="1" type="stmt"/>
          <line num="30" count="3" type="stmt"/>
          <line num="32" count="3" type="stmt"/>
          <line num="33" count="3" type="stmt"/>
          <line num="35" count="3" type="stmt"/>
          <line num="39" count="3" type="cond" truecount="2" falsecount="0"/>
          <line num="40" count="2" type="stmt"/>
          <line num="45" count="0" type="cond" truecount="0" falsecount="4"/>
          <line num="46" count="0" type="stmt"/>
          <line num="51" count="0" type="cond" truecount="0" falsecount="2"/>
          <line num="52" count="0" type="stmt"/>
          <line num="54" count="0" type="stmt"/>
          <line num="58" count="2" type="stmt"/>
          <line num="59" count="2" type="stmt"/>
          <line num="60" count="2" type="stmt"/>
          <line num="66" count="3" type="stmt"/>
          <line num="68" count="3" type="stmt"/>
          <line num="69" count="3" type="stmt"/>
          <line num="70" count="3" type="stmt"/>
          <line num="72" count="3" type="cond" truecount="2" falsecount="0"/>
          <line num="73" count="2" type="stmt"/>
          <line num="74" count="2" type="stmt"/>
          <line num="77" count="3" type="cond" truecount="1" falsecount="1"/>
[...]
          <line num="73" count="0" type="stmt"/>
          <line num="74" count="0" type="cond" truecount="0" falsecount="2"/>
          <line num="75" count="0" type="cond" truecount="0" falsecount="2"/>
          <line num="77" count="0" type="stmt"/>
          <line num="80" count="1" type="stmt"/>
          <line num="81" count="0" type="stmt"/>
          <line num="82" count="0" type="stmt"/>
          <line num="83" count="0" type="stmt"/>
          <line num="84" count="0" type="stmt"/>
          <line num="87" count="0" type="stmt"/>
        </file>
      </package>
      <package name="packages.bpk-docs.src.layouts.SideNavLayout">
        <metrics statements="14" coveredstatements="12" conditionals="10" coveredconditionals="7" methods="2" coveredmethods="2"/>
        <file name="links-sorter.js" path="/Users/georgegillams/Documents/projects/backpack/packages/bpk-docs/src/layouts/SideNavLayout/links-sorter.js">
          <metrics statements="14" coveredstatements="12" conditionals="10" coveredconditionals="7" methods="2" coveredmethods="2"/>
          <line num="19" count="2" type="stmt"/>
          <line num="20" count="18" type="stmt"/>
          <line num="21" count="18" type="stmt"/>
          <line num="23" count="18" type="cond" truecount="2" falsecount="0"/>
          <line num="24" count="9" type="stmt"/>
          <line num="25" count="9" type="stmt"/>
          <line num="27" count="9" type="cond" truecount="2" falsecount="0"/>
          <line num="28" count="4" type="stmt"/>
          <line num="31" count="5" type="cond" truecount="1" falsecount="1"/>
          <line num="32" count="5" type="stmt"/>
          <line num="35" count="0" type="stmt"/>
          <line num="38" count="9" type="cond" truecount="2" falsecount="2"/>
          <line num="39" count="0" type="stmt"/>
          <line num="42" count="9" type="stmt"/>
        </file>
      </package>
      <package name="packages.bpk-react-utils.src">
        <metrics statements="114" coveredstatements="107" conditionals="69" coveredconditionals="58" methods="25" coveredmethods="24"/>
        <file name="Portal.js" path="/Users/georgegillams/Documents/projects/backpack/packages/bpk-react-utils/src/Portal.js">
          <metrics statements="97" coveredstatements="90" conditionals="62" coveredconditionals="51" methods="20" coveredmethods="19"/>
          <line num="24" count="1" type="stmt"/>
          <line num="30" count="18" type="stmt"/>
          <line num="32" count="18" type="stmt"/>
          <line num="36" count="18" type="stmt"/>
          <line num="38" count="18" type="stmt"/>
          <line num="39" count="18" type="stmt"/>
          <line num="40" count="18" type="stmt"/>
          <line num="41" count="18" type="stmt"/>
          <line num="42" count="18" type="stmt"/>
          <line num="43" count="18" type="stmt"/>
          <line num="44" count="18" type="stmt"/>
          <line num="48" count="18" type="cond" truecount="2" falsecount="0"/>
          <line num="49" count="13" type="stmt"/>
          <line num="52" count="18" type="cond" truecount="1" falsecount="1"/>
          <line num="53" count="0" type="stmt"/>
          <line num="58" count="9" type="cond" truecount="2" falsecount="0"/>
          <line num="59" count="5" type="cond" truecount="2" falsecount="0"/>
          <line num="60" count="3" type="stmt"/>
          <line num="61" count="3" type="stmt"/>
          <line num="63" count="4" type="cond" truecount="1" falsecount="1"/>
          <line num="64" count="4" type="cond" truecount="2" falsecount="0"/>
          <line num="65" count="1" type="stmt"/>
          <line num="67" count="3" type="stmt"/>
          <line num="69" count="4" type="stmt"/>
          <line num="72" count="2" type="stmt"/>
          <line num="76" count="1" type="stmt"/>
          <line num="80" count="5" type="stmt"/>
          <line num="81" count="5" type="cond" truecount="5" falsecount="0"/>
          <line num="84" count="3" type="stmt"/>
          <line num="85" count="3" type="stmt"/>
          <line num="88" count="2" type="stmt"/>
          <line num="92" count="5" type="stmt"/>
          <line num="94" count="5" type="cond" truecount="5" falsecount="0"/>
          <line num="97" count="3" type="stmt"/>
          <line num="98" count="3" type="stmt"/>
          <line num="101" count="2" type="cond" truecount="1" falsecount="1"/>
          <line num="102" count="2" type="stmt"/>
          <line num="107" count="40" type="cond" truecount="3" falsecount="1"/>
          <line num="108" count="40" type="stmt"/>
          <line num="113" count="0" type="stmt"/>
          <line num="117" count="10" type="cond" truecount="2" falsecount="0"/>
          <line num="119" count="10" type="stmt"/>
          <line num="120" count="10" type="cond" truecount="3" falsecount="0"/>
          <line num="123" count="10" type="cond" truecount="3" falsecount="0"/>
          <line num="126" count="10" type="stmt"/>
          <line num="134" count="49" type="cond" truecount="1" falsecount="1"/>
          <line num="135" count="0" type="stmt"/>
          <line num="142" count="49" type="cond" truecount="2" falsecount="0"/>
          <line num="146" count="17" type="cond" truecount="2" falsecount="0"/>
          <line num="147" count="1" type="stmt"/>
          <line num="149" count="16" type="stmt"/>
          <line num="153" count="14" type="cond" truecount="1" falsecount="1"/>
          <line num="154" count="0" type="stmt"/>
          <line num="157" count="14" type="cond" truecount="1" falsecount="1"/>
          <line num="159" count="14" type="stmt"/>
          <line num="160" count="14" type="stmt"/>
          <line num="161" count="14" type="stmt"/>
          <line num="162" count="14" type="stmt"/>
          <line num="163" count="14" type="stmt"/>
          <line num="164" count="14" type="stmt"/>
          <line num="165" count="14" type="stmt"/>
          <line num="166" count="14" type="stmt"/>
          <line num="168" count="14" type="cond" truecount="2" falsecount="0"/>
          <line num="169" count="1" type="stmt"/>
          <line num="171" count="14" type="cond" truecount="2" falsecount="0"/>
          <line num="172" count="1" type="stmt"/>
          <line num="175" count="14" type="stmt"/>
          <line num="176" count="14" type="stmt"/>
          <line num="180" count="3" type="cond" truecount="1" falsecount="1"/>
          <line num="181" count="0" type="stmt"/>
          <line num="184" count="3" type="stmt"/>
          <line num="185" count="3" type="stmt"/>
          <line num="186" count="3" type="stmt"/>
          <line num="187" count="3" type="stmt"/>
          <line num="188" count="3" type="stmt"/>
          <line num="189" count="3" type="stmt"/>
          <line num="190" count="3" type="stmt"/>
          <line num="191" count="3" type="stmt"/>
          <line num="192" count="3" type="stmt"/>
          <line num="198" count="14" type="stmt"/>
          <line num="199" count="14" type="stmt"/>
          <line num="200" count="14" type="stmt"/>
          <line num="202" count="0" type="stmt"/>
          <line num="205" count="14" type="stmt"/>
          <line num="207" count="0" type="stmt"/>
          <line num="209" count="14" type="stmt"/>
          <line num="215" count="16" type="cond" truecount="2" falsecount="0"/>
          <line num="217" count="16" type="cond" truecount="3" falsecount="1"/>
          <line num="218" count="16" type="stmt"/>
          <line num="219" count="16" type="cond" truecount="1" falsecount="1"/>
          <line num="220" count="16" type="stmt"/>
          <line num="227" count="27" type="cond" truecount="1" falsecount="1"/>
          <line num="231" count="1" type="stmt"/>
          <line num="245" count="1" type="stmt"/>
          <line num="248" count="20" type="stmt"/>
          <line num="249" count="9" type="stmt"/>
          <line num="250" count="10" type="stmt"/>
        </file>
        <file name="TransitionInitialMount.js" path="/Users/georgegillams/Documents/projects/backpack/packages/bpk-react-utils/src/TransitionInitialMount.js">
          <metrics statements="4" coveredstatements="4" conditionals="0" coveredconditionals="0" methods="1" coveredmethods="1"/>
          <line num="26" count="1" type="stmt"/>
          <line num="28" count="1" type="stmt"/>
          <line num="31" count="1" type="stmt"/>
          <line num="44" count="1" type="stmt"/>
        </file>
        <file name="cssModules.js" path="/Users/georgegillams/Documents/projects/backpack/packages/bpk-react-utils/src/cssModules.js">
          <metrics statements="1" coveredstatements="1" conditionals="3" coveredconditionals="3" methods="2" coveredmethods="2"/>
          <line num="20" count="6" type="cond" truecount="2" falsecount="0"/>
        </file>
        <file name="withDefaultProps.js" path="/Users/georgegillams/Documents/projects/backpack/packages/bpk-react-utils/src/withDefaultProps.js">
          <metrics statements="12" coveredstatements="12" conditionals="4" coveredconditionals="4" methods="2" coveredmethods="2"/>
          <line num="24" count="1" type="stmt"/>
          <line num="25" count="2" type="stmt"/>
          <line num="27" count="2" type="stmt"/>
          <line num="28" count="2" type="stmt"/>
          <line num="29" count="2" type="stmt"/>
          <line num="31" count="2" type="cond" truecount="2" falsecount="0"/>
          <line num="32" count="2" type="cond" truecount="2" falsecount="0"/>
          <line num="34" count="2" type="stmt"/>
          <line num="45" count="2" type="stmt"/>
          <line num="49" count="2" type="stmt"/>
          <line num="53" count="2" type="stmt"/>
          <line num="55" count="2" type="stmt"/>
        </file>
      </package>
      <package name="packages.bpk-scrim-utils.src">
        <metrics statements="52" coveredstatements="43" conditionals="20" coveredconditionals="15" methods="12" coveredmethods="6"/>
        <file name="BpkScrim.js" path="/Users/georgegillams/Documents/projects/backpack/packages/bpk-scrim-utils/src/BpkScrim.js">
          <metrics statements="3" coveredstatements="3" conditionals="0" coveredconditionals="0" methods="1" coveredmethods="1"/>
          <line num="24" count="2" type="stmt"/>
          <line num="26" count="2" type="stmt"/>
          <line num="27" count="8" type="stmt"/>
        </file>
        <file name="withScrim.js" path="/Users/georgegillams/Documents/projects/backpack/packages/bpk-scrim-utils/src/withScrim.js">
          <metrics statements="49" coveredstatements="40" conditionals="20" coveredconditionals="15" methods="11" coveredmethods="5"/>
          <line num="29" count="1" type="stmt"/>
          <line num="31" count="1" type="stmt"/>
          <line num="34" count="7" type="stmt"/>
          <line num="36" count="7" type="stmt"/>
          <line num="37" count="7" type="stmt"/>
          <line num="38" count="7" type="stmt"/>
          <line num="39" count="7" type="stmt"/>
          <line num="40" count="7" type="stmt"/>
          <line num="41" count="7" type="stmt"/>
          <line num="43" count="7" type="stmt"/>
          <line num="47" count="7" type="stmt"/>
          <line num="48" count="7" type="stmt"/>
          <line num="50" count="7" type="cond" truecount="4" falsecount="0"/>
          <line num="51" count="2" type="stmt"/>
          <line num="52" count="2" type="stmt"/>
          <line num="54" count="5" type="stmt"/>
          <line num="55" count="5" type="cond" truecount="2" falsecount="0"/>
          <line num="56" count="2" type="stmt"/>
          <line num="60" count="7" type="stmt"/>
          <line num="61" count="7" type="cond" truecount="1" falsecount="1"/>
          <line num="62" count="0" type="stmt"/>
          <line num="67" count="2" type="stmt"/>
          <line num="68" count="2" type="stmt"/>
          <line num="70" count="2" type="cond" truecount="4" falsecount="0"/>
          <line num="71" count="1" type="stmt"/>
          <line num="72" count="1" type="stmt"/>
          <line num="74" count="1" type="stmt"/>
          <line num="75" count="1" type="cond" truecount="1" falsecount="1"/>
          <line num="76" count="1" type="stmt"/>
          <line num="80" count="2" type="stmt"/>
          <line num="81" count="2" type="stmt"/>
          <line num="85" count="0" type="stmt"/>
          <line num="86" count="0" type="stmt"/>
          <line num="90" count="0" type="stmt"/>
          <line num="94" count="0" type="stmt"/>
          <line num="98" count="0" type="cond" truecount="0" falsecount="2"/>
          <line num="99" count="0" type="stmt"/>
          <line num="104" count="0" type="stmt"/>
          <line num="108" count="0" type="stmt"/>
          <line num="117" count="7" type="stmt"/>
          <line num="119" count="7" type="stmt"/>
          <line num="120" count="7" type="cond" truecount="2" falsecount="0"/>
          <line num="121" count="7" type="stmt"/>
          <line num="123" count="7" type="stmt"/>
          <line num="132" count="7" type="stmt"/>
          <line num="158" count="7" type="stmt"/>
          <line num="160" count="7" type="stmt"/>
          <line num="167" count="7" type="stmt"/>
          <line num="172" count="7" type="stmt"/>
        </file>
      </package>
      <package name="packages.bpk-tether.src">
        <metrics statements="13" coveredstatements="13" conditionals="10" coveredconditionals="10" methods="2" coveredmethods="2"/>
        <file name="applyRTLTransforms.js" path="/Users/georgegillams/Documents/projects/backpack/packages/bpk-tether/src/applyRTLTransforms.js">
          <metrics statements="13" coveredstatements="13" conditionals="10" coveredconditionals="10" methods="2" coveredmethods="2"/>
          <line num="21" count="1" type="stmt"/>
          <line num="22" count="4" type="cond" truecount="2" falsecount="0"/>
          <line num="23" count="2" type="stmt"/>
          <line num="26" count="2" type="stmt"/>
          <line num="29" count="1" type="stmt"/>
          <line num="30" count="9" type="stmt"/>
          <line num="31" count="9" type="stmt"/>
          <line num="33" count="9" type="stmt"/>
          <line num="35" count="9" type="cond" truecount="2" falsecount="0"/>
          <line num="36" count="4" type="cond" truecount="2" falsecount="0"/>
          <line num="41" count="9" type="cond" truecount="2" falsecount="0"/>
          <line num="42" count="4" type="cond" truecount="2" falsecount="0"/>
          <line num="47" count="9" type="stmt"/>
        </file>
      </package>
      <package name="packages.bpk-theming.src">
        <metrics statements="53" coveredstatements="48" conditionals="23" coveredconditionals="17" methods="8" coveredmethods="7"/>
        <file name="BpkThemeProvider.js" path="/Users/georgegillams/Documents/projects/backpack/packages/bpk-theming/src/BpkThemeProvider.js">
          <metrics statements="53" coveredstatements="48" conditionals="23" coveredconditionals="17" methods="8" coveredmethods="7"/>
          <line num="22" count="1" type="cond" truecount="0" falsecount="1"/>
          <line num="23" count="4" type="stmt"/>
          <line num="24" count="4" type="stmt"/>
          <line num="25" count="5" type="cond" truecount="1" falsecount="1"/>
          <line num="26" count="0" type="stmt"/>
          <line num="28" count="5" type="stmt"/>
          <line num="29" count="5" type="stmt"/>
          <line num="33" count="1" type="stmt"/>
          <line num="34" count="4" type="cond" truecount="1" falsecount="1"/>
          <line num="35" count="0" type="stmt"/>
          <line num="37" count="4" type="stmt"/>
          <line num="38" count="4" type="stmt"/>
          <line num="39" count="4" type="stmt"/>
          <line num="40" count="4" type="stmt"/>
          <line num="41" count="5" type="cond" truecount="2" falsecount="0"/>
          <line num="42" count="4" type="stmt"/>
          <line num="43" count="4" type="stmt"/>
          <line num="44" count="4" type="stmt"/>
          <line num="46" count="1" type="stmt"/>
          <line num="50" count="4" type="cond" truecount="2" falsecount="0"/>
          <line num="51" count="1" type="stmt"/>
          <line num="54" count="4" type="stmt"/>
          <line num="57" count="1" type="stmt"/>
          <line num="58" count="4" type="stmt"/>
          <line num="59" count="4" type="stmt"/>
          <line num="60" count="4" type="stmt"/>
          <line num="61" count="4" type="stmt"/>
          <line num="68" count="1" type="stmt"/>
          <line num="69" count="6" type="stmt"/>
          <line num="70" count="6" type="stmt"/>
          <line num="71" count="6" type="cond" truecount="1" falsecount="1"/>
          <line num="72" count="0" type="stmt"/>
          <line num="75" count="6" type="cond" truecount="1" falsecount="1"/>
          <line num="76" count="0" type="stmt"/>
          <line num="78" count="6" type="cond" truecount="1" falsecount="1"/>
          <line num="79" count="0" type="stmt"/>
          <line num="82" count="6" type="stmt"/>
          <line num="83" count="6" type="stmt"/>
          <line num="84" count="6" type="stmt"/>
          <line num="85" count="6" type="stmt"/>
          <line num="86" count="7" type="cond" truecount="2" falsecount="0"/>
          <line num="87" count="5" type="stmt"/>
          <line num="89" count="2" type="stmt"/>
          <line num="92" count="6" type="stmt"/>
          <line num="93" count="6" type="cond" truecount="2" falsecount="0"/>
          <line num="94" count="2" type="stmt"/>
          <line num="96" count="6" type="cond" truecount="2" falsecount="0"/>
          <line num="97" count="2" type="stmt"/>
          <line num="99" count="6" type="cond" truecount="2" falsecount="0"/>
          <line num="100" count="4" type="stmt"/>
          <line num="102" count="2" type="stmt"/>
          <line num="105" count="1" type="stmt"/>
          <line num="111" count="1" type="stmt"/>
        </file>
      </package>
      <package name="packages.bpk-tokens.src">
        <metrics statements="6" coveredstatements="6" conditionals="6" coveredconditionals="6" methods="1" coveredmethods="1"/>
        <file name="setOpacity.js" path="/Users/georgegillams/Documents/projects/backpack/packages/bpk-tokens/src/setOpacity.js">
          <metrics statements="6" coveredstatements="6" conditionals="6" coveredconditionals="6" methods="1" coveredmethods="1"/>
          <line num="21" count="1" type="stmt"/>
          <line num="22" count="8" type="cond" truecount="2" falsecount="0"/>
          <line num="24" count="2" type="stmt"/>
          <line num="25" count="6" type="cond" truecount="4" falsecount="0"/>
          <line num="27" count="2" type="stmt"/>
          <line num="29" count="4" type="stmt"/>
        </file>
      </package>
      <package name="scripts.jest">
        <metrics statements="2" coveredstatements="2" conditionals="0" coveredconditionals="0" methods="1" coveredmethods="1"/>
        <file name="cssTransitionStub.js" path="/Users/georgegillams/Documents/projects/backpack/scripts/jest/cssTransitionStub.js">
          <metrics statements="1" coveredstatements="1" conditionals="0" coveredconditionals="0" methods="1" coveredmethods="1"/>
          <line num="19" count="40" type="stmt"/>
        </file>
        <file name="setup.js" path="/Users/georgegillams/Documents/projects/backpack/scripts/jest/setup.js">
          <metrics statements="1" coveredstatements="1" conditionals="0" coveredconditionals="0" methods="0" coveredmethods="0"/>
          <line num="22" count="122" type="stmt"/>
        </file>
        <file name="styleStub.js" path="/Users/georgegillams/Documents/projects/backpack/scripts/jest/styleStub.js">
          <metrics statements="0" coveredstatements="0" conditionals="0" coveredconditionals="0" methods="0" coveredmethods="0"/>
        </file>
      </package>
    </metrics>
  </project>
</coverage>
