{"/Users/georgegillams/Documents/projects/backpack/packages/bpk-animate-height/src/AnimateHeight.js": {"path":"/Users/georgegillams/Documents/projects/backpack/packages/bpk-animate-height/src/AnimateHeight.js","statementMap":{"0":{"start":{"line":25,"column":17},"end":{"line":25,"column":58}},"1":{"start":{"line":25,"column":22},"end":{"line":25,"column":58}},"2":{"start":{"line":27,"column":33},"end":{"line":27,"column":103}},"3":{"start":{"line":27,"column":39},"end":{"line":27,"column":103}},"4":{"start":{"line":31,"column":4},"end":{"line":31,"column":17}},"5":{"start":{"line":33,"column":17},"end":{"line":33,"column":23}},"6":{"start":{"line":34,"column":19},"end":{"line":34,"column":28}},"7":{"start":{"line":36,"column":4},"end":{"line":39,"column":5}},"8":{"start":{"line":37,"column":6},"end":{"line":37,"column":61}},"9":{"start":{"line":38,"column":6},"end":{"line":38,"column":47}},"10":{"start":{"line":41,"column":4},"end":{"line":44,"column":6}},"11":{"start":{"line":46,"column":4},"end":{"line":46,"column":59}},"12":{"start":{"line":50,"column":4},"end":{"line":52,"column":5}},"13":{"start":{"line":51,"column":6},"end":{"line":51,"column":49}},"14":{"start":{"line":58,"column":8},"end":{"line":58,"column":18}},"15":{"start":{"line":61,"column":4},"end":{"line":115,"column":5}},"16":{"start":{"line":63,"column":6},"end":{"line":63,"column":45}},"17":{"start":{"line":64,"column":6},"end":{"line":64,"column":73}},"18":{"start":{"line":65,"column":28},"end":{"line":65,"column":60}},"19":{"start":{"line":66,"column":6},"end":{"line":66,"column":46}},"20":{"start":{"line":68,"column":22},"end":{"line":68,"column":26}},"21":{"start":{"line":69,"column":29},"end":{"line":69,"column":34}},"22":{"start":{"line":70,"column":26},"end":{"line":70,"column":30}},"23":{"start":{"line":71,"column":28},"end":{"line":71,"column":57}},"24":{"start":{"line":72,"column":28},"end":{"line":72,"column":46}},"25":{"start":{"line":74,"column":6},"end":{"line":74,"column":35}},"26":{"start":{"line":76,"column":6},"end":{"line":86,"column":7}},"27":{"start":{"line":78,"column":8},"end":{"line":78,"column":64}},"28":{"start":{"line":82,"column":8},"end":{"line":82,"column":34}},"29":{"start":{"line":83,"column":8},"end":{"line":83,"column":32}},"30":{"start":{"line":84,"column":8},"end":{"line":84,"column":31}},"31":{"start":{"line":85,"column":8},"end":{"line":85,"column":36}},"32":{"start":{"line":88,"column":6},"end":{"line":96,"column":7}},"33":{"start":{"line":91,"column":8},"end":{"line":91,"column":32}},"34":{"start":{"line":92,"column":8},"end":{"line":92,"column":34}},"35":{"start":{"line":94,"column":8},"end":{"line":94,"column":34}},"36":{"start":{"line":95,"column":8},"end":{"line":95,"column":29}},"37":{"start":{"line":98,"column":6},"end":{"line":101,"column":10}},"38":{"start":{"line":98,"column":39},"end":{"line":101,"column":7}},"39":{"start":{"line":103,"column":6},"end":{"line":114,"column":7}},"40":{"start":{"line":104,"column":8},"end":{"line":113,"column":28}},"41":{"start":{"line":105,"column":10},"end":{"line":108,"column":13}},"42":{"start":{"line":110,"column":10},"end":{"line":112,"column":11}},"43":{"start":{"line":111,"column":12},"end":{"line":111,"column":35}},"44":{"start":{"line":119,"column":4},"end":{"line":119,"column":33}},"45":{"start":{"line":120,"column":4},"end":{"line":120,"column":26}},"46":{"start":{"line":124,"column":4},"end":{"line":126,"column":5}},"47":{"start":{"line":125,"column":6},"end":{"line":125,"column":49}},"48":{"start":{"line":127,"column":4},"end":{"line":129,"column":5}},"49":{"start":{"line":128,"column":6},"end":{"line":128,"column":39}},"50":{"start":{"line":140,"column":8},"end":{"line":140,"column":18}},"51":{"start":{"line":145,"column":8},"end":{"line":145,"column":18}},"52":{"start":{"line":147,"column":27},"end":{"line":156,"column":5}},"53":{"start":{"line":158,"column":4},"end":{"line":158,"column":23}},"54":{"start":{"line":159,"column":4},"end":{"line":159,"column":35}},"55":{"start":{"line":161,"column":4},"end":{"line":171,"column":6}},"56":{"start":{"line":167,"column":28},"end":{"line":167,"column":53}},"57":{"start":{"line":175,"column":0},"end":{"line":186,"column":2}},"58":{"start":{"line":188,"column":0},"end":{"line":193,"column":2}}},"fnMap":{"0":{"name":"(anonymous_0)","decl":{"start":{"line":25,"column":17},"end":{"line":25,"column":18}},"loc":{"start":{"line":25,"column":22},"end":{"line":25,"column":58}},"line":25},"1":{"name":"(anonymous_1)","decl":{"start":{"line":27,"column":33},"end":{"line":27,"column":34}},"loc":{"start":{"line":27,"column":39},"end":{"line":27,"column":103}},"line":27},"2":{"name":"(anonymous_2)","decl":{"start":{"line":30,"column":2},"end":{"line":30,"column":3}},"loc":{"start":{"line":30,"column":21},"end":{"line":47,"column":3}},"line":30},"3":{"name":"(anonymous_3)","decl":{"start":{"line":49,"column":2},"end":{"line":49,"column":3}},"loc":{"start":{"line":49,"column":22},"end":{"line":53,"column":3}},"line":49},"4":{"name":"(anonymous_4)","decl":{"start":{"line":55,"column":2},"end":{"line":55,"column":3}},"loc":{"start":{"line":55,"column":39},"end":{"line":116,"column":3}},"line":55},"5":{"name":"(anonymous_5)","decl":{"start":{"line":98,"column":20},"end":{"line":98,"column":21}},"loc":{"start":{"line":98,"column":39},"end":{"line":101,"column":7}},"line":98},"6":{"name":"(anonymous_6)","decl":{"start":{"line":104,"column":36},"end":{"line":104,"column":37}},"loc":{"start":{"line":104,"column":42},"end":{"line":113,"column":9}},"line":104},"7":{"name":"(anonymous_7)","decl":{"start":{"line":118,"column":2},"end":{"line":118,"column":3}},"loc":{"start":{"line":118,"column":25},"end":{"line":121,"column":3}},"line":118},"8":{"name":"(anonymous_8)","decl":{"start":{"line":123,"column":2},"end":{"line":123,"column":3}},"loc":{"start":{"line":123,"column":20},"end":{"line":130,"column":3}},"line":123},"9":{"name":"(anonymous_9)","decl":{"start":{"line":132,"column":2},"end":{"line":132,"column":3}},"loc":{"start":{"line":132,"column":11},"end":{"line":172,"column":3}},"line":132},"10":{"name":"(anonymous_10)","decl":{"start":{"line":167,"column":18},"end":{"line":167,"column":19}},"loc":{"start":{"line":167,"column":26},"end":{"line":167,"column":55}},"line":167}},"branchMap":{"0":{"loc":{"start":{"line":25,"column":22},"end":{"line":25,"column":58}},"type":"binary-expr","locations":[{"start":{"line":25,"column":22},"end":{"line":25,"column":43}},{"start":{"line":25,"column":47},"end":{"line":25,"column":58}}],"line":25},"1":{"loc":{"start":{"line":27,"column":42},"end":{"line":27,"column":102}},"type":"binary-expr","locations":[{"start":{"line":27,"column":42},"end":{"line":27,"column":71}},{"start":{"line":27,"column":75},"end":{"line":27,"column":102}}],"line":27},"2":{"loc":{"start":{"line":36,"column":4},"end":{"line":39,"column":5}},"type":"if","locations":[{"start":{"line":36,"column":4},"end":{"line":39,"column":5}},{"start":{"line":36,"column":4},"end":{"line":39,"column":5}}],"line":36},"3":{"loc":{"start":{"line":37,"column":15},"end":{"line":37,"column":60}},"type":"cond-expr","locations":[{"start":{"line":37,"column":39},"end":{"line":37,"column":40}},{"start":{"line":37,"column":43},"end":{"line":37,"column":60}}],"line":37},"4":{"loc":{"start":{"line":50,"column":4},"end":{"line":52,"column":5}},"type":"if","locations":[{"start":{"line":50,"column":4},"end":{"line":52,"column":5}},{"start":{"line":50,"column":4},"end":{"line":52,"column":5}}],"line":50},"5":{"loc":{"start":{"line":50,"column":8},"end":{"line":50,"column":54}},"type":"binary-expr","locations":[{"start":{"line":50,"column":8},"end":{"line":50,"column":27}},{"start":{"line":50,"column":31},"end":{"line":50,"column":54}}],"line":50},"6":{"loc":{"start":{"line":61,"column":4},"end":{"line":115,"column":5}},"type":"if","locations":[{"start":{"line":61,"column":4},"end":{"line":115,"column":5}},{"start":{"line":61,"column":4},"end":{"line":115,"column":5}}],"line":61},"7":{"loc":{"start":{"line":61,"column":8},"end":{"line":61,"column":58}},"type":"binary-expr","locations":[{"start":{"line":61,"column":8},"end":{"line":61,"column":27}},{"start":{"line":61,"column":31},"end":{"line":61,"column":58}}],"line":61},"8":{"loc":{"start":{"line":76,"column":6},"end":{"line":86,"column":7}},"type":"if","locations":[{"start":{"line":76,"column":6},"end":{"line":86,"column":7}},{"start":{"line":76,"column":6},"end":{"line":86,"column":7}}],"line":76},"9":{"loc":{"start":{"line":78,"column":20},"end":{"line":78,"column":63}},"type":"cond-expr","locations":[{"start":{"line":78,"column":43},"end":{"line":78,"column":44}},{"start":{"line":78,"column":47},"end":{"line":78,"column":63}}],"line":78},"10":{"loc":{"start":{"line":88,"column":6},"end":{"line":96,"column":7}},"type":"if","locations":[{"start":{"line":88,"column":6},"end":{"line":96,"column":7}},{"start":{"line":88,"column":6},"end":{"line":96,"column":7}}],"line":88},"11":{"loc":{"start":{"line":103,"column":6},"end":{"line":114,"column":7}},"type":"if","locations":[{"start":{"line":103,"column":6},"end":{"line":114,"column":7}},{"start":{"line":103,"column":6},"end":{"line":114,"column":7}}],"line":103},"12":{"loc":{"start":{"line":110,"column":10},"end":{"line":112,"column":11}},"type":"if","locations":[{"start":{"line":110,"column":10},"end":{"line":112,"column":11}},{"start":{"line":110,"column":10},"end":{"line":112,"column":11}}],"line":110},"13":{"loc":{"start":{"line":124,"column":4},"end":{"line":126,"column":5}},"type":"if","locations":[{"start":{"line":124,"column":4},"end":{"line":126,"column":5}},{"start":{"line":124,"column":4},"end":{"line":126,"column":5}}],"line":124},"14":{"loc":{"start":{"line":124,"column":8},"end":{"line":124,"column":54}},"type":"binary-expr","locations":[{"start":{"line":124,"column":8},"end":{"line":124,"column":27}},{"start":{"line":124,"column":31},"end":{"line":124,"column":54}}],"line":124},"15":{"loc":{"start":{"line":127,"column":4},"end":{"line":129,"column":5}},"type":"if","locations":[{"start":{"line":127,"column":4},"end":{"line":129,"column":5}},{"start":{"line":127,"column":4},"end":{"line":129,"column":5}}],"line":127}},"s":{"0":1,"1":5,"2":1,"3":0,"4":4,"5":4,"6":4,"7":4,"8":3,"9":3,"10":4,"11":4,"12":4,"13":1,"14":1,"15":1,"16":1,"17":1,"18":1,"19":1,"20":1,"21":1,"22":1,"23":1,"24":1,"25":1,"26":1,"27":1,"28":0,"29":0,"30":0,"31":0,"32":1,"33":0,"34":0,"35":0,"36":0,"37":1,"38":1,"39":1,"40":0,"41":0,"42":0,"43":0,"44":0,"45":0,"46":0,"47":0,"48":0,"49":0,"50":5,"51":5,"52":5,"53":5,"54":5,"55":5,"56":6,"57":1,"58":1},"f":{"0":5,"1":0,"2":4,"3":4,"4":1,"5":1,"6":0,"7":0,"8":0,"9":5,"10":6},"b":{"0":[5,4],"1":[0,0],"2":[3,1],"3":[0,3],"4":[1,3],"5":[4,1],"6":[1,0],"7":[1,1],"8":[1,0],"9":[0,1],"10":[0,1],"11":[0,1],"12":[0,0],"13":[0,0],"14":[0,0],"15":[0,0]},"_coverageSchema":"332fd63041d2c1bcb487cc26dd0d5f7d97098a6c","hash":"4513a495eb77231875a2a741edab82d62ab60483"}
,"/Users/georgegillams/Documents/projects/backpack/packages/bpk-component-accordion/src/BpkAccordion.js": {"path":"/Users/georgegillams/Documents/projects/backpack/packages/bpk-component-accordion/src/BpkAccordion.js","statementMap":{"0":{"start":{"line":25,"column":21},"end":{"line":25,"column":39}},"1":{"start":{"line":27,"column":21},"end":{"line":38,"column":1}},"2":{"start":{"line":28,"column":21},"end":{"line":28,"column":52}},"3":{"start":{"line":29,"column":43},"end":{"line":29,"column":48}},"4":{"start":{"line":31,"column":2},"end":{"line":31,"column":48}},"5":{"start":{"line":31,"column":19},"end":{"line":31,"column":46}},"6":{"start":{"line":33,"column":2},"end":{"line":37,"column":4}},"7":{"start":{"line":40,"column":0},"end":{"line":43,"column":2}},"8":{"start":{"line":45,"column":0},"end":{"line":47,"column":2}}},"fnMap":{"0":{"name":"(anonymous_0)","decl":{"start":{"line":27,"column":21},"end":{"line":27,"column":22}},"loc":{"start":{"line":27,"column":32},"end":{"line":38,"column":1}},"line":27}},"branchMap":{"0":{"loc":{"start":{"line":31,"column":2},"end":{"line":31,"column":48}},"type":"if","locations":[{"start":{"line":31,"column":2},"end":{"line":31,"column":48}},{"start":{"line":31,"column":2},"end":{"line":31,"column":48}}],"line":31}},"s":{"0":2,"1":2,"2":5,"3":5,"4":5,"5":1,"6":5,"7":2,"8":2},"f":{"0":5},"b":{"0":[1,4]},"_coverageSchema":"332fd63041d2c1bcb487cc26dd0d5f7d97098a6c","hash":"37494c1472d04a2a64a52eb4c5b077094c3a5fec"}
,"/Users/georgegillams/Documents/projects/backpack/packages/bpk-component-accordion/src/BpkAccordionItem.js": {"path":"/Users/georgegillams/Documents/projects/backpack/packages/bpk-component-accordion/src/BpkAccordionItem.js","statementMap":{"0":{"start":{"line":28,"column":21},"end":{"line":28,"column":39}},"1":{"start":{"line":30,"column":19},"end":{"line":30,"column":55}},"2":{"start":{"line":32,"column":25},"end":{"line":85,"column":1}},"3":{"start":{"line":33,"column":25},"end":{"line":33,"column":74}},"4":{"start":{"line":36,"column":6},"end":{"line":36,"column":11}},"5":{"start":{"line":41,"column":2},"end":{"line":41,"column":32}},"6":{"start":{"line":43,"column":2},"end":{"line":43,"column":98}},"7":{"start":{"line":43,"column":18},"end":{"line":43,"column":96}},"8":{"start":{"line":45,"column":18},"end":{"line":45,"column":31}},"9":{"start":{"line":46,"column":20},"end":{"line":46,"column":35}},"10":{"start":{"line":48,"column":2},"end":{"line":84,"column":4}},"11":{"start":{"line":87,"column":0},"end":{"line":93,"column":2}},"12":{"start":{"line":95,"column":0},"end":{"line":98,"column":2}},"13":{"start":{"line":97,"column":17},"end":{"line":97,"column":21}}},"fnMap":{"0":{"name":"(anonymous_0)","decl":{"start":{"line":32,"column":25},"end":{"line":32,"column":26}},"loc":{"start":{"line":32,"column":36},"end":{"line":85,"column":1}},"line":32},"1":{"name":"(anonymous_1)","decl":{"start":{"line":97,"column":11},"end":{"line":97,"column":12}},"loc":{"start":{"line":97,"column":17},"end":{"line":97,"column":21}},"line":97}},"branchMap":{"0":{"loc":{"start":{"line":43,"column":2},"end":{"line":43,"column":98}},"type":"if","locations":[{"start":{"line":43,"column":2},"end":{"line":43,"column":98}},{"start":{"line":43,"column":2},"end":{"line":43,"column":98}}],"line":43},"1":{"loc":{"start":{"line":72,"column":16},"end":{"line":72,"column":37}},"type":"cond-expr","locations":[{"start":{"line":72,"column":27},"end":{"line":72,"column":33}},{"start":{"line":72,"column":36},"end":{"line":72,"column":37}}],"line":72}},"s":{"0":2,"1":2,"2":2,"3":7,"4":7,"5":7,"6":7,"7":2,"8":7,"9":7,"10":7,"11":2,"12":2,"13":0},"f":{"0":7,"1":0},"b":{"0":[2,5],"1":[2,5]},"_coverageSchema":"332fd63041d2c1bcb487cc26dd0d5f7d97098a6c","hash":"109326e4f35beb20b4a30073d9ac0f3bfcc734c6"}
,"/Users/georgegillams/Documents/projects/backpack/packages/bpk-component-accordion/src/themeAttributes.js": {"path":"/Users/georgegillams/Documents/projects/backpack/packages/bpk-component-accordion/src/themeAttributes.js","statementMap":{},"fnMap":{},"branchMap":{},"s":{},"f":{},"b":{},"_coverageSchema":"332fd63041d2c1bcb487cc26dd0d5f7d97098a6c","hash":"8f18157ee03b58038645d8dc57804ad32c2e49b3"}
,"/Users/georgegillams/Documents/projects/backpack/packages/bpk-component-accordion/src/withAccordionItemState.js": {"path":"/Users/georgegillams/Documents/projects/backpack/packages/bpk-component-accordion/src/withAccordionItemState.js","statementMap":{"0":{"start":{"line":24,"column":31},"end":{"line":66,"column":1}},"1":{"start":{"line":27,"column":6},"end":{"line":27,"column":19}},"2":{"start":{"line":29,"column":6},"end":{"line":31,"column":8}},"3":{"start":{"line":33,"column":6},"end":{"line":33,"column":45}},"4":{"start":{"line":37,"column":6},"end":{"line":39,"column":30}},"5":{"start":{"line":37,"column":34},"end":{"line":39,"column":7}},"6":{"start":{"line":45,"column":10},"end":{"line":45,"column":20}},"7":{"start":{"line":47,"column":6},"end":{"line":47,"column":99}},"8":{"start":{"line":51,"column":2},"end":{"line":55,"column":4}},"9":{"start":{"line":57,"column":2},"end":{"line":61,"column":4}},"10":{"start":{"line":63,"column":2},"end":{"line":63,"column":100}},"11":{"start":{"line":65,"column":2},"end":{"line":65,"column":32}}},"fnMap":{"0":{"name":"(anonymous_0)","decl":{"start":{"line":24,"column":31},"end":{"line":24,"column":32}},"loc":{"start":{"line":24,"column":54},"end":{"line":66,"column":1}},"line":24},"1":{"name":"(anonymous_1)","decl":{"start":{"line":26,"column":4},"end":{"line":26,"column":5}},"loc":{"start":{"line":26,"column":23},"end":{"line":34,"column":5}},"line":26},"2":{"name":"(anonymous_2)","decl":{"start":{"line":36,"column":4},"end":{"line":36,"column":5}},"loc":{"start":{"line":36,"column":14},"end":{"line":40,"column":5}},"line":36},"3":{"name":"(anonymous_3)","decl":{"start":{"line":37,"column":20},"end":{"line":37,"column":21}},"loc":{"start":{"line":37,"column":34},"end":{"line":39,"column":7}},"line":37},"4":{"name":"(anonymous_4)","decl":{"start":{"line":42,"column":4},"end":{"line":42,"column":5}},"loc":{"start":{"line":42,"column":13},"end":{"line":48,"column":5}},"line":42}},"branchMap":{},"s":{"0":1,"1":4,"2":4,"3":4,"4":2,"5":2,"6":6,"7":6,"8":1,"9":1,"10":1,"11":1},"f":{"0":1,"1":4,"2":2,"3":2,"4":6},"b":{},"_coverageSchema":"332fd63041d2c1bcb487cc26dd0d5f7d97098a6c","hash":"ad19426fea96b52ba36aa2b2993d93e10d554169"}
,"/Users/georgegillams/Documents/projects/backpack/packages/bpk-component-accordion/src/withSingleItemAccordionState.js": {"path":"/Users/georgegillams/Documents/projects/backpack/packages/bpk-component-accordion/src/withSingleItemAccordionState.js","statementMap":{"0":{"start":{"line":24,"column":29},"end":{"line":28,"column":1}},"1":{"start":{"line":25,"column":25},"end":{"line":25,"column":51}},"2":{"start":{"line":26,"column":17},"end":{"line":26,"column":109}},"3":{"start":{"line":26,"column":61},"end":{"line":26,"column":103}},"4":{"start":{"line":27,"column":2},"end":{"line":27,"column":36}},"5":{"start":{"line":30,"column":37},"end":{"line":72,"column":1}},"6":{"start":{"line":33,"column":6},"end":{"line":33,"column":19}},"7":{"start":{"line":35,"column":6},"end":{"line":37,"column":8}},"8":{"start":{"line":39,"column":6},"end":{"line":39,"column":65}},"9":{"start":{"line":40,"column":6},"end":{"line":40,"column":69}},"10":{"start":{"line":44,"column":6},"end":{"line":44,"column":39}},"11":{"start":{"line":48,"column":23},"end":{"line":48,"column":64}},"12":{"start":{"line":49,"column":22},"end":{"line":49,"column":69}},"13":{"start":{"line":49,"column":28},"end":{"line":49,"column":69}},"14":{"start":{"line":51,"column":6},"end":{"line":51,"column":64}},"15":{"start":{"line":55,"column":27},"end":{"line":55,"column":37}},"16":{"start":{"line":57,"column":6},"end":{"line":61,"column":8}},"17":{"start":{"line":65,"column":2},"end":{"line":67,"column":4}},"18":{"start":{"line":69,"column":2},"end":{"line":69,"column":112}},"19":{"start":{"line":71,"column":2},"end":{"line":71,"column":38}}},"fnMap":{"0":{"name":"(anonymous_0)","decl":{"start":{"line":24,"column":29},"end":{"line":24,"column":30}},"loc":{"start":{"line":24,"column":43},"end":{"line":28,"column":1}},"line":24},"1":{"name":"(anonymous_1)","decl":{"start":{"line":26,"column":44},"end":{"line":26,"column":45}},"loc":{"start":{"line":26,"column":61},"end":{"line":26,"column":103}},"line":26},"2":{"name":"(anonymous_2)","decl":{"start":{"line":30,"column":37},"end":{"line":30,"column":38}},"loc":{"start":{"line":30,"column":60},"end":{"line":72,"column":1}},"line":30},"3":{"name":"(anonymous_3)","decl":{"start":{"line":32,"column":4},"end":{"line":32,"column":5}},"loc":{"start":{"line":32,"column":23},"end":{"line":41,"column":5}},"line":32},"4":{"name":"(anonymous_4)","decl":{"start":{"line":43,"column":4},"end":{"line":43,"column":5}},"loc":{"start":{"line":43,"column":27},"end":{"line":45,"column":5}},"line":43},"5":{"name":"(anonymous_5)","decl":{"start":{"line":47,"column":4},"end":{"line":47,"column":5}},"loc":{"start":{"line":47,"column":39},"end":{"line":52,"column":5}},"line":47},"6":{"name":"(anonymous_6)","decl":{"start":{"line":49,"column":22},"end":{"line":49,"column":23}},"loc":{"start":{"line":49,"column":28},"end":{"line":49,"column":69}},"line":49},"7":{"name":"(anonymous_7)","decl":{"start":{"line":54,"column":4},"end":{"line":54,"column":5}},"loc":{"start":{"line":54,"column":13},"end":{"line":62,"column":5}},"line":54}},"branchMap":{"0":{"loc":{"start":{"line":26,"column":61},"end":{"line":26,"column":103}},"type":"cond-expr","locations":[{"start":{"line":26,"column":92},"end":{"line":26,"column":96}},{"start":{"line":26,"column":99},"end":{"line":26,"column":103}}],"line":26},"1":{"loc":{"start":{"line":27,"column":9},"end":{"line":27,"column":35}},"type":"binary-expr","locations":[{"start":{"line":27,"column":9},"end":{"line":27,"column":27}},{"start":{"line":27,"column":31},"end":{"line":27,"column":35}}],"line":27},"2":{"loc":{"start":{"line":27,"column":10},"end":{"line":27,"column":22}},"type":"binary-expr","locations":[{"start":{"line":27,"column":10},"end":{"line":27,"column":16}},{"start":{"line":27,"column":20},"end":{"line":27,"column":22}}],"line":27}},"s":{"0":1,"1":4,"2":4,"3":12,"4":4,"5":1,"6":4,"7":4,"8":4,"9":4,"10":2,"11":18,"12":18,"13":2,"14":18,"15":6,"16":6,"17":1,"18":1,"19":1},"f":{"0":4,"1":12,"2":1,"3":4,"4":2,"5":18,"6":2,"7":6},"b":{"0":[4,8],"1":[4,1],"2":[4,0]},"_coverageSchema":"332fd63041d2c1bcb487cc26dd0d5f7d97098a6c","hash":"8224a4cdfd39835a5d80375958c7978d1580d6a8"}
,"/Users/georgegillams/Documents/projects/backpack/packages/bpk-component-autosuggest/src/BpkAutosuggest.js": {"path":"/Users/georgegillams/Documents/projects/backpack/packages/bpk-component-autosuggest/src/BpkAutosuggest.js","statementMap":{"0":{"start":{"line":25,"column":21},"end":{"line":25,"column":39}},"1":{"start":{"line":35,"column":0},"end":{"line":45,"column":2}},"2":{"start":{"line":47,"column":0},"end":{"line":47,"column":57}}},"fnMap":{},"branchMap":{},"s":{"0":1,"1":1,"2":1},"f":{},"b":{},"_coverageSchema":"332fd63041d2c1bcb487cc26dd0d5f7d97098a6c","hash":"cf6eda6fa74f46a78975f3c78c8862c4d634a77a"}
,"/Users/georgegillams/Documents/projects/backpack/packages/bpk-component-autosuggest/src/BpkAutosuggestSuggestion.js": {"path":"/Users/georgegillams/Documents/projects/backpack/packages/bpk-component-autosuggest/src/BpkAutosuggestSuggestion.js","statementMap":{"0":{"start":{"line":25,"column":21},"end":{"line":25,"column":39}},"1":{"start":{"line":27,"column":22},"end":{"line":56,"column":1}},"2":{"start":{"line":28,"column":21},"end":{"line":28,"column":66}},"3":{"start":{"line":31,"column":6},"end":{"line":31,"column":11}},"4":{"start":{"line":32,"column":15},"end":{"line":32,"column":19}},"5":{"start":{"line":34,"column":2},"end":{"line":34,"column":87}},"6":{"start":{"line":34,"column":16},"end":{"line":34,"column":85}},"7":{"start":{"line":35,"column":2},"end":{"line":35,"column":48}},"8":{"start":{"line":35,"column":19},"end":{"line":35,"column":46}},"9":{"start":{"line":37,"column":2},"end":{"line":55,"column":4}},"10":{"start":{"line":58,"column":0},"end":{"line":65,"column":2}},"11":{"start":{"line":67,"column":0},"end":{"line":73,"column":2}}},"fnMap":{"0":{"name":"(anonymous_0)","decl":{"start":{"line":27,"column":22},"end":{"line":27,"column":23}},"loc":{"start":{"line":27,"column":33},"end":{"line":56,"column":1}},"line":27}},"branchMap":{"0":{"loc":{"start":{"line":34,"column":2},"end":{"line":34,"column":87}},"type":"if","locations":[{"start":{"line":34,"column":2},"end":{"line":34,"column":87}},{"start":{"line":34,"column":2},"end":{"line":34,"column":87}}],"line":34},"1":{"loc":{"start":{"line":35,"column":2},"end":{"line":35,"column":48}},"type":"if","locations":[{"start":{"line":35,"column":2},"end":{"line":35,"column":48}},{"start":{"line":35,"column":2},"end":{"line":35,"column":48}}],"line":35},"2":{"loc":{"start":{"line":39,"column":7},"end":{"line":41,"column":14}},"type":"cond-expr","locations":[{"start":{"line":40,"column":10},"end":{"line":40,"column":79}},{"start":{"line":41,"column":10},"end":{"line":41,"column":14}}],"line":39},"3":{"loc":{"start":{"line":45,"column":9},"end":{"line":47,"column":16}},"type":"cond-expr","locations":[{"start":{"line":46,"column":12},"end":{"line":46,"column":107}},{"start":{"line":47,"column":12},"end":{"line":47,"column":16}}],"line":45},"4":{"loc":{"start":{"line":45,"column":9},"end":{"line":45,"column":36}},"type":"binary-expr","locations":[{"start":{"line":45,"column":9},"end":{"line":45,"column":19}},{"start":{"line":45,"column":23},"end":{"line":45,"column":36}}],"line":45},"5":{"loc":{"start":{"line":49,"column":9},"end":{"line":51,"column":16}},"type":"cond-expr","locations":[{"start":{"line":50,"column":12},"end":{"line":50,"column":113}},{"start":{"line":51,"column":12},"end":{"line":51,"column":16}}],"line":49}},"s":{"0":1,"1":1,"2":10,"3":10,"4":10,"5":10,"6":2,"7":10,"8":1,"9":10,"10":1,"11":1},"f":{"0":10},"b":{"0":[2,8],"1":[1,9],"2":[2,8],"3":[5,5],"4":[10,6],"5":[3,7]},"_coverageSchema":"332fd63041d2c1bcb487cc26dd0d5f7d97098a6c","hash":"e601769ec10455585194599adf8d7a97d6581b86"}
,"/Users/georgegillams/Documents/projects/backpack/packages/bpk-component-badge/src/BpkBadge.js": {"path":"/Users/georgegillams/Documents/projects/backpack/packages/bpk-component-badge/src/BpkBadge.js","statementMap":{"0":{"start":{"line":25,"column":21},"end":{"line":25,"column":39}},"1":{"start":{"line":27,"column":17},"end":{"line":39,"column":1}},"2":{"start":{"line":30,"column":6},"end":{"line":30,"column":11}},"3":{"start":{"line":31,"column":21},"end":{"line":31,"column":48}},"4":{"start":{"line":33,"column":2},"end":{"line":33,"column":87}},"5":{"start":{"line":33,"column":28},"end":{"line":33,"column":85}},"6":{"start":{"line":34,"column":2},"end":{"line":34,"column":85}},"7":{"start":{"line":34,"column":27},"end":{"line":34,"column":83}},"8":{"start":{"line":35,"column":2},"end":{"line":35,"column":73}},"9":{"start":{"line":35,"column":18},"end":{"line":35,"column":71}},"10":{"start":{"line":36,"column":2},"end":{"line":36,"column":48}},"11":{"start":{"line":36,"column":19},"end":{"line":36,"column":46}},"12":{"start":{"line":38,"column":2},"end":{"line":38,"column":61}},"13":{"start":{"line":41,"column":0},"end":{"line":45,"column":2}},"14":{"start":{"line":47,"column":0},"end":{"line":51,"column":2}}},"fnMap":{"0":{"name":"(anonymous_0)","decl":{"start":{"line":27,"column":17},"end":{"line":27,"column":18}},"loc":{"start":{"line":27,"column":28},"end":{"line":39,"column":1}},"line":27}},"branchMap":{"0":{"loc":{"start":{"line":33,"column":2},"end":{"line":33,"column":87}},"type":"if","locations":[{"start":{"line":33,"column":2},"end":{"line":33,"column":87}},{"start":{"line":33,"column":2},"end":{"line":33,"column":87}}],"line":33},"1":{"loc":{"start":{"line":34,"column":2},"end":{"line":34,"column":85}},"type":"if","locations":[{"start":{"line":34,"column":2},"end":{"line":34,"column":85}},{"start":{"line":34,"column":2},"end":{"line":34,"column":85}}],"line":34},"2":{"loc":{"start":{"line":35,"column":2},"end":{"line":35,"column":73}},"type":"if","locations":[{"start":{"line":35,"column":2},"end":{"line":35,"column":73}},{"start":{"line":35,"column":2},"end":{"line":35,"column":73}}],"line":35},"3":{"loc":{"start":{"line":36,"column":2},"end":{"line":36,"column":48}},"type":"if","locations":[{"start":{"line":36,"column":2},"end":{"line":36,"column":48}},{"start":{"line":36,"column":2},"end":{"line":36,"column":48}}],"line":36}},"s":{"0":1,"1":1,"2":4,"3":4,"4":4,"5":1,"6":4,"7":1,"8":4,"9":1,"10":4,"11":0,"12":4,"13":1,"14":1},"f":{"0":4},"b":{"0":[1,3],"1":[1,3],"2":[1,3],"3":[0,4]},"_coverageSchema":"332fd63041d2c1bcb487cc26dd0d5f7d97098a6c","hash":"92906f0cea9c5413e5853b054a7ee0f156853bb9"}
,"/Users/georgegillams/Documents/projects/backpack/packages/bpk-component-banner-alert/src/BpkBannerAlert.js": {"path":"/Users/georgegillams/Documents/projects/backpack/packages/bpk-component-banner-alert/src/BpkBannerAlert.js","statementMap":{"0":{"start":{"line":32,"column":21},"end":{"line":32,"column":39}},"1":{"start":{"line":34,"column":20},"end":{"line":34,"column":55}},"2":{"start":{"line":35,"column":17},"end":{"line":35,"column":52}},"3":{"start":{"line":36,"column":18},"end":{"line":36,"column":53}},"4":{"start":{"line":37,"column":20},"end":{"line":37,"column":55}},"5":{"start":{"line":38,"column":19},"end":{"line":38,"column":55}},"6":{"start":{"line":40,"column":27},"end":{"line":45,"column":1}},"7":{"start":{"line":47,"column":25},"end":{"line":51,"column":1}},"8":{"start":{"line":53,"column":23},"end":{"line":62,"column":1}},"9":{"start":{"line":54,"column":14},"end":{"line":59,"column":3}},"10":{"start":{"line":61,"column":2},"end":{"line":61,"column":19}},"11":{"start":{"line":64,"column":21},"end":{"line":80,"column":1}},"12":{"start":{"line":65,"column":21},"end":{"line":65,"column":68}},"13":{"start":{"line":66,"column":2},"end":{"line":66,"column":98}},"14":{"start":{"line":66,"column":24},"end":{"line":66,"column":96}},"15":{"start":{"line":68,"column":2},"end":{"line":79,"column":4}},"16":{"start":{"line":82,"column":0},"end":{"line":85,"column":2}},"17":{"start":{"line":89,"column":4},"end":{"line":89,"column":17}},"18":{"start":{"line":91,"column":4},"end":{"line":93,"column":6}},"19":{"start":{"line":95,"column":4},"end":{"line":95,"column":45}},"20":{"start":{"line":96,"column":4},"end":{"line":96,"column":47}},"21":{"start":{"line":100,"column":4},"end":{"line":102,"column":8}},"22":{"start":{"line":100,"column":28},"end":{"line":102,"column":5}},"23":{"start":{"line":106,"column":4},"end":{"line":108,"column":5}},"24":{"start":{"line":107,"column":6},"end":{"line":107,"column":29}},"25":{"start":{"line":124,"column":8},"end":{"line":124,"column":18}},"26":{"start":{"line":125,"column":23},"end":{"line":125,"column":42}},"27":{"start":{"line":126,"column":25},"end":{"line":126,"column":33}},"28":{"start":{"line":127,"column":25},"end":{"line":127,"column":51}},"29":{"start":{"line":128,"column":22},"end":{"line":128,"column":31}},"30":{"start":{"line":130,"column":29},"end":{"line":130,"column":71}},"31":{"start":{"line":131,"column":30},"end":{"line":132,"column":62}},"32":{"start":{"line":132,"column":31},"end":{"line":132,"column":61}},"33":{"start":{"line":134,"column":4},"end":{"line":134,"column":57}},"34":{"start":{"line":134,"column":21},"end":{"line":134,"column":55}},"35":{"start":{"line":135,"column":4},"end":{"line":138,"column":5}},"36":{"start":{"line":136,"column":6},"end":{"line":136,"column":82}},"37":{"start":{"line":137,"column":6},"end":{"line":137,"column":31}},"38":{"start":{"line":147,"column":4},"end":{"line":177,"column":6}},"39":{"start":{"line":182,"column":0},"end":{"line":202,"column":2}},"40":{"start":{"line":204,"column":0},"end":{"line":213,"column":2}}},"fnMap":{"0":{"name":"(anonymous_0)","decl":{"start":{"line":53,"column":23},"end":{"line":53,"column":24}},"loc":{"start":{"line":53,"column":33},"end":{"line":62,"column":1}},"line":53},"1":{"name":"(anonymous_1)","decl":{"start":{"line":64,"column":21},"end":{"line":64,"column":22}},"loc":{"start":{"line":64,"column":32},"end":{"line":80,"column":1}},"line":64},"2":{"name":"(anonymous_2)","decl":{"start":{"line":88,"column":2},"end":{"line":88,"column":3}},"loc":{"start":{"line":88,"column":21},"end":{"line":97,"column":3}},"line":88},"3":{"name":"(anonymous_3)","decl":{"start":{"line":99,"column":2},"end":{"line":99,"column":3}},"loc":{"start":{"line":99,"column":13},"end":{"line":103,"column":3}},"line":99},"4":{"name":"(anonymous_4)","decl":{"start":{"line":100,"column":18},"end":{"line":100,"column":19}},"loc":{"start":{"line":100,"column":28},"end":{"line":102,"column":5}},"line":100},"5":{"name":"(anonymous_5)","decl":{"start":{"line":105,"column":2},"end":{"line":105,"column":3}},"loc":{"start":{"line":105,"column":14},"end":{"line":109,"column":3}},"line":105},"6":{"name":"(anonymous_6)","decl":{"start":{"line":111,"column":2},"end":{"line":111,"column":3}},"loc":{"start":{"line":111,"column":11},"end":{"line":179,"column":3}},"line":111},"7":{"name":"(anonymous_7)","decl":{"start":{"line":132,"column":11},"end":{"line":132,"column":12}},"loc":{"start":{"line":132,"column":31},"end":{"line":132,"column":61}},"line":132}},"branchMap":{"0":{"loc":{"start":{"line":66,"column":2},"end":{"line":66,"column":98}},"type":"if","locations":[{"start":{"line":66,"column":2},"end":{"line":66,"column":98}},{"start":{"line":66,"column":2},"end":{"line":66,"column":98}}],"line":66},"1":{"loc":{"start":{"line":106,"column":4},"end":{"line":108,"column":5}},"type":"if","locations":[{"start":{"line":106,"column":4},"end":{"line":108,"column":5}},{"start":{"line":106,"column":4},"end":{"line":108,"column":5}}],"line":106},"2":{"loc":{"start":{"line":127,"column":25},"end":{"line":127,"column":51}},"type":"binary-expr","locations":[{"start":{"line":127,"column":25},"end":{"line":127,"column":37}},{"start":{"line":127,"column":41},"end":{"line":127,"column":51}}],"line":127},"3":{"loc":{"start":{"line":134,"column":4},"end":{"line":134,"column":57}},"type":"if","locations":[{"start":{"line":134,"column":4},"end":{"line":134,"column":57}},{"start":{"line":134,"column":4},"end":{"line":134,"column":57}}],"line":134},"4":{"loc":{"start":{"line":135,"column":4},"end":{"line":138,"column":5}},"type":"if","locations":[{"start":{"line":135,"column":4},"end":{"line":138,"column":5}},{"start":{"line":135,"column":4},"end":{"line":138,"column":5}}],"line":135},"5":{"loc":{"start":{"line":147,"column":11},"end":{"line":177,"column":5}},"type":"cond-expr","locations":[{"start":{"line":147,"column":19},"end":{"line":147,"column":23}},{"start":{"line":148,"column":6},"end":{"line":176,"column":16}}],"line":147},"6":{"loc":{"start":{"line":159,"column":11},"end":{"line":163,"column":18}},"type":"cond-expr","locations":[{"start":{"line":160,"column":12},"end":{"line":162,"column":19}},{"start":{"line":163,"column":14},"end":{"line":163,"column":18}}],"line":159},"7":{"loc":{"start":{"line":164,"column":11},"end":{"line":171,"column":18}},"type":"cond-expr","locations":[{"start":{"line":165,"column":12},"end":{"line":170,"column":14}},{"start":{"line":171,"column":14},"end":{"line":171,"column":18}}],"line":164},"8":{"loc":{"start":{"line":173,"column":70},"end":{"line":173,"column":95}},"type":"cond-expr","locations":[{"start":{"line":173,"column":85},"end":{"line":173,"column":91}},{"start":{"line":173,"column":94},"end":{"line":173,"column":95}}],"line":173}},"s":{"0":1,"1":1,"2":1,"3":1,"4":1,"5":1,"6":1,"7":1,"8":1,"9":8,"10":8,"11":1,"12":2,"13":2,"14":0,"15":2,"16":1,"17":9,"18":9,"19":9,"20":9,"21":0,"22":0,"23":0,"24":0,"25":9,"26":9,"27":9,"28":9,"29":9,"30":9,"31":9,"32":18,"33":9,"34":1,"35":9,"36":2,"37":2,"38":9,"39":1,"40":1},"f":{"0":8,"1":2,"2":9,"3":0,"4":0,"5":0,"6":9,"7":18},"b":{"0":[0,2],"1":[0,0],"2":[9,2],"3":[1,8],"4":[2,7],"5":[1,8],"6":[2,6],"7":[1,7],"8":[0,8]},"_coverageSchema":"332fd63041d2c1bcb487cc26dd0d5f7d97098a6c","hash":"7cb845ecccfeda10938330f9067bc07bd2d7f15e"}
,"/Users/georgegillams/Documents/projects/backpack/packages/bpk-component-barchart/src/BpkBarchart.js": {"path":"/Users/georgegillams/Documents/projects/backpack/packages/bpk-component-barchart/src/BpkBarchart.js","statementMap":{"0":{"start":{"line":40,"column":21},"end":{"line":40,"column":39}},"1":{"start":{"line":42,"column":16},"end":{"line":42,"column":34}},"2":{"start":{"line":43,"column":19},"end":{"line":43,"column":40}},"3":{"start":{"line":45,"column":21},"end":{"line":56,"column":1}},"4":{"start":{"line":47,"column":4},"end":{"line":47,"column":61}},"5":{"start":{"line":47,"column":32},"end":{"line":47,"column":37}},"6":{"start":{"line":48,"column":20},"end":{"line":48,"column":43}},"7":{"start":{"line":50,"column":2},"end":{"line":55,"column":16}},"8":{"start":{"line":60,"column":4},"end":{"line":60,"column":17}},"9":{"start":{"line":62,"column":4},"end":{"line":65,"column":6}},"10":{"start":{"line":67,"column":4},"end":{"line":67,"column":30}},"11":{"start":{"line":68,"column":4},"end":{"line":68,"column":32}},"12":{"start":{"line":70,"column":4},"end":{"line":70,"column":61}},"13":{"start":{"line":71,"column":4},"end":{"line":71,"column":63}},"14":{"start":{"line":75,"column":4},"end":{"line":75,"column":28}},"15":{"start":{"line":76,"column":4},"end":{"line":76,"column":59}},"16":{"start":{"line":80,"column":4},"end":{"line":80,"column":62}},"17":{"start":{"line":84,"column":4},"end":{"line":86,"column":5}},"18":{"start":{"line":85,"column":6},"end":{"line":85,"column":13}},"19":{"start":{"line":88,"column":30},"end":{"line":88,"column":64}},"20":{"start":{"line":90,"column":4},"end":{"line":90,"column":37}},"21":{"start":{"line":120,"column":8},"end":{"line":120,"column":18}},"22":{"start":{"line":122,"column":28},"end":{"line":122,"column":56}},"23":{"start":{"line":123,"column":19},"end":{"line":128,"column":6}},"24":{"start":{"line":130,"column":23},"end":{"line":130,"column":53}},"25":{"start":{"line":131,"column":4},"end":{"line":131,"column":50}},"26":{"start":{"line":131,"column":21},"end":{"line":131,"column":48}},"27":{"start":{"line":133,"column":18},"end":{"line":133,"column":63}},"28":{"start":{"line":134,"column":19},"end":{"line":134,"column":65}},"29":{"start":{"line":135,"column":22},"end":{"line":135,"column":101}},"30":{"start":{"line":135,"column":49},"end":{"line":135,"column":65}},"31":{"start":{"line":137,"column":4},"end":{"line":137,"column":39}},"32":{"start":{"line":138,"column":4},"end":{"line":138,"column":67}},"33":{"start":{"line":138,"column":48},"end":{"line":138,"column":64}},"34":{"start":{"line":139,"column":4},"end":{"line":139,"column":40}},"35":{"start":{"line":140,"column":4},"end":{"line":140,"column":39}},"36":{"start":{"line":142,"column":4},"end":{"line":211,"column":6}},"37":{"start":{"line":156,"column":28},"end":{"line":156,"column":47}},"38":{"start":{"line":215,"column":0},"end":{"line":241,"column":2}},"39":{"start":{"line":243,"column":0},"end":{"line":262,"column":2}},"40":{"start":{"line":258,"column":56},"end":{"line":258,"column":107}},"41":{"start":{"line":259,"column":25},"end":{"line":259,"column":30}}},"fnMap":{"0":{"name":"(anonymous_0)","decl":{"start":{"line":45,"column":21},"end":{"line":45,"column":22}},"loc":{"start":{"line":45,"column":71},"end":{"line":56,"column":1}},"line":45},"1":{"name":"(anonymous_1)","decl":{"start":{"line":47,"column":22},"end":{"line":47,"column":23}},"loc":{"start":{"line":47,"column":32},"end":{"line":47,"column":37}},"line":47},"2":{"name":"(anonymous_2)","decl":{"start":{"line":59,"column":2},"end":{"line":59,"column":3}},"loc":{"start":{"line":59,"column":21},"end":{"line":72,"column":3}},"line":59},"3":{"name":"(anonymous_3)","decl":{"start":{"line":74,"column":2},"end":{"line":74,"column":3}},"loc":{"start":{"line":74,"column":22},"end":{"line":77,"column":3}},"line":74},"4":{"name":"(anonymous_4)","decl":{"start":{"line":79,"column":2},"end":{"line":79,"column":3}},"loc":{"start":{"line":79,"column":25},"end":{"line":81,"column":3}},"line":79},"5":{"name":"(anonymous_5)","decl":{"start":{"line":83,"column":2},"end":{"line":83,"column":3}},"loc":{"start":{"line":83,"column":21},"end":{"line":91,"column":3}},"line":83},"6":{"name":"(anonymous_6)","decl":{"start":{"line":93,"column":2},"end":{"line":93,"column":3}},"loc":{"start":{"line":93,"column":11},"end":{"line":212,"column":3}},"line":93},"7":{"name":"(anonymous_7)","decl":{"start":{"line":135,"column":44},"end":{"line":135,"column":45}},"loc":{"start":{"line":135,"column":49},"end":{"line":135,"column":65}},"line":135},"8":{"name":"(anonymous_8)","decl":{"start":{"line":138,"column":43},"end":{"line":138,"column":44}},"loc":{"start":{"line":138,"column":48},"end":{"line":138,"column":64}},"line":138},"9":{"name":"(anonymous_9)","decl":{"start":{"line":156,"column":15},"end":{"line":156,"column":16}},"loc":{"start":{"line":156,"column":26},"end":{"line":156,"column":49}},"line":156},"10":{"name":"(anonymous_10)","decl":{"start":{"line":258,"column":15},"end":{"line":258,"column":16}},"loc":{"start":{"line":258,"column":56},"end":{"line":258,"column":107}},"line":258},"11":{"name":"(anonymous_11)","decl":{"start":{"line":259,"column":19},"end":{"line":259,"column":20}},"loc":{"start":{"line":259,"column":25},"end":{"line":259,"column":30}},"line":259}},"branchMap":{"0":{"loc":{"start":{"line":50,"column":9},"end":{"line":55,"column":15}},"type":"cond-expr","locations":[{"start":{"line":51,"column":6},"end":{"line":54,"column":5}},{"start":{"line":55,"column":6},"end":{"line":55,"column":15}}],"line":50},"1":{"loc":{"start":{"line":84,"column":4},"end":{"line":86,"column":5}},"type":"if","locations":[{"start":{"line":84,"column":4},"end":{"line":86,"column":5}},{"start":{"line":84,"column":4},"end":{"line":86,"column":5}}],"line":84},"2":{"loc":{"start":{"line":131,"column":4},"end":{"line":131,"column":50}},"type":"if","locations":[{"start":{"line":131,"column":4},"end":{"line":131,"column":50}},{"start":{"line":131,"column":4},"end":{"line":131,"column":50}}],"line":131},"3":{"loc":{"start":{"line":144,"column":9},"end":{"line":150,"column":10}},"type":"binary-expr","locations":[{"start":{"line":144,"column":9},"end":{"line":144,"column":26}},{"start":{"line":144,"column":30},"end":{"line":150,"column":10}}],"line":144},"4":{"loc":{"start":{"line":184,"column":14},"end":{"line":190,"column":14}},"type":"binary-expr","locations":[{"start":{"line":184,"column":14},"end":{"line":184,"column":27}},{"start":{"line":184,"column":31},"end":{"line":190,"column":14}}],"line":184},"5":{"loc":{"start":{"line":200,"column":28},"end":{"line":200,"column":57}},"type":"cond-expr","locations":[{"start":{"line":200,"column":44},"end":{"line":200,"column":53}},{"start":{"line":200,"column":56},"end":{"line":200,"column":57}}],"line":200}},"s":{"0":1,"1":1,"2":1,"3":1,"4":9,"5":108,"6":9,"7":9,"8":9,"9":9,"10":9,"11":9,"12":9,"13":9,"14":9,"15":9,"16":0,"17":9,"18":9,"19":0,"20":0,"21":9,"22":9,"23":9,"24":9,"25":9,"26":0,"27":9,"28":9,"29":9,"30":108,"31":9,"32":9,"33":108,"34":9,"35":9,"36":9,"37":0,"38":1,"39":1,"40":0,"41":0},"f":{"0":9,"1":108,"2":9,"3":9,"4":0,"5":9,"6":9,"7":108,"8":108,"9":0,"10":0,"11":0},"b":{"0":[0,9],"1":[9,0],"2":[0,9],"3":[9,8],"4":[9,1],"5":[1,8]},"_coverageSchema":"332fd63041d2c1bcb487cc26dd0d5f7d97098a6c","hash":"00931ababe13723859bc1bde3d132d7802309cee"}
,"/Users/georgegillams/Documents/projects/backpack/packages/bpk-component-barchart/src/BpkBarchartBar.js": {"path":"/Users/georgegillams/Documents/projects/backpack/packages/bpk-component-barchart/src/BpkBarchartBar.js","statementMap":{"0":{"start":{"line":27,"column":21},"end":{"line":27,"column":39}},"1":{"start":{"line":29,"column":17},"end":{"line":32,"column":1}},"2":{"start":{"line":34,"column":28},"end":{"line":39,"column":1}},"3":{"start":{"line":34,"column":40},"end":{"line":39,"column":1}},"4":{"start":{"line":35,"column":2},"end":{"line":38,"column":3}},"5":{"start":{"line":36,"column":4},"end":{"line":36,"column":27}},"6":{"start":{"line":37,"column":4},"end":{"line":37,"column":20}},"7":{"start":{"line":41,"column":21},"end":{"line":41,"column":44}},"8":{"start":{"line":43,"column":23},"end":{"line":103,"column":1}},"9":{"start":{"line":58,"column":6},"end":{"line":58,"column":11}},"10":{"start":{"line":60,"column":21},"end":{"line":60,"column":55}},"11":{"start":{"line":61,"column":25},"end":{"line":61,"column":65}},"12":{"start":{"line":62,"column":33},"end":{"line":62,"column":82}},"13":{"start":{"line":64,"column":2},"end":{"line":64,"column":48}},"14":{"start":{"line":64,"column":19},"end":{"line":64,"column":46}},"15":{"start":{"line":65,"column":2},"end":{"line":65,"column":80}},"16":{"start":{"line":65,"column":18},"end":{"line":65,"column":78}},"17":{"start":{"line":66,"column":2},"end":{"line":66,"column":104}},"18":{"start":{"line":66,"column":39},"end":{"line":66,"column":102}},"19":{"start":{"line":67,"column":2},"end":{"line":67,"column":88}},"20":{"start":{"line":67,"column":17},"end":{"line":67,"column":86}},"21":{"start":{"line":69,"column":24},"end":{"line":69,"column":47}},"22":{"start":{"line":70,"column":22},"end":{"line":70,"column":43}},"23":{"start":{"line":71,"column":20},"end":{"line":71,"column":41}},"24":{"start":{"line":73,"column":2},"end":{"line":102,"column":4}},"25":{"start":{"line":105,"column":0},"end":{"line":118,"column":2}},"26":{"start":{"line":120,"column":0},"end":{"line":128,"column":2}}},"fnMap":{"0":{"name":"(anonymous_0)","decl":{"start":{"line":34,"column":28},"end":{"line":34,"column":29}},"loc":{"start":{"line":34,"column":40},"end":{"line":39,"column":1}},"line":34},"1":{"name":"(anonymous_1)","decl":{"start":{"line":34,"column":40},"end":{"line":34,"column":41}},"loc":{"start":{"line":34,"column":51},"end":{"line":39,"column":1}},"line":34},"2":{"name":"(anonymous_2)","decl":{"start":{"line":43,"column":23},"end":{"line":43,"column":24}},"loc":{"start":{"line":43,"column":34},"end":{"line":103,"column":1}},"line":43}},"branchMap":{"0":{"loc":{"start":{"line":35,"column":2},"end":{"line":38,"column":3}},"type":"if","locations":[{"start":{"line":35,"column":2},"end":{"line":38,"column":3}},{"start":{"line":35,"column":2},"end":{"line":38,"column":3}}],"line":35},"1":{"loc":{"start":{"line":35,"column":6},"end":{"line":35,"column":77}},"type":"binary-expr","locations":[{"start":{"line":35,"column":6},"end":{"line":35,"column":38}},{"start":{"line":35,"column":42},"end":{"line":35,"column":77}}],"line":35},"2":{"loc":{"start":{"line":64,"column":2},"end":{"line":64,"column":48}},"type":"if","locations":[{"start":{"line":64,"column":2},"end":{"line":64,"column":48}},{"start":{"line":64,"column":2},"end":{"line":64,"column":48}}],"line":64},"3":{"loc":{"start":{"line":65,"column":2},"end":{"line":65,"column":80}},"type":"if","locations":[{"start":{"line":65,"column":2},"end":{"line":65,"column":80}},{"start":{"line":65,"column":2},"end":{"line":65,"column":80}}],"line":65},"4":{"loc":{"start":{"line":66,"column":2},"end":{"line":66,"column":104}},"type":"if","locations":[{"start":{"line":66,"column":2},"end":{"line":66,"column":104}},{"start":{"line":66,"column":2},"end":{"line":66,"column":104}}],"line":66},"5":{"loc":{"start":{"line":66,"column":6},"end":{"line":66,"column":35}},"type":"binary-expr","locations":[{"start":{"line":66,"column":6},"end":{"line":66,"column":13}},{"start":{"line":66,"column":17},"end":{"line":66,"column":24}},{"start":{"line":66,"column":28},"end":{"line":66,"column":35}}],"line":66},"6":{"loc":{"start":{"line":67,"column":2},"end":{"line":67,"column":88}},"type":"if","locations":[{"start":{"line":67,"column":2},"end":{"line":67,"column":88}},{"start":{"line":67,"column":2},"end":{"line":67,"column":88}}],"line":67},"7":{"loc":{"start":{"line":69,"column":27},"end":{"line":69,"column":46}},"type":"binary-expr","locations":[{"start":{"line":69,"column":27},"end":{"line":69,"column":34}},{"start":{"line":69,"column":38},"end":{"line":69,"column":46}}],"line":69},"8":{"loc":{"start":{"line":92,"column":17},"end":{"line":92,"column":37}},"type":"binary-expr","locations":[{"start":{"line":92,"column":17},"end":{"line":92,"column":24}},{"start":{"line":92,"column":28},"end":{"line":92,"column":37}}],"line":92},"9":{"loc":{"start":{"line":93,"column":17},"end":{"line":93,"column":37}},"type":"binary-expr","locations":[{"start":{"line":93,"column":17},"end":{"line":93,"column":24}},{"start":{"line":93,"column":28},"end":{"line":93,"column":37}}],"line":93},"10":{"loc":{"start":{"line":94,"column":17},"end":{"line":94,"column":37}},"type":"binary-expr","locations":[{"start":{"line":94,"column":17},"end":{"line":94,"column":24}},{"start":{"line":94,"column":28},"end":{"line":94,"column":37}}],"line":94},"11":{"loc":{"start":{"line":95,"column":19},"end":{"line":95,"column":69}},"type":"cond-expr","locations":[{"start":{"line":95,"column":29},"end":{"line":95,"column":57}},{"start":{"line":95,"column":60},"end":{"line":95,"column":69}}],"line":95},"12":{"loc":{"start":{"line":96,"column":18},"end":{"line":96,"column":41}},"type":"cond-expr","locations":[{"start":{"line":96,"column":28},"end":{"line":96,"column":29}},{"start":{"line":96,"column":32},"end":{"line":96,"column":41}}],"line":96},"13":{"loc":{"start":{"line":97,"column":14},"end":{"line":97,"column":44}},"type":"cond-expr","locations":[{"start":{"line":97,"column":24},"end":{"line":97,"column":32}},{"start":{"line":97,"column":35},"end":{"line":97,"column":44}}],"line":97}},"s":{"0":3,"1":3,"2":3,"3":2,"4":0,"5":0,"6":0,"7":3,"8":3,"9":8,"10":8,"11":8,"12":8,"13":8,"14":0,"15":8,"16":2,"17":8,"18":4,"19":8,"20":1,"21":8,"22":8,"23":8,"24":8,"25":3,"26":3},"f":{"0":2,"1":0,"2":8},"b":{"0":[0,0],"1":[0,0],"2":[0,8],"3":[2,6],"4":[4,4],"5":[8,6,5],"6":[1,7],"7":[8,2],"8":[8,6],"9":[8,7],"10":[8,7],"11":[2,6],"12":[2,6],"13":[2,6]},"_coverageSchema":"332fd63041d2c1bcb487cc26dd0d5f7d97098a6c","hash":"f99132008406d9ed576ae23ac5adda40a16038cd"}
,"/Users/georgegillams/Documents/projects/backpack/packages/bpk-component-barchart/src/BpkBarchartBars.js": {"path":"/Users/georgegillams/Documents/projects/backpack/packages/bpk-component-barchart/src/BpkBarchartBars.js","statementMap":{"0":{"start":{"line":24,"column":21},"end":{"line":24,"column":44}},"1":{"start":{"line":26,"column":16},"end":{"line":27,"column":51}},"2":{"start":{"line":27,"column":2},"end":{"line":27,"column":51}},"3":{"start":{"line":29,"column":21},"end":{"line":41,"column":1}},"4":{"start":{"line":36,"column":4},"end":{"line":39,"column":56}},"5":{"start":{"line":40,"column":2},"end":{"line":40,"column":32}},"6":{"start":{"line":43,"column":18},"end":{"line":44,"column":34}},"7":{"start":{"line":44,"column":2},"end":{"line":44,"column":34}},"8":{"start":{"line":46,"column":24},"end":{"line":101,"column":1}},"9":{"start":{"line":65,"column":6},"end":{"line":65,"column":11}},"10":{"start":{"line":67,"column":2},"end":{"line":67,"column":36}},"11":{"start":{"line":70,"column":2},"end":{"line":70,"column":25}},"12":{"start":{"line":72,"column":19},"end":{"line":72,"column":37}},"13":{"start":{"line":74,"column":2},"end":{"line":100,"column":4}},"14":{"start":{"line":77,"column":18},"end":{"line":77,"column":46}},"15":{"start":{"line":78,"column":18},"end":{"line":78,"column":70}},"16":{"start":{"line":79,"column":24},"end":{"line":79,"column":47}},"17":{"start":{"line":80,"column":26},"end":{"line":80,"column":52}},"18":{"start":{"line":81,"column":8},"end":{"line":97,"column":10}},"19":{"start":{"line":90,"column":39},"end":{"line":90,"column":63}},"20":{"start":{"line":91,"column":39},"end":{"line":91,"column":63}},"21":{"start":{"line":92,"column":39},"end":{"line":92,"column":63}},"22":{"start":{"line":103,"column":0},"end":{"line":126,"column":2}},"23":{"start":{"line":128,"column":0},"end":{"line":135,"column":2}},"24":{"start":{"line":134,"column":25},"end":{"line":134,"column":30}}},"fnMap":{"0":{"name":"(anonymous_0)","decl":{"start":{"line":26,"column":16},"end":{"line":26,"column":17}},"loc":{"start":{"line":27,"column":2},"end":{"line":27,"column":51}},"line":27},"1":{"name":"(anonymous_1)","decl":{"start":{"line":29,"column":21},"end":{"line":29,"column":22}},"loc":{"start":{"line":34,"column":5},"end":{"line":41,"column":1}},"line":34},"2":{"name":"(anonymous_2)","decl":{"start":{"line":43,"column":18},"end":{"line":43,"column":19}},"loc":{"start":{"line":44,"column":2},"end":{"line":44,"column":34}},"line":44},"3":{"name":"(anonymous_3)","decl":{"start":{"line":46,"column":24},"end":{"line":46,"column":25}},"loc":{"start":{"line":46,"column":35},"end":{"line":101,"column":1}},"line":46},"4":{"name":"(anonymous_4)","decl":{"start":{"line":76,"column":16},"end":{"line":76,"column":17}},"loc":{"start":{"line":76,"column":30},"end":{"line":98,"column":7}},"line":76},"5":{"name":"(anonymous_5)","decl":{"start":{"line":90,"column":34},"end":{"line":90,"column":35}},"loc":{"start":{"line":90,"column":39},"end":{"line":90,"column":63}},"line":90},"6":{"name":"(anonymous_6)","decl":{"start":{"line":91,"column":34},"end":{"line":91,"column":35}},"loc":{"start":{"line":91,"column":39},"end":{"line":91,"column":63}},"line":91},"7":{"name":"(anonymous_7)","decl":{"start":{"line":92,"column":34},"end":{"line":92,"column":35}},"loc":{"start":{"line":92,"column":39},"end":{"line":92,"column":63}},"line":92},"8":{"name":"(anonymous_8)","decl":{"start":{"line":134,"column":19},"end":{"line":134,"column":20}},"loc":{"start":{"line":134,"column":25},"end":{"line":134,"column":30}},"line":134}},"branchMap":{"0":{"loc":{"start":{"line":85,"column":15},"end":{"line":85,"column":45}},"type":"cond-expr","locations":[{"start":{"line":85,"column":25},"end":{"line":85,"column":41}},{"start":{"line":85,"column":44},"end":{"line":85,"column":45}}],"line":85},"1":{"loc":{"start":{"line":87,"column":20},"end":{"line":87,"column":66}},"type":"cond-expr","locations":[{"start":{"line":87,"column":30},"end":{"line":87,"column":54}},{"start":{"line":87,"column":57},"end":{"line":87,"column":66}}],"line":87},"2":{"loc":{"start":{"line":90,"column":21},"end":{"line":90,"column":70}},"type":"cond-expr","locations":[{"start":{"line":90,"column":34},"end":{"line":90,"column":63}},{"start":{"line":90,"column":66},"end":{"line":90,"column":70}}],"line":90},"3":{"loc":{"start":{"line":91,"column":21},"end":{"line":91,"column":70}},"type":"cond-expr","locations":[{"start":{"line":91,"column":34},"end":{"line":91,"column":63}},{"start":{"line":91,"column":66},"end":{"line":91,"column":70}}],"line":91},"4":{"loc":{"start":{"line":92,"column":21},"end":{"line":92,"column":70}},"type":"cond-expr","locations":[{"start":{"line":92,"column":34},"end":{"line":92,"column":63}},{"start":{"line":92,"column":66},"end":{"line":92,"column":70}}],"line":92}},"s":{"0":2,"1":2,"2":168,"3":2,"4":84,"5":84,"6":2,"7":168,"8":2,"9":7,"10":7,"11":7,"12":7,"13":7,"14":84,"15":84,"16":84,"17":84,"18":84,"19":0,"20":0,"21":0,"22":2,"23":2,"24":72},"f":{"0":168,"1":84,"2":168,"3":7,"4":84,"5":0,"6":0,"7":0,"8":72},"b":{"0":[84,0],"1":[84,0],"2":[12,72],"3":[12,72],"4":[12,72]},"_coverageSchema":"332fd63041d2c1bcb487cc26dd0d5f7d97098a6c","hash":"a61115ad663d64ed58811223640ae684f3196165"}
,"/Users/georgegillams/Documents/projects/backpack/packages/bpk-component-barchart/src/BpkBarchartDefs.js": {"path":"/Users/georgegillams/Documents/projects/backpack/packages/bpk-component-barchart/src/BpkBarchartDefs.js","statementMap":{"0":{"start":{"line":21,"column":28},"end":{"line":26,"column":1}},"1":{"start":{"line":28,"column":24},"end":{"line":43,"column":1}},"2":{"start":{"line":29,"column":2},"end":{"line":42,"column":9}}},"fnMap":{"0":{"name":"(anonymous_0)","decl":{"start":{"line":28,"column":24},"end":{"line":28,"column":25}},"loc":{"start":{"line":29,"column":2},"end":{"line":42,"column":9}},"line":29}},"branchMap":{},"s":{"0":2,"1":2,"2":1},"f":{"0":1},"b":{},"_coverageSchema":"332fd63041d2c1bcb487cc26dd0d5f7d97098a6c","hash":"396c5b76b828e8d85f8ff135b3fbedd640a994f3"}
,"/Users/georgegillams/Documents/projects/backpack/packages/bpk-component-barchart/src/BpkChartAxis.js": {"path":"/Users/georgegillams/Documents/projects/backpack/packages/bpk-component-barchart/src/BpkChartAxis.js","statementMap":{"0":{"start":{"line":29,"column":21},"end":{"line":29,"column":39}},"1":{"start":{"line":31,"column":16},"end":{"line":31,"column":34}},"2":{"start":{"line":32,"column":19},"end":{"line":32,"column":40}},"3":{"start":{"line":34,"column":22},"end":{"line":76,"column":1}},"4":{"start":{"line":37,"column":19},"end":{"line":37,"column":70}},"5":{"start":{"line":39,"column":2},"end":{"line":55,"column":3}},"6":{"start":{"line":40,"column":4},"end":{"line":54,"column":6}},"7":{"start":{"line":53,"column":28},"end":{"line":53,"column":47}},"8":{"start":{"line":57,"column":30},"end":{"line":57,"column":74}},"9":{"start":{"line":58,"column":26},"end":{"line":58,"column":95}},"10":{"start":{"line":59,"column":26},"end":{"line":59,"column":67}},"11":{"start":{"line":61,"column":2},"end":{"line":75,"column":4}},"12":{"start":{"line":74,"column":26},"end":{"line":74,"column":45}},"13":{"start":{"line":78,"column":21},"end":{"line":130,"column":1}},"14":{"start":{"line":91,"column":6},"end":{"line":91,"column":11}},"15":{"start":{"line":95,"column":6},"end":{"line":95,"column":26}},"16":{"start":{"line":97,"column":16},"end":{"line":99,"column":76}},"17":{"start":{"line":99,"column":39},"end":{"line":99,"column":75}},"18":{"start":{"line":101,"column":2},"end":{"line":129,"column":4}},"19":{"start":{"line":108,"column":8},"end":{"line":118,"column":12}},"20":{"start":{"line":132,"column":0},"end":{"line":149,"column":2}},"21":{"start":{"line":151,"column":0},"end":{"line":157,"column":2}}},"fnMap":{"0":{"name":"(anonymous_0)","decl":{"start":{"line":34,"column":22},"end":{"line":34,"column":23}},"loc":{"start":{"line":36,"column":6},"end":{"line":76,"column":1}},"line":36},"1":{"name":"(anonymous_1)","decl":{"start":{"line":53,"column":20},"end":{"line":53,"column":21}},"loc":{"start":{"line":53,"column":28},"end":{"line":53,"column":47}},"line":53},"2":{"name":"(anonymous_2)","decl":{"start":{"line":74,"column":18},"end":{"line":74,"column":19}},"loc":{"start":{"line":74,"column":26},"end":{"line":74,"column":45}},"line":74},"3":{"name":"(anonymous_3)","decl":{"start":{"line":78,"column":21},"end":{"line":78,"column":22}},"loc":{"start":{"line":78,"column":32},"end":{"line":130,"column":1}},"line":78},"4":{"name":"(anonymous_4)","decl":{"start":{"line":99,"column":26},"end":{"line":99,"column":27}},"loc":{"start":{"line":99,"column":39},"end":{"line":99,"column":75}},"line":99},"5":{"name":"(anonymous_5)","decl":{"start":{"line":107,"column":17},"end":{"line":107,"column":18}},"loc":{"start":{"line":108,"column":8},"end":{"line":118,"column":12}},"line":108}},"branchMap":{"0":{"loc":{"start":{"line":37,"column":20},"end":{"line":37,"column":55}},"type":"cond-expr","locations":[{"start":{"line":37,"column":38},"end":{"line":37,"column":44}},{"start":{"line":37,"column":47},"end":{"line":37,"column":55}}],"line":37},"1":{"loc":{"start":{"line":39,"column":2},"end":{"line":55,"column":3}},"type":"if","locations":[{"start":{"line":39,"column":2},"end":{"line":55,"column":3}},{"start":{"line":39,"column":2},"end":{"line":55,"column":3}}],"line":39},"2":{"loc":{"start":{"line":97,"column":16},"end":{"line":99,"column":76}},"type":"cond-expr","locations":[{"start":{"line":98,"column":4},"end":{"line":98,"column":25}},{"start":{"line":99,"column":4},"end":{"line":99,"column":76}}],"line":97},"3":{"loc":{"start":{"line":120,"column":8},"end":{"line":126,"column":15}},"type":"binary-expr","locations":[{"start":{"line":120,"column":8},"end":{"line":120,"column":13}},{"start":{"line":121,"column":8},"end":{"line":126,"column":15}}],"line":120}},"s":{"0":2,"1":2,"2":2,"3":2,"4":12,"5":12,"6":6,"7":32,"8":6,"9":6,"10":6,"11":6,"12":32,"13":2,"14":12,"15":12,"16":12,"17":36,"18":12,"19":64,"20":2,"21":2},"f":{"0":12,"1":32,"2":32,"3":12,"4":36,"5":64},"b":{"0":[6,6],"1":[6,6],"2":[6,6],"3":[12,2]},"_coverageSchema":"332fd63041d2c1bcb487cc26dd0d5f7d97098a6c","hash":"9f6540c4728ba376573a31de3bde58eb2e124b32"}
,"/Users/georgegillams/Documents/projects/backpack/packages/bpk-component-barchart/src/BpkChartDataTable.js": {"path":"/Users/georgegillams/Documents/projects/backpack/packages/bpk-component-barchart/src/BpkChartDataTable.js","statementMap":{"0":{"start":{"line":27,"column":21},"end":{"line":27,"column":39}},"1":{"start":{"line":29,"column":26},"end":{"line":57,"column":1}},"2":{"start":{"line":32,"column":6},"end":{"line":32,"column":11}},"3":{"start":{"line":33,"column":15},"end":{"line":42,"column":4}},"4":{"start":{"line":34,"column":16},"end":{"line":34,"column":43}},"5":{"start":{"line":36,"column":4},"end":{"line":41,"column":6}},"6":{"start":{"line":44,"column":2},"end":{"line":56,"column":4}},"7":{"start":{"line":59,"column":0},"end":{"line":65,"column":2}},"8":{"start":{"line":67,"column":0},"end":{"line":69,"column":2}}},"fnMap":{"0":{"name":"(anonymous_0)","decl":{"start":{"line":29,"column":26},"end":{"line":29,"column":27}},"loc":{"start":{"line":29,"column":37},"end":{"line":57,"column":1}},"line":29},"1":{"name":"(anonymous_1)","decl":{"start":{"line":33,"column":24},"end":{"line":33,"column":25}},"loc":{"start":{"line":33,"column":38},"end":{"line":42,"column":3}},"line":33}},"branchMap":{},"s":{"0":2,"1":2,"2":1,"3":1,"4":12,"5":12,"6":1,"7":2,"8":2},"f":{"0":1,"1":12},"b":{},"_coverageSchema":"332fd63041d2c1bcb487cc26dd0d5f7d97098a6c","hash":"df851f04d04883aa2f35c86b12e6f94959268d54"}
,"/Users/georgegillams/Documents/projects/backpack/packages/bpk-component-barchart/src/BpkChartGridLines.js": {"path":"/Users/georgegillams/Documents/projects/backpack/packages/bpk-component-barchart/src/BpkChartGridLines.js","statementMap":{"0":{"start":{"line":27,"column":21},"end":{"line":27,"column":39}},"1":{"start":{"line":29,"column":26},"end":{"line":66,"column":1}},"2":{"start":{"line":32,"column":6},"end":{"line":32,"column":11}},"3":{"start":{"line":34,"column":16},"end":{"line":36,"column":76}},"4":{"start":{"line":36,"column":39},"end":{"line":36,"column":75}},"5":{"start":{"line":37,"column":19},"end":{"line":37,"column":70}},"6":{"start":{"line":39,"column":20},"end":{"line":50,"column":3}},"7":{"start":{"line":40,"column":18},"end":{"line":40,"column":32}},"8":{"start":{"line":41,"column":4},"end":{"line":49,"column":6}},"9":{"start":{"line":52,"column":17},"end":{"line":59,"column":3}},"10":{"start":{"line":53,"column":4},"end":{"line":58,"column":6}},"11":{"start":{"line":61,"column":2},"end":{"line":65,"column":4}},"12":{"start":{"line":68,"column":0},"end":{"line":83,"column":2}},"13":{"start":{"line":85,"column":0},"end":{"line":89,"column":2}}},"fnMap":{"0":{"name":"(anonymous_0)","decl":{"start":{"line":29,"column":26},"end":{"line":29,"column":27}},"loc":{"start":{"line":29,"column":37},"end":{"line":66,"column":1}},"line":29},"1":{"name":"(anonymous_1)","decl":{"start":{"line":36,"column":26},"end":{"line":36,"column":27}},"loc":{"start":{"line":36,"column":39},"end":{"line":36,"column":75}},"line":36},"2":{"name":"(anonymous_2)","decl":{"start":{"line":39,"column":20},"end":{"line":39,"column":21}},"loc":{"start":{"line":39,"column":30},"end":{"line":50,"column":3}},"line":39},"3":{"name":"(anonymous_3)","decl":{"start":{"line":52,"column":17},"end":{"line":52,"column":18}},"loc":{"start":{"line":53,"column":4},"end":{"line":58,"column":6}},"line":53}},"branchMap":{"0":{"loc":{"start":{"line":34,"column":16},"end":{"line":36,"column":76}},"type":"cond-expr","locations":[{"start":{"line":35,"column":4},"end":{"line":35,"column":25}},{"start":{"line":36,"column":4},"end":{"line":36,"column":76}}],"line":34},"1":{"loc":{"start":{"line":37,"column":20},"end":{"line":37,"column":55}},"type":"cond-expr","locations":[{"start":{"line":37,"column":38},"end":{"line":37,"column":44}},{"start":{"line":37,"column":47},"end":{"line":37,"column":55}}],"line":37},"2":{"loc":{"start":{"line":41,"column":11},"end":{"line":49,"column":5}},"type":"cond-expr","locations":[{"start":{"line":41,"column":45},"end":{"line":45,"column":5}},{"start":{"line":45,"column":8},"end":{"line":49,"column":5}}],"line":41}},"s":{"0":2,"1":2,"2":10,"3":10,"4":36,"5":10,"6":10,"7":46,"8":46,"9":10,"10":46,"11":10,"12":2,"13":2},"f":{"0":10,"1":36,"2":46,"3":46},"b":{"0":[4,6],"1":[6,4],"2":[23,23]},"_coverageSchema":"332fd63041d2c1bcb487cc26dd0d5f7d97098a6c","hash":"d0323a4ca27d4b602bd0d044eed5767ac0e20582"}
,"/Users/georgegillams/Documents/projects/backpack/packages/bpk-component-barchart/src/BpkChartMargin.js": {"path":"/Users/georgegillams/Documents/projects/backpack/packages/bpk-component-barchart/src/BpkChartMargin.js","statementMap":{"0":{"start":{"line":22,"column":23},"end":{"line":33,"column":1}},"1":{"start":{"line":23,"column":40},"end":{"line":23,"column":45}},"2":{"start":{"line":25,"column":2},"end":{"line":32,"column":4}},"3":{"start":{"line":35,"column":0},"end":{"line":43,"column":2}}},"fnMap":{"0":{"name":"(anonymous_0)","decl":{"start":{"line":22,"column":23},"end":{"line":22,"column":24}},"loc":{"start":{"line":22,"column":34},"end":{"line":33,"column":1}},"line":22}},"branchMap":{},"s":{"0":2,"1":1,"2":1,"3":2},"f":{"0":1},"b":{},"_coverageSchema":"332fd63041d2c1bcb487cc26dd0d5f7d97098a6c","hash":"b9a7b8bcbdb998126852eb92e32790c22d80ac07"}
,"/Users/georgegillams/Documents/projects/backpack/packages/bpk-component-barchart/src/RTLtransforms.js": {"path":"/Users/georgegillams/Documents/projects/backpack/packages/bpk-component-barchart/src/RTLtransforms.js","statementMap":{"0":{"start":{"line":19,"column":19},"end":{"line":22,"column":1}},"1":{"start":{"line":24,"column":21},"end":{"line":26,"column":1}},"2":{"start":{"line":25,"column":2},"end":{"line":25,"column":101}},"3":{"start":{"line":28,"column":14},"end":{"line":28,"column":53}},"4":{"start":{"line":28,"column":20},"end":{"line":28,"column":53}},"5":{"start":{"line":30,"column":28},"end":{"line":30,"column":83}},"6":{"start":{"line":30,"column":53},"end":{"line":30,"column":82}},"7":{"start":{"line":32,"column":31},"end":{"line":32,"column":78}},"8":{"start":{"line":32,"column":39},"end":{"line":32,"column":77}},"9":{"start":{"line":34,"column":32},"end":{"line":44,"column":1}},"10":{"start":{"line":35,"column":2},"end":{"line":37,"column":3}},"11":{"start":{"line":36,"column":4},"end":{"line":36,"column":15}},"12":{"start":{"line":38,"column":35},"end":{"line":38,"column":38}},"13":{"start":{"line":39,"column":2},"end":{"line":43,"column":4}}},"fnMap":{"0":{"name":"(anonymous_0)","decl":{"start":{"line":24,"column":21},"end":{"line":24,"column":22}},"loc":{"start":{"line":25,"column":2},"end":{"line":25,"column":101}},"line":25},"1":{"name":"(anonymous_1)","decl":{"start":{"line":28,"column":14},"end":{"line":28,"column":15}},"loc":{"start":{"line":28,"column":20},"end":{"line":28,"column":53}},"line":28},"2":{"name":"(anonymous_2)","decl":{"start":{"line":30,"column":28},"end":{"line":30,"column":29}},"loc":{"start":{"line":30,"column":53},"end":{"line":30,"column":82}},"line":30},"3":{"name":"(anonymous_3)","decl":{"start":{"line":32,"column":31},"end":{"line":32,"column":32}},"loc":{"start":{"line":32,"column":39},"end":{"line":32,"column":77}},"line":32},"4":{"name":"(anonymous_4)","decl":{"start":{"line":34,"column":32},"end":{"line":34,"column":33}},"loc":{"start":{"line":34,"column":41},"end":{"line":44,"column":1}},"line":34}},"branchMap":{"0":{"loc":{"start":{"line":25,"column":3},"end":{"line":25,"column":86}},"type":"binary-expr","locations":[{"start":{"line":25,"column":4},"end":{"line":25,"column":35}},{"start":{"line":25,"column":39},"end":{"line":25,"column":67}},{"start":{"line":25,"column":72},"end":{"line":25,"column":86}}],"line":25},"1":{"loc":{"start":{"line":30,"column":53},"end":{"line":30,"column":82}},"type":"cond-expr","locations":[{"start":{"line":30,"column":63},"end":{"line":30,"column":71}},{"start":{"line":30,"column":74},"end":{"line":30,"column":82}}],"line":30},"2":{"loc":{"start":{"line":32,"column":39},"end":{"line":32,"column":77}},"type":"cond-expr","locations":[{"start":{"line":32,"column":49},"end":{"line":32,"column":71}},{"start":{"line":32,"column":74},"end":{"line":32,"column":77}}],"line":32},"3":{"loc":{"start":{"line":35,"column":2},"end":{"line":37,"column":3}},"type":"if","locations":[{"start":{"line":35,"column":2},"end":{"line":37,"column":3}},{"start":{"line":35,"column":2},"end":{"line":37,"column":3}}],"line":35}},"s":{"0":2,"1":2,"2":36,"3":2,"4":36,"5":2,"6":18,"7":2,"8":9,"9":2,"10":9,"11":9,"12":0,"13":0},"f":{"0":36,"1":36,"2":18,"3":9,"4":9},"b":{"0":[36,36,36],"1":[0,18],"2":[0,9],"3":[9,0]},"_coverageSchema":"332fd63041d2c1bcb487cc26dd0d5f7d97098a6c","hash":"2d0c091660518164d61c92cf9aceec5177178180"}
,"/Users/georgegillams/Documents/projects/backpack/packages/bpk-component-barchart/src/customPropTypes.js": {"path":"/Users/georgegillams/Documents/projects/backpack/packages/bpk-component-barchart/src/customPropTypes.js","statementMap":{"0":{"start":{"line":20,"column":43},"end":{"line":20,"column":48}},"1":{"start":{"line":21,"column":15},"end":{"line":21,"column":30}},"2":{"start":{"line":22,"column":2},"end":{"line":24,"column":3}},"3":{"start":{"line":23,"column":4},"end":{"line":23,"column":98}},"4":{"start":{"line":26,"column":2},"end":{"line":34,"column":3}},"5":{"start":{"line":27,"column":19},"end":{"line":27,"column":26}},"6":{"start":{"line":28,"column":18},"end":{"line":29,"column":77}},"7":{"start":{"line":30,"column":4},"end":{"line":33,"column":5}},"8":{"start":{"line":31,"column":6},"end":{"line":32,"column":105}},"9":{"start":{"line":36,"column":2},"end":{"line":36,"column":14}}},"fnMap":{"0":{"name":"(anonymous_0)","decl":{"start":{"line":19,"column":15},"end":{"line":19,"column":16}},"loc":{"start":{"line":19,"column":51},"end":{"line":37,"column":1}},"line":19}},"branchMap":{"0":{"loc":{"start":{"line":22,"column":2},"end":{"line":24,"column":3}},"type":"if","locations":[{"start":{"line":22,"column":2},"end":{"line":24,"column":3}},{"start":{"line":22,"column":2},"end":{"line":24,"column":3}}],"line":22},"1":{"loc":{"start":{"line":28,"column":18},"end":{"line":29,"column":77}},"type":"binary-expr","locations":[{"start":{"line":28,"column":18},"end":{"line":28,"column":77}},{"start":{"line":29,"column":18},"end":{"line":29,"column":77}}],"line":28},"2":{"loc":{"start":{"line":30,"column":4},"end":{"line":33,"column":5}},"type":"if","locations":[{"start":{"line":30,"column":4},"end":{"line":33,"column":5}},{"start":{"line":30,"column":4},"end":{"line":33,"column":5}}],"line":30}},"s":{"0":21,"1":21,"2":21,"3":1,"4":20,"5":218,"6":218,"7":218,"8":1,"9":19},"f":{"0":21},"b":{"0":[1,20],"1":[218,218],"2":[1,217]},"_coverageSchema":"332fd63041d2c1bcb487cc26dd0d5f7d97098a6c","hash":"0cfbce037ca78a1201f7ab5d915b689c10eb6ed7"}
,"/Users/georgegillams/Documents/projects/backpack/packages/bpk-component-barchart/src/orientation.js": {"path":"/Users/georgegillams/Documents/projects/backpack/packages/bpk-component-barchart/src/orientation.js","statementMap":{"0":{"start":{"line":19,"column":29},"end":{"line":19,"column":32}},"1":{"start":{"line":20,"column":29},"end":{"line":20,"column":32}}},"fnMap":{},"branchMap":{},"s":{"0":3,"1":3},"f":{},"b":{},"_coverageSchema":"332fd63041d2c1bcb487cc26dd0d5f7d97098a6c","hash":"008e969f16117fd78848c14ba82afc6dc9f4a208"}
,"/Users/georgegillams/Documents/projects/backpack/packages/bpk-component-barchart/src/themeAttributes.js": {"path":"/Users/georgegillams/Documents/projects/backpack/packages/bpk-component-barchart/src/themeAttributes.js","statementMap":{},"fnMap":{},"branchMap":{},"s":{},"f":{},"b":{},"_coverageSchema":"332fd63041d2c1bcb487cc26dd0d5f7d97098a6c","hash":"c2c1ce295c356c3a120efec7e3b76f043ea4c204"}
,"/Users/georgegillams/Documents/projects/backpack/packages/bpk-component-barchart/src/utils.js": {"path":"/Users/georgegillams/Documents/projects/backpack/packages/bpk-component-barchart/src/utils.js","statementMap":{"0":{"start":{"line":19,"column":15},"end":{"line":25,"column":1}},"1":{"start":{"line":20,"column":15},"end":{"line":20,"column":36}},"2":{"start":{"line":21,"column":2},"end":{"line":23,"column":3}},"3":{"start":{"line":22,"column":4},"end":{"line":22,"column":32}},"4":{"start":{"line":24,"column":2},"end":{"line":24,"column":32}},"5":{"start":{"line":24,"column":14},"end":{"line":24,"column":31}},"6":{"start":{"line":27,"column":17},"end":{"line":27,"column":23}},"7":{"start":{"line":27,"column":22},"end":{"line":27,"column":23}},"8":{"start":{"line":29,"column":16},"end":{"line":37,"column":1}},"9":{"start":{"line":30,"column":15},"end":{"line":30,"column":19}},"10":{"start":{"line":32,"column":2},"end":{"line":34,"column":3}},"11":{"start":{"line":33,"column":4},"end":{"line":33,"column":55}},"12":{"start":{"line":36,"column":2},"end":{"line":36,"column":24}}},"fnMap":{"0":{"name":"(anonymous_0)","decl":{"start":{"line":19,"column":15},"end":{"line":19,"column":16}},"loc":{"start":{"line":19,"column":26},"end":{"line":25,"column":1}},"line":19},"1":{"name":"(anonymous_1)","decl":{"start":{"line":24,"column":9},"end":{"line":24,"column":10}},"loc":{"start":{"line":24,"column":14},"end":{"line":24,"column":31}},"line":24},"2":{"name":"(anonymous_2)","decl":{"start":{"line":27,"column":17},"end":{"line":27,"column":18}},"loc":{"start":{"line":27,"column":22},"end":{"line":27,"column":23}},"line":27},"3":{"name":"(anonymous_3)","decl":{"start":{"line":29,"column":16},"end":{"line":29,"column":17}},"loc":{"start":{"line":29,"column":27},"end":{"line":37,"column":1}},"line":29}},"branchMap":{"0":{"loc":{"start":{"line":21,"column":2},"end":{"line":23,"column":3}},"type":"if","locations":[{"start":{"line":21,"column":2},"end":{"line":23,"column":3}},{"start":{"line":21,"column":2},"end":{"line":23,"column":3}}],"line":21},"1":{"loc":{"start":{"line":32,"column":2},"end":{"line":34,"column":3}},"type":"if","locations":[{"start":{"line":32,"column":2},"end":{"line":34,"column":3}},{"start":{"line":32,"column":2},"end":{"line":34,"column":3}}],"line":32},"2":{"loc":{"start":{"line":36,"column":9},"end":{"line":36,"column":23}},"type":"binary-expr","locations":[{"start":{"line":36,"column":9},"end":{"line":36,"column":15}},{"start":{"line":36,"column":19},"end":{"line":36,"column":23}}],"line":36}},"s":{"0":6,"1":15,"2":15,"3":1,"4":15,"5":54,"6":6,"7":78,"8":6,"9":15,"10":15,"11":15,"12":15},"f":{"0":15,"1":54,"2":78,"3":15},"b":{"0":[1,14],"1":[15,0],"2":[15,0]},"_coverageSchema":"332fd63041d2c1bcb487cc26dd0d5f7d97098a6c","hash":"859c006cc334c38ced456122d666b085aec46b1f"}
,"/Users/georgegillams/Documents/projects/backpack/packages/bpk-component-blockquote/src/BpkBlockquote.js": {"path":"/Users/georgegillams/Documents/projects/backpack/packages/bpk-component-blockquote/src/BpkBlockquote.js","statementMap":{"0":{"start":{"line":25,"column":21},"end":{"line":25,"column":39}},"1":{"start":{"line":27,"column":22},"end":{"line":40,"column":1}},"2":{"start":{"line":28,"column":21},"end":{"line":28,"column":53}},"3":{"start":{"line":29,"column":2},"end":{"line":31,"column":3}},"4":{"start":{"line":30,"column":4},"end":{"line":30,"column":67}},"5":{"start":{"line":33,"column":2},"end":{"line":39,"column":4}},"6":{"start":{"line":42,"column":0},"end":{"line":48,"column":2}},"7":{"start":{"line":50,"column":0},"end":{"line":52,"column":2}}},"fnMap":{"0":{"name":"(anonymous_0)","decl":{"start":{"line":27,"column":22},"end":{"line":27,"column":23}},"loc":{"start":{"line":27,"column":33},"end":{"line":40,"column":1}},"line":27}},"branchMap":{"0":{"loc":{"start":{"line":29,"column":2},"end":{"line":31,"column":3}},"type":"if","locations":[{"start":{"line":29,"column":2},"end":{"line":31,"column":3}},{"start":{"line":29,"column":2},"end":{"line":31,"column":3}}],"line":29}},"s":{"0":1,"1":1,"2":2,"3":2,"4":1,"5":2,"6":1,"7":1},"f":{"0":2},"b":{"0":[1,1]},"_coverageSchema":"332fd63041d2c1bcb487cc26dd0d5f7d97098a6c","hash":"f7807fe633c91e0330dfb1659f38a2da92b320a3"}
,"/Users/georgegillams/Documents/projects/backpack/packages/bpk-component-blockquote/src/themeAttributes.js": {"path":"/Users/georgegillams/Documents/projects/backpack/packages/bpk-component-blockquote/src/themeAttributes.js","statementMap":{},"fnMap":{},"branchMap":{},"s":{},"f":{},"b":{},"_coverageSchema":"332fd63041d2c1bcb487cc26dd0d5f7d97098a6c","hash":"8953a04b831a5ef7113854d465b92c3b9127fa53"}
,"/Users/georgegillams/Documents/projects/backpack/packages/bpk-component-breakpoint/src/BpkBreakpoint.js": {"path":"/Users/georgegillams/Documents/projects/backpack/packages/bpk-component-breakpoint/src/BpkBreakpoint.js","statementMap":{"0":{"start":{"line":24,"column":20},"end":{"line":30,"column":1}},"1":{"start":{"line":32,"column":22},"end":{"line":32,"column":92}},"2":{"start":{"line":32,"column":31},"end":{"line":32,"column":92}},"3":{"start":{"line":34,"column":23},"end":{"line":41,"column":1}},"4":{"start":{"line":35,"column":2},"end":{"line":39,"column":3}},"5":{"start":{"line":36,"column":4},"end":{"line":38,"column":33}},"6":{"start":{"line":37,"column":42},"end":{"line":37,"column":58}},"7":{"start":{"line":40,"column":2},"end":{"line":40,"column":53}},"8":{"start":{"line":43,"column":0},"end":{"line":47,"column":2}},"9":{"start":{"line":49,"column":0},"end":{"line":51,"column":2}}},"fnMap":{"0":{"name":"(anonymous_0)","decl":{"start":{"line":32,"column":22},"end":{"line":32,"column":23}},"loc":{"start":{"line":32,"column":31},"end":{"line":32,"column":92}},"line":32},"1":{"name":"(anonymous_1)","decl":{"start":{"line":34,"column":23},"end":{"line":34,"column":24}},"loc":{"start":{"line":34,"column":43},"end":{"line":41,"column":1}},"line":34},"2":{"name":"(anonymous_2)","decl":{"start":{"line":37,"column":35},"end":{"line":37,"column":36}},"loc":{"start":{"line":37,"column":42},"end":{"line":37,"column":58}},"line":37}},"branchMap":{"0":{"loc":{"start":{"line":35,"column":2},"end":{"line":39,"column":3}},"type":"if","locations":[{"start":{"line":35,"column":2},"end":{"line":39,"column":3}},{"start":{"line":35,"column":2},"end":{"line":39,"column":3}}],"line":35}},"s":{"0":6,"1":6,"2":5,"3":6,"4":8,"5":6,"6":30,"7":2,"8":6,"9":6},"f":{"0":5,"1":8,"2":30},"b":{"0":[6,2]},"_coverageSchema":"332fd63041d2c1bcb487cc26dd0d5f7d97098a6c","hash":"95c878a46d1c9259df811e6e32193d1d2cf77482"}
,"/Users/georgegillams/Documents/projects/backpack/packages/bpk-component-button/src/BpkButton.js": {"path":"/Users/georgegillams/Documents/projects/backpack/packages/bpk-component-button/src/BpkButton.js","statementMap":{"0":{"start":{"line":28,"column":19},"end":{"line":29,"column":66}},"1":{"start":{"line":29,"column":2},"end":{"line":29,"column":66}},"2":{"start":{"line":29,"column":16},"end":{"line":29,"column":65}},"3":{"start":{"line":31,"column":21},"end":{"line":31,"column":39}},"4":{"start":{"line":33,"column":18},"end":{"line":87,"column":1}},"5":{"start":{"line":49,"column":6},"end":{"line":49,"column":11}},"6":{"start":{"line":51,"column":21},"end":{"line":51,"column":49}},"7":{"start":{"line":53,"column":2},"end":{"line":53,"column":76}},"8":{"start":{"line":53,"column":19},"end":{"line":53,"column":74}},"9":{"start":{"line":54,"column":2},"end":{"line":54,"column":80}},"10":{"start":{"line":54,"column":21},"end":{"line":54,"column":78}},"11":{"start":{"line":55,"column":2},"end":{"line":55,"column":74}},"12":{"start":{"line":55,"column":18},"end":{"line":55,"column":72}},"13":{"start":{"line":56,"column":2},"end":{"line":56,"column":68}},"14":{"start":{"line":56,"column":15},"end":{"line":56,"column":66}},"15":{"start":{"line":57,"column":2},"end":{"line":57,"column":66}},"16":{"start":{"line":57,"column":14},"end":{"line":57,"column":64}},"17":{"start":{"line":58,"column":2},"end":{"line":58,"column":74}},"18":{"start":{"line":58,"column":18},"end":{"line":58,"column":72}},"19":{"start":{"line":59,"column":2},"end":{"line":59,"column":115}},"20":{"start":{"line":59,"column":18},"end":{"line":59,"column":113}},"21":{"start":{"line":60,"column":2},"end":{"line":60,"column":48}},"22":{"start":{"line":60,"column":19},"end":{"line":60,"column":46}},"23":{"start":{"line":62,"column":25},"end":{"line":62,"column":45}},"24":{"start":{"line":64,"column":2},"end":{"line":70,"column":3}},"25":{"start":{"line":65,"column":4},"end":{"line":69,"column":6}},"26":{"start":{"line":74,"column":25},"end":{"line":78,"column":10}},"27":{"start":{"line":75,"column":4},"end":{"line":77,"column":5}},"28":{"start":{"line":76,"column":6},"end":{"line":76,"column":23}},"29":{"start":{"line":80,"column":21},"end":{"line":80,"column":49}},"30":{"start":{"line":82,"column":2},"end":{"line":86,"column":4}},"31":{"start":{"line":89,"column":0},"end":{"line":106,"column":2}},"32":{"s
[...]
,"column":4}},"48":{"start":{"line":167,"column":2},"end":{"line":170,"column":4}},"49":{"start":{"line":172,"column":2},"end":{"line":172,"column":19}}},"fnMap":{"0":{"name":"(anonymous_0)","decl":{"start":{"line":31,"column":18},"end":{"line":31,"column":19}},"loc":{"start":{"line":31,"column":40},"end":{"line":173,"column":1}},"line":31},"1":{"name":"(anonymous_1)","decl":{"start":{"line":33,"column":4},"end":{"line":33,"column":5}},"loc":{"start":{"line":33,"column":18},"end":{"line":44,"column":5}},"line":33},"2":{"name":"(anonymous_2)","decl":{"start":{"line":46,"column":4},"end":{"line":46,"column":5}},"loc":{"start":{"line":46,"column":24},"end":{"line":64,"column":5}},"line":46},"3":{"name":"(anonymous_3)","decl":{"start":{"line":66,"column":4},"end":{"line":66,"column":5}},"loc":{"start":{"line":66,"column":27},"end":{"line":82,"column":5}},"line":66},"4":{"name":"(anonymous_4)","decl":{"start":{"line":84,"column":4},"end":{"line":84,"column":5}},"loc":{"start":{"line":84,"column":26},"end":{"line":87,"column":5}},"line":84},"5":{"name":"(anonymous_5)","decl":{"start":{"line":89,"column":4},"end":{"line":89,"column":5}},"loc":{"start":{"line":89,"column":23},"end":{"line":91,"column":5}},"line":89},"6":{"name":"(anonymous_6)","decl":{"start":{"line":93,"column":4},"end":{"line":93,"column":5}},"loc":{"start":{"line":93,"column":25},"end":{"line":95,"column":5}},"line":93},"7":{"name":"(anonymous_7)","decl":{"start":{"line":97,"column":4},"end":{"line":97,"column":5}},"loc":{"start":{"line":97,"column":23},"end":{"line":101,"column":5}},"line":97},"8":{"name":"(anonymous_8)","decl":{"start":{"line":103,"column":4},"end":{"line":103,"column":5}},"loc":{"start":{"line":103,"column":21},"end":{"line":105,"column":5}},"line":103},"9":{"name":"(anonymous_9)","decl":{"start":{"line":107,"column":4},"end":{"line":107,"column":5}},"loc":{"start":{"line":107,"column":19},"end":{"line":109,"column":5}},"line":107},"10":{"name":"(anonymous_10)","decl":{"start":{"line":111,"column":4},"end":{"line":111,"column":5}},"loc":{"start":{"line":111,"column":13},"end":{"line":155,"column":5}},"line":111}},"branchMap":{"0":{"loc":{"start":{"line":50,"column":6},"end":{"line":58,"column":7}},"type":"if","locations":[{"start":{"line":50,"column":6},"end":{"line":58,"column":7}},{"start":{"line":50,"column":6},"end":{"line":58,"column":7}}],"line":50},"1":{"loc":{"start":{"line":50,"column":10},"end":{"line":50,"column":40}},"type":"binary-expr","locations":[{"start":{"line":50,"column":10},"end":{"line":50,"column":18}},{"start":{"line":50,"column":22},"end":{"line":50,"column":40}}],"line":50},"2":{"loc":{"start":{"line":55,"column":8},"end":{"line":57,"column":9}},"type":"if","locations":[{"start":{"line":55,"column":8},"end":{"line":57,"column":9}},{"start":{"line":55,"column":8},"end":{"line":57,"column":9}}],"line":55},"3":{"loc":{"start":{"line":61,"column":6},"end":{"line":63,"column":7}},"type":"if","locations":[{"start":{"line":61,"column":6},"end":{"line":63,"column":7}},{"start":{"line":61,"column":6},"end":{"line":63,"column":7}}],"line":61},"4":{"loc":{"start":{"line":70,"column":6},"end":{"line":78,"column":7}},"type":"if","locations":[{"start":{"line":70,"column":6},"end":{"line":78,"column":7}},{"start":{"line":70,"column":6},"end":{"line":78,"column":7}}],"line":70},"5":{"loc":{"start":{"line":70,"column":10},"end":{"line":70,"column":40}},"type":"binary-expr","locations":[{"start":{"line":70,"column":10},"end":{"line":70,"column":18}},{"start":{"line":70,"column":22},"end":{"line":70,"column":40}}],"line":70},"6":{"loc":{"start":{"line":75,"column":8},"end":{"line":77,"column":9}},"type":"if","locations":[{"start":{"line":75,"column":8},"end":{"line":77,"column":9}},{"start":{"line":75,"column":8},"end":{"line":77,"column":9}}],"line":75},"7":{"loc":{"start":{"line":98,"column":6},"end":{"line":100,"column":7}},"type":"if","locations":[{"start":{"line":98,"column":6},"end":{"line":100,"column":7}},{"start":{"line":98,"column":6},"end":{"line":100,"column":7}}],"line":98},"8":{"loc":{"start":{"line":120,"column":6},"end":{"line":120,"column":87}},"type":"if","locations":[{"start":{"line":120,"column":6},"end":{"line":120,"column":87}},{"start":{"line":120,"column":6},"end":{"line":120,"column":87}}],"line":120},"9":{"loc":{"start":{"line":168,"column":29},"end":{"line":168,"column":91}},"type":"cond-expr","locations":[{"start":{"line":168,"column":61},"end":{"line":168,"column":86}},{"start":{"line":168,"column":89},"end":{"line":168,"column":91}}],"line":168}},"s":{"0":1,"1":1,"2":7,"3":7,"4":7,"5":7,"6":7,"7":7,"8":7,"9":7,"10":7,"11":7,"12":7,"13":2,"14":2,"15":5,"16":5,"17":2,"18":7,"19":7,"20":0,"21":2,"22":2,"23":2,"24":1,"25":1,"26":1,"27":1,"28":1,"29":2,"30":2,"31":0,"32":0,"33":0,"34":0,"35":0,"36":0,"37":0,"38":0,"39":7,"40":7,"41":7,"42":3,"43":7,"44":7,"45":7,"46":7,"47":7,"48":7,"49":7},"f":{"0":7,"1":7,"2":7,"3":2,"4":0,"5":0,"6":0,"7":0,"8":0,"9":0,"10":7},"b":{"0":[2,5],"1":[7,3],"2":[2,3],"3":[0,7],"4":[1,1],"5":[2,1],"6":[1,0],"7":[0,0],"8":[3,4],"9":[7,0]},"_coverageSchema":"332fd63041d2c1bcb487cc26dd0d5f7d97098a6c","hash":"55a14390cf2bcb1d9a3f99c7c991e8b47aafd093"}
,"/Users/georgegillams/Documents/projects/backpack/packages/bpk-tether/src/applyRTLTransforms.js": {"path":"/Users/georgegillams/Documents/projects/backpack/packages/bpk-tether/src/applyRTLTransforms.js","statementMap":{"0":{"start":{"line":21,"column":32},"end":{"line":27,"column":1}},"1":{"start":{"line":22,"column":2},"end":{"line":24,"column":3}},"2":{"start":{"line":23,"column":4},"end":{"line":23,"column":42}},"3":{"start":{"line":26,"column":2},"end":{"line":26,"column":40}},"4":{"start":{"line":29,"column":18},"end":{"line":48,"column":1}},"5":{"start":{"line":30,"column":16},"end":{"line":30,"column":46}},"6":{"start":{"line":31,"column":52},"end":{"line":31,"column":65}},"7":{"start":{"line":33,"column":18},"end":{"line":33,"column":20}},"8":{"start":{"line":35,"column":2},"end":{"line":39,"column":3}},"9":{"start":{"line":36,"column":4},"end":{"line":38,"column":19}},"10":{"start":{"line":41,"column":2},"end":{"line":45,"column":3}},"11":{"start":{"line":42,"column":4},"end":{"line":44,"column":25}},"12":{"start":{"line":47,"column":2},"end":{"line":47,"column":33}}},"fnMap":{"0":{"name":"(anonymous_0)","decl":{"start":{"line":21,"column":32},"end":{"line":21,"column":33}},"loc":{"start":{"line":21,"column":43},"end":{"line":27,"column":1}},"line":21},"1":{"name":"(anonymous_1)","decl":{"start":{"line":29,"column":18},"end":{"line":29,"column":19}},"loc":{"start":{"line":29,"column":37},"end":{"line":48,"column":1}},"line":29}},"branchMap":{"0":{"loc":{"start":{"line":22,"column":2},"end":{"line":24,"column":3}},"type":"if","locations":[{"start":{"line":22,"column":2},"end":{"line":24,"column":3}},{"start":{"line":22,"column":2},"end":{"line":24,"column":3}}],"line":22},"1":{"loc":{"start":{"line":35,"column":2},"end":{"line":39,"column":3}},"type":"if","locations":[{"start":{"line":35,"column":2},"end":{"line":39,"column":3}},{"start":{"line":35,"column":2},"end":{"line":39,"column":3}}],"line":35},"2":{"loc":{"start":{"line":36,"column":25},"end":{"line":38,"column":18}},"type":"cond-expr","locations":[{"start":{"line":37,"column":8},"end":{"line":37,"column":43}},{"start":{"line":38,"column":8},"end":{"line":38,"column":18}}],"line":36},"3":{"loc":{"start":{"line":41,"column":2},"end":{"line":45,"column":3}},"type":"if","locations":[{"start":{"line":41,"column":2},"end":{"line":45,"column":3}},{"start":{"line":41,"column":2},"end":{"line":45,"column":3}}],"line":41},"4":{"loc":{"start":{"line":42,"column":31},"end":{"line":44,"column":24}},"type":"cond-expr","locations":[{"start":{"line":43,"column":8},"end":{"line":43,"column":49}},{"start":{"line":44,"column":8},"end":{"line":44,"column":24}}],"line":42}},"s":{"0":1,"1":4,"2":2,"3":2,"4":1,"5":9,"6":9,"7":9,"8":9,"9":4,"10":9,"11":4,"12":9},"f":{"0":4,"1":9},"b":{"0":[2,2],"1":[4,5],"2":[2,2],"3":[4,5],"4":[2,2]},"_coverageSchema":"332fd63041d2c1bcb487cc26dd0d5f7d97098a6c","hash":"9f687f18db15e9096a533de3cb4faba08e2f867f"}
,"/Users/georgegillams/Documents/projects/backpack/packages/bpk-theming/src/BpkThemeProvider.js": {"path":"/Users/georgegillams/Documents/projects/backpack/packages/bpk-theming/src/BpkThemeProvider.js","statementMap":{"0":{"start":{"line":22,"column":13},"end":{"line":31,"column":1}},"1":{"start":{"line":23,"column":15},"end":{"line":23,"column":17}},"2":{"start":{"line":24,"column":2},"end":{"line":30,"column":6}},"3":{"start":{"line":25,"column":4},"end":{"line":27,"column":5}},"4":{"start":{"line":26,"column":6},"end":{"line":26,"column":19}},"5":{"start":{"line":28,"column":4},"end":{"line":28,"column":22}},"6":{"start":{"line":29,"column":4},"end":{"line":29,"column":16}},"7":{"start":{"line":33,"column":20},"end":{"line":55,"column":1}},"8":{"start":{"line":34,"column":2},"end":{"line":36,"column":3}},"9":{"start":{"line":35,"column":4},"end":{"line":35,"column":14}},"10":{"start":{"line":37,"column":35},"end":{"line":37,"column":64}},"11":{"start":{"line":38,"column":14},"end":{"line":38,"column":16}},"12":{"start":{"line":39,"column":33},"end":{"line":39,"column":35}},"13":{"start":{"line":40,"column":2},"end":{"line":48,"column":5}},"14":{"start":{"line":41,"column":4},"end":{"line":47,"column":5}},"15":{"start":{"line":42,"column":22},"end":{"line":42,"column":93}},"16":{"start":{"line":42,"column":64},"end":{"line":42,"column":92}},"17":{"start":{"line":43,"column":20},"end":{"line":43,"column":36}},"18":{"start":{"line":44,"column":6},"end":{"line":44,"column":40}},"19":{"start":{"line":46,"column":6},"end":{"line":46,"column":45}},"20":{"start":{"line":50,"column":2},"end":{"line":52,"column":3}},"21":{"start":{"line":51,"column":4},"end":{"line":51,"column":15}},"22":{"start":{"line":54,"column":2},"end":{"line":54,"column":15}},"23":{"start":{"line":57,"column":25},"end":{"line":66,"column":1}},"24":{"start":{"line":58,"column":47},"end":{"line":58,"column":52}},"25":{"start":{"line":59,"column":33},"end":{"line":59,"column":54}},"26":{"start":{"line":60,"column":16},"end":{"line":60,"column":58}},"27":{"start":{"line":61,"column":2},"end":{"line":65,"column":4}},"28":{"start":{"line":68,"column":32},"end":{"line":103,"column":1}},"29":{"start":{"line":69,"column":20},"end":{"line":69,"column":25}},"30":{"start":{"line":70,"column":28},"end":{"line":70,"column":33}},"31":{"start":{"line":71,"column":2},"end":{"line":73,"column":3}},"32":{"start":{"line":72,"column":4},"end":{"line":72,"column":16}},"33":{"start":{"line":75,"column":2},"end":{"line":77,"column":3}},"34":{"start":{"line":76,"column":4},"end":{"line":76,"column":75}},"35":{"start":{"line":78,"column":2},"end":{"line":80,"column":3}},"36":{"start":{"line":79,"column":4},"end":{"line":79,"column":80}},"37":{"start":{"line":82,"column":2},"end":{"line":82,"column":50}},"38":{"start":{"line":83,"column":36},"end":{"line":83,"column":60}},"39":{"start":{"line":84,"column":33},"end":{"line":84,"column":35}},"40":{"start":{"line":85,"column":2},"end":{"line":91,"column":5}},"41":{"start":{"line":86,"column":4},"end":{"line":90,"column":5}},"42":{"start":{"line":87,"column":6},"end":{"line":87,"column":50}},"43":{"start":{"line":89,"column":6},"end":{"line":89,"column":45}},"44":{"start":{"line":92,"column":17},"end":{"line":92,"column":19}},"45":{"start":{"line":93,"column":2},"end":{"line":95,"column":3}},"46":{"start":{"line":94,"column":4},"end":{"line":94,"column":168}},"47":{"start":{"line":96,"column":2},"end":{"line":98,"column":3}},"48":{"start":{"line":97,"column":4},"end":{"line":97,"column":133}},"49":{"start":{"line":99,"column":2},"end":{"line":101,"column":3}},"50":{"start":{"line":100,"column":4},"end":{"line":100,"column":40}},"51":{"start":{"line":102,"column":2},"end":{"line":102,"column":15}},"52":{"start":{"line":105,"column":0},"end":{"line":110,"column":2}},"53":{"start":{"line":111,"column":0},"end":{"line":113,"column":2}}},"fnMap":{"0":{"name":"(anonymous_0)","decl":{"start":{"line":22,"column":13},"end":{"line":22,"column":14}},"loc":{"start":{"line":22,"column":27},"end":{"line":31,"column":1}},"line":22},"1":{"name":"(anonymous_1)","decl":{"start":{"line":24,"column":21},"end":{"line":24,"column":22}},"loc":{"start":{"line":24,"column":31},"end":{"line":30,"column":3}},"line":24},"2":{"name":"(anonymous_2)","decl":{"start":{"line":33,"column":20},"end":{"line":33,"column":21}},"loc":{"start":{"line":33,"column":48},"end":{"line":55,"column":1}},"line":33},"3":{"name":"(anonymous_3)","decl":{"start":{"line":40,"column":35},"end":{"line":40,"column":36}},"loc":{"start":{"line":40,"column":50},"end":{"line":48,"column":3}},"line":40},"4":{"name":"(anonymous_4)","decl":{"start":{"line":42,"column":52},"end":{"line":42,"column":53}},"loc":{"start":{"line":42,"column":64},"end":{"line":42,"column":92}},"line":42},"5":{"name":"(anonymous_5)","decl":{"start":{"line":57,"column":25},"end":{"line":57,"column":26}},"loc":{"start":{"line":57,"column":36},"end":{"line":66,"column":1}},"line":57},"6":{"name":"(anonymous_6)","decl":{"start":{"line":68,"column":32},"end":{"line":68,"column":33}},"loc":{"start":{"line":68,"column":68},"end":{"line":103,"column":1}},"line":68},"7":{"name":"(anonymous_7)","decl":{"start":{"line":85,"column":26},"end":{"line":85,"column":27}},"loc":{"start":{"line":85,"column":41},"end":{"line":91,"column":3}},"line":85}},"branchMap":{"0":{"loc":{"start":{"line":22,"column":14},"end":{"line":22,"column":22}},"type":"default-arg","locations":[{"start":{"line":22,"column":20},"end":{"line":22,"column":22}}],"line":22},"1":{"loc":{"start":{"line":25,"column":4},"end":{"line":27,"column":5}},"type":"if","locations":[{"start":{"line":25,"column":4},"end":{"line":27,"column":5}},{"start":{"line":25,"column":4},"end":{"line":27,"column":5}}],"line":25},"2":{"loc":{"start":{"line":34,"column":2},"end":{"line":36,"column":3}},"type":"if","locations":[{"start":{"line":34,"column":2},"end":{"line":36,"column":3}},{"start":{"line":34,"column":2},"end":{"line":36,"column":3}}],"line":34},"3":{"loc":{"start":{"line":41,"column":4},"end":{"line":47,"column":5}},"type":"if","locations":[{"start":{"line":41,"column":4},"end":{"line":47,"column":5}},{"start":{"line":41,"column":4},"end":{"line":47,"column":5}}],"line":41},"4":{"loc":{"start":{"line":50,"column":2},"end":{"line":52,"column":3}},"type":"if","locations":[{"start":{"line":50,"column":2},"end":{"line":52,"column":3}},{"start":{"line":50,"column":2},"end":{"line":52,"column":3}}],"line":50},"5":{"loc":{"start":{"line":71,"column":2},"end":{"line":73,"column":3}},"type":"if","locations":[{"start":{"line":71,"column":2},"end":{"line":73,"column":3}},{"start":{"line":71,"column":2},"end":{"line":73,"column":3}}],"line":71},"6":{"loc":{"start":{"line":75,"column":2},"end":{"line":77,"column":3}},"type":"if","locations":[{"start":{"line":75,"column":2},"end":{"line":77,"column":3}},{"start":{"line":75,"column":2},"end":{"line":77,"column":3}}],"line":75},"7":{"loc":{"start":{"line":78,"column":2},"end":{"line":80,"column":3}},"type":"if","locations":[{"start":{"line":78,"column":2},"end":{"line":80,"column":3}},{"start":{"line":78,"column":2},"end":{"line":80,"column":3}}],"line":78},"8":{"loc":{"start":{"line":86,"column":4},"end":{"line":90,"column":5}},"type":"if","locations":[{"start":{"line":86,"column":4},"end":{"line":90,"column":5}},{"start":{"line":86,"column":4},"end":{"line":90,"column":5}}],"line":86},"9":{"loc":{"start":{"line":93,"column":2},"end":{"line":95,"column":3}},"type":"if","locations":[{"start":{"line":93,"column":2},"end":{"line":95,"column":3}},{"start":{"line":93,"column":2},"end":{"line":95,"column":3}}],"line":93},"10":{"loc":{"start":{"line":96,"column":2},"end":{"line":98,"column":3}},"type":"if","locations":[{"start":{"line":96,"column":2},"end":{"line":98,"column":3}},{"start":{"line":96,"column":2},"end":{"line":98,"column":3}}],"line":96},"11":{"loc":{"start":{"line":99,"column":2},"end":{"line":101,"column":3}},"type":"if","locations":[{"start":{"line":99,"column":2},"end":{"line":101,"column":3}},{"start":{"line":99,"column":2},"end":{"line":101,"column":3}}],"line":99}},"s":{"0":1,"1":4,"2":4,"3":5,"4":0,"5":5,"6":5,"7":1,"8":4,"9":0,"10":4,"11":4,"12":4,"13":4,"14":5,"15":4,"16":0,"17":4,"18":4,"19":1,"20":4,"21":1,"22":4,"23":1,"24":4,"25":4,"26":4,"27":4,"28":1,"29":6,"30":6,"31":6,"32":0,"33":6,"34":0,"35":6,"36":0,"37":6,"38":6,"39":6,"40":6,"41":7,"42":5,"43":2,"44":6,"45":6,"46":2,"47":6,"48":2,"49":6,"50":4,"51":2,"52":1,"53":1},"f":{"0":4,"1":5,"2":4,"3":5,"4":0,"5":4,"6":6,"7":7},"b":{"0":[0],"1":[0,5],"2":[0,4],"3":[4,1],"4":[1,3],"5":[0,6],"6":[0,6],"7":[0,6],"8":[5,2],"9":[2,4],"10":[2,4],"11":[4,2]},"_coverageSchema":"332fd63041d2c1bcb487cc26dd0d5f7d97098a6c","hash":"79cd73af140809b619f23f3df17ab5222dc3c218"}
,"/Users/georgegillams/Documents/projects/backpack/packages/bpk-tokens/src/setOpacity.js": {"path":"/Users/georgegillams/Documents/projects/backpack/packages/bpk-tokens/src/setOpacity.js","statementMap":{"0":{"start":{"line":21,"column":19},"end":{"line":30,"column":1}},"1":{"start":{"line":22,"column":2},"end":{"line":28,"column":3}},"2":{"start":{"line":24,"column":4},"end":{"line":24,"column":153}},"3":{"start":{"line":25,"column":9},"end":{"line":28,"column":3}},"4":{"start":{"line":27,"column":4},"end":{"line":27,"column":137}},"5":{"start":{"line":29,"column":2},"end":{"line":29,"column":57}}},"fnMap":{"0":{"name":"(anonymous_0)","decl":{"start":{"line":21,"column":19},"end":{"line":21,"column":20}},"loc":{"start":{"line":21,"column":44},"end":{"line":30,"column":1}},"line":21}},"branchMap":{"0":{"loc":{"start":{"line":22,"column":2},"end":{"line":28,"column":3}},"type":"if","locations":[{"start":{"line":22,"column":2},"end":{"line":28,"column":3}},{"start":{"line":22,"column":2},"end":{"line":28,"column":3}}],"line":22},"1":{"loc":{"start":{"line":25,"column":9},"end":{"line":28,"column":3}},"type":"if","locations":[{"start":{"line":25,"column":9},"end":{"line":28,"column":3}},{"start":{"line":25,"column":9},"end":{"line":28,"column":3}}],"line":25},"2":{"loc":{"start":{"line":25,"column":13},"end":{"line":25,"column":43}},"type":"binary-expr","locations":[{"start":{"line":25,"column":13},"end":{"line":25,"column":26}},{"start":{"line":25,"column":30},"end":{"line":25,"column":43}}],"line":25}},"s":{"0":1,"1":8,"2":2,"3":6,"4":2,"5":4},"f":{"0":8},"b":{"0":[2,6],"1":[2,4],"2":[6,5]},"_coverageSchema":"332fd63041d2c1bcb487cc26dd0d5f7d97098a6c","hash":"e071ee6331071b9aa2f640d951610b6fca8f26f4"}
,"/Users/georgegillams/Documents/projects/backpack/scripts/jest/cssTransitionStub.js": {"path":"/Users/georgegillams/Documents/projects/backpack/scripts/jest/cssTransitionStub.js","statementMap":{"0":{"start":{"line":19,"column":33},"end":{"line":19,"column":41}}},"fnMap":{"0":{"name":"(anonymous_0)","decl":{"start":{"line":19,"column":15},"end":{"line":19,"column":16}},"loc":{"start":{"line":19,"column":33},"end":{"line":19,"column":41}},"line":19}},"branchMap":{},"s":{"0":40},"f":{"0":40},"b":{},"_coverageSchema":"332fd63041d2c1bcb487cc26dd0d5f7d97098a6c","hash":"5e63ded36722c3eb01cac55fe0e87b5affc83ad0"}
,"/Users/georgegillams/Documents/projects/backpack/scripts/jest/setup.js": {"path":"/Users/georgegillams/Documents/projects/backpack/scripts/jest/setup.js","statementMap":{"0":{"start":{"line":22,"column":0},"end":{"line":22,"column":45}}},"fnMap":{},"branchMap":{},"s":{"0":122},"f":{},"b":{},"_coverageSchema":"332fd63041d2c1bcb487cc26dd0d5f7d97098a6c","hash":"070d7c6324b95476bd555916755b01b66eed4153"}
,"/Users/georgegillams/Documents/projects/backpack/scripts/jest/styleStub.js": {"path":"/Users/georgegillams/Documents/projects/backpack/scripts/jest/styleStub.js","statementMap":{},"fnMap":{},"branchMap":{},"s":{},"f":{},"b":{},"_coverageSchema":"332fd63041d2c1bcb487cc26dd0d5f7d97098a6c","hash":"7a98e43ae24673aa4f55f4102b5d71e6fb047b66"}
}
