TN:
SF:/Users/georgegillams/Documents/projects/backpack/packages/bpk-animate-height/src/AnimateHeight.js
FN:25,(anonymous_0)
FN:27,(anonymous_1)
FN:30,(anonymous_2)
FN:49,(anonymous_3)
FN:55,(anonymous_4)
FN:98,(anonymous_5)
FN:104,(anonymous_6)
FN:118,(anonymous_7)
FN:123,(anonymous_8)
FN:132,(anonymous_9)
FN:167,(anonymous_10)
FNF:11
FNH:7
FNDA:5,(anonymous_0)
FNDA:0,(anonymous_1)
FNDA:4,(anonymous_2)
FNDA:4,(anonymous_3)
FNDA:1,(anonymous_4)
FNDA:1,(anonymous_5)
FNDA:0,(anonymous_6)
FNDA:0,(anonymous_7)
FNDA:0,(anonymous_8)
FNDA:5,(anonymous_9)
FNDA:6,(anonymous_10)
DA:25,5
DA:27,1
DA:31,4
DA:33,4
DA:34,4
DA:36,4
DA:37,3
DA:38,3
DA:41,4
DA:46,4
DA:50,4
DA:51,1
DA:58,1
DA:61,1
DA:63,1
DA:64,1
DA:65,1
DA:66,1
DA:68,1
DA:69,1
DA:70,1
DA:71,1
DA:72,1
DA:74,1
DA:76,1
DA:78,1
DA:82,0
DA:83,0
DA:84,0
DA:85,0
DA:88,1
DA:91,0
DA:92,0
DA:94,0
DA:95,0
DA:98,1
DA:103,1
DA:104,0
DA:105,0
DA:110,0
DA:111,0
DA:119,0
DA:120,0
DA:124,0
DA:125,0
DA:127,0
DA:128,0
DA:140,5
DA:145,5
DA:147,5
DA:158,5
DA:159,5
DA:161,5
DA:167,6
DA:175,1
DA:188,1
LF:56
LH:38
BRDA:25,0,0,5
BRDA:25,0,1,4
BRDA:27,1,0,0
BRDA:27,1,1,0
BRDA:36,2,0,3
BRDA:36,2,1,1
BRDA:37,3,0,0
BRDA:37,3,1,3
BRDA:50,4,0,1
BRDA:50,4,1,3
BRDA:50,5,0,4
BRDA:50,5,1,1
BRDA:61,6,0,1
BRDA:61,6,1,0
BRDA:61,7,0,1
BRDA:61,7,1,1
BRDA:76,8,0,1
BRDA:76,8,1,0
BRDA:78,9,0,0
BRDA:78,9,1,1
BRDA:88,10,0,0
BRDA:88,10,1,1
BRDA:103,11,0,0
BRDA:103,11,1,1
BRDA:110,12,0,0
BRDA:110,12,1,0
BRDA:124,13,0,0
BRDA:124,13,1,0
BRDA:124,14,0,0
BRDA:124,14,1,0
BRDA:127,15,0,0
BRDA:127,15,1,0
BRF:32
BRH:16
end_of_record
TN:
SF:/Users/georgegillams/Documents/projects/backpack/packages/bpk-component-accordion/src/BpkAccordion.js
FN:27,(anonymous_0)
FNF:1
FNH:1
FNDA:5,(anonymous_0)
DA:25,2
DA:27,2
DA:28,5
DA:29,5
DA:31,5
DA:33,5
DA:40,2
DA:45,2
LF:8
LH:8
BRDA:31,0,0,1
BRDA:31,0,1,4
BRF:2
BRH:2
end_of_record
TN:
SF:/Users/georgegillams/Documents/projects/backpack/packages/bpk-component-accordion/src/BpkAccordionItem.js
FN:32,(anonymous_0)
FN:97,(anonymous_1)
FNF:2
FNH:1
FNDA:7,(anonymous_0)
FNDA:0,(anonymous_1)
DA:28,2
DA:30,2
DA:32,2
DA:33,7
DA:36,7
DA:41,7
DA:43,7
DA:45,7
DA:46,7
DA:48,7
DA:87,2
DA:95,2
DA:97,0
LF:13
LH:12
BRDA:43,0,0,2
BRDA:43,0,1,5
BRDA:72,1,0,2
BRDA:72,1,1,5
BRF:4
BRH:4
end_of_record
TN:
SF:/Users/georgegillams/Documents/projects/backpack/packages/bpk-component-accordion/src/themeAttributes.js
FNF:0
FNH:0
LF:0
LH:0
BRF:0
BRH:0
end_of_record
TN:
SF:/Users/georgegillams/Documents/projects/backpack/packages/bpk-component-accordion/src/withAccordionItemState.js
FN:24,(anonymous_0)
FN:26,(anonymous_1)
FN:36,(anonymous_2)
FN:37,(anonymous_3)
FN:42,(anonymous_4)
FNF:5
FNH:5
FNDA:1,(anonymous_0)
FNDA:4,(anonymous_1)
FNDA:2,(anonymous_2)
FNDA:2,(anonymous_3)
FNDA:6,(anonymous_4)
DA:24,1
DA:27,4
DA:29,4
DA:33,4
DA:37,2
DA:45,6
DA:47,6
DA:51,1
DA:57,1
DA:63,1
DA:65,1
LF:11
LH:11
BRF:0
BRH:0
end_of_record
TN:
SF:/Users/georgegillams/Documents/projects/backpack/packages/bpk-component-accordion/src/withSingleItemAccordionState.js
FN:24,(anonymous_0)
FN:26,(anonymous_1)
FN:30,(anonymous_2)
FN:32,(anonymous_3)
FN:43,(anonymous_4)
FN:47,(anonymous_5)
FN:49,(anonymous_6)
FN:54,(anonymous_7)
FNF:8
FNH:8
FNDA:4,(anonymous_0)
FNDA:12,(anonymous_1)
FNDA:1,(anonymous_2)
FNDA:4,(anonymous_3)
FNDA:2,(anonymous_4)
FNDA:18,(anonymous_5)
FNDA:2,(anonymous_6)
FNDA:6,(anonymous_7)
DA:24,1
DA:25,4
DA:26,12
DA:27,4
DA:30,1
DA:33,4
DA:35,4
DA:39,4
DA:40,4
DA:44,2
DA:48,18
DA:49,18
DA:51,18
DA:55,6
DA:57,6
DA:65,1
DA:69,1
DA:71,1
LF:18
LH:18
BRDA:26,0,0,4
BRDA:26,0,1,8
BRDA:27,1,0,4
BRDA:27,1,1,1
BRDA:27,2,0,4
BRDA:27,2,1,0
BRF:6
BRH:5
end_of_record
TN:
SF:/Users/georgegillams/Documents/projects/backpack/packages/bpk-component-autosuggest/src/BpkAutosuggest.js
FNF:0
FNH:0
DA:25,1
DA:35,1
DA:47,1
LF:3
LH:3
BRF:0
BRH:0
end_of_record
TN:
SF:/Users/georgegillams/Documents/projects/backpack/packages/bpk-component-autosuggest/src/BpkAutosuggestSuggestion.js
FN:27,(anonymous_0)
FNF:1
FNH:1
FNDA:10,(anonymous_0)
DA:25,1
DA:27,1
DA:28,10
DA:31,10
DA:32,10
DA:34,10
DA:35,10
DA:37,10
DA:58,1
DA:67,1
LF:10
LH:10
BRDA:34,0,0,2
BRDA:34,0,1,8
BRDA:35,1,0,1
BRDA:35,1,1,9
BRDA:39,2,0,2
BRDA:39,2,1,8
BRDA:45,3,0,5
BRDA:45,3,1,5
BRDA:45,4,0,10
BRDA:45,4,1,6
BRDA:49,5,0,3
BRDA:49,5,1,7
BRF:12
BRH:12
end_of_record
TN:
SF:/Users/georgegillams/Documents/projects/backpack/packages/bpk-component-badge/src/BpkBadge.js
FN:27,(anonymous_0)
FNF:1
FNH:1
FNDA:4,(anonymous_0)
DA:25,1
DA:27,1
DA:30,4
DA:31,4
DA:33,4
DA:34,4
DA:35,4
DA:36,4
DA:38,4
DA:41,1
DA:47,1
LF:11
LH:11
BRDA:33,0,0,1
BRDA:33,0,1,3
BRDA:34,1,0,1
BRDA:34,1,1,3
BRDA:35,2,0,1
BRDA:35,2,1,3
BRDA:36,3,0,0
BRDA:36,3,1,4
BRF:8
BRH:7
end_of_record
TN:
SF:/Users/georgegillams/Documents/projects/backpack/packages/bpk-component-banner-alert/src/BpkBannerAlert.js
FN:53,(anonymous_0)
FN:64,(anonymous_1)
FN:88,(anonymous_2)
FN:99,(anonymous_3)
FN:100,(anonymous_4)
FN:105,(anonymous_5)
FN:111,(anonymous_6)
FN:132,(anonymous_7)
FNF:8
FNH:5
FNDA:8,(anonymous_0)
FNDA:2,(anonymous_1)
FNDA:9,(anonymous_2)
FNDA:0,(anonymous_3)
FNDA:0,(anonymous_4)
FNDA:0,(anonymous_5)
FNDA:9,(anonymous_6)
FNDA:18,(anonymous_7)
DA:32,1
DA:34,1
DA:35,1
DA:36,1
DA:37,1
DA:38,1
DA:40,1
DA:47,1
DA:53,1
DA:54,8
DA:61,8
DA:64,1
DA:65,2
DA:66,2
DA:68,2
DA:82,1
DA:89,9
DA:91,9
DA:95,9
DA:96,9
DA:100,0
DA:106,0
DA:107,0
DA:124,9
DA:125,9
DA:126,9
DA:127,9
DA:128,9
DA:130,9
DA:131,9
DA:132,18
DA:134,9
DA:135,9
DA:136,2
DA:137,2
DA:147,9
DA:182,1
DA:204,1
LF:38
LH:35
BRDA:66,0,0,0
BRDA:66,0,1,2
BRDA:106,1,0,0
BRDA:106,1,1,0
BRDA:127,2,0,9
BRDA:127,2,1,2
BRDA:134,3,0,1
BRDA:134,3,1,8
BRDA:135,4,0,2
BRDA:135,4,1,7
BRDA:147,5,0,1
BRDA:147,5,1,8
BRDA:159,6,0,2
BRDA:159,6,1,6
BRDA:164,7,0,1
BRDA:164,7,1,7
BRDA:173,8,0,0
BRDA:173,8,1,8
BRF:18
BRH:14
end_of_record
TN:
SF:/Users/georgegillams/Documents/projects/backpack/packages/bpk-component-barchart/src/BpkBarchart.js
FN:45,(anonymous_0)
FN:47,(anonymous_1)
FN:59,(anonymous_2)
FN:74,(anonymous_3)
FN:79,(anonymous_4)
FN:83,(anonymous_5)
FN:93,(anonymous_6)
FN:135,(anonymous_7)
FN:138,(anonymous_8)
FN:156,(anonymous_9)
FN:258,(anonymous_10)
FN:259,(anonymous_11)
FNF:12
FNH:8
FNDA:9,(anonymous_0)
FNDA:108,(anonymous_1)
FNDA:9,(anonymous_2)
FNDA:9,(anonymous_3)
FNDA:0,(anonymous_4)
FNDA:9,(anonymous_5)
FNDA:9,(anonymous_6)
FNDA:108,(anonymous_7)
FNDA:108,(anonymous_8)
FNDA:0,(anonymous_9)
FNDA:0,(anonymous_10)
FNDA:0,(anonymous_11)
DA:40,1
DA:42,1
DA:43,1
DA:45,1
DA:47,108
DA:48,9
DA:50,9
DA:60,9
DA:62,9
DA:67,9
DA:68,9
DA:70,9
DA:71,9
DA:75,9
DA:76,9
DA:80,0
DA:84,9
DA:85,9
DA:88,0
DA:90,0
DA:120,9
DA:122,9
DA:123,9
DA:130,9
DA:131,9
DA:133,9
DA:134,9
DA:135,108
DA:137,9
DA:138,108
DA:139,9
DA:140,9
DA:142,9
DA:156,0
DA:215,1
DA:243,1
DA:258,0
DA:259,0
LF:38
LH:32
BRDA:50,0,0,0
BRDA:50,0,1,9
BRDA:84,1,0,9
BRDA:84,1,1,0
BRDA:131,2,0,0
BRDA:131,2,1,9
BRDA:144,3,0,9
BRDA:144,3,1,8
BRDA:184,4,0,9
BRDA:184,4,1,1
BRDA:200,5,0,1
BRDA:200,5,1,8
BRF:12
BRH:9
end_of_record
TN:
SF:/Users/georgegillams/Documents/projects/backpack/packages/bpk-component-barchart/src/BpkBarchartBar.js
FN:34,(anonymous_0)
FN:34,(anonymous_1)
FN:43,(anonymous_2)
FNF:3
FNH:2
FNDA:2,(anonymous_0)
FNDA:0,(anonymous_1)
FNDA:8,(anonymous_2)
DA:27,3
DA:29,3
DA:34,3
DA:35,0
DA:36,0
DA:37,0
DA:41,3
DA:43,3
DA:58,8
DA:60,8
DA:61,8
DA:62,8
DA:64,8
DA:65,8
DA:66,8
DA:67,8
DA:69,8
DA:70,8
DA:71,8
DA:73,8
DA:105,3
DA:120,3
LF:22
LH:19
BRDA:35,0,0,0
BRDA:35,0,1,0
BRDA:35,1,0,0
BRDA:35,1,1,0
BRDA:64,2,0,0
BRDA:64,2,1,8
BRDA:65,3,0,2
BRDA:65,3,1,6
BRDA:66,4,0,4
BRDA:66,4,1,4
BRDA:66,5,0,8
BRDA:66,5,1,6
BRDA:66,5,2,5
BRDA:67,6,0,1
BRDA:67,6,1,7
BRDA:69,7,0,8
BRDA:69,7,1,2
BRDA:92,8,0,8
BRDA:92,8,1,6
BRDA:93,9,0,8
BRDA:93,9,1,7
BRDA:94,10,0,8
BRDA:94,10,1,7
BRDA:95,11,0,2
BRDA:95,11,1,6
BRDA:96,12,0,2
BRDA:96,12,1,6
BRDA:97,13,0,2
BRDA:97,13,1,6
BRF:29
BRH:24
end_of_record
TN:
SF:/Users/georgegillams/Documents/projects/backpack/packages/bpk-component-barchart/src/BpkBarchartBars.js
FN:26,(anonymous_0)
FN:29,(anonymous_1)
FN:43,(anonymous_2)
FN:46,(anonymous_3)
FN:76,(anonymous_4)
FN:90,(anonymous_5)
FN:91,(anonymous_6)
FN:92,(anonymous_7)
FN:134,(anonymous_8)
FNF:9
FNH:6
FNDA:168,(anonymous_0)
FNDA:84,(anonymous_1)
FNDA:168,(anonymous_2)
FNDA:7,(anonymous_3)
FNDA:84,(anonymous_4)
FNDA:0,(anonymous_5)
FNDA:0,(anonymous_6)
FNDA:0,(anonymous_7)
FNDA:72,(anonymous_8)
DA:24,2
DA:26,2
DA:27,168
DA:29,2
DA:36,84
DA:40,84
DA:43,2
DA:44,168
DA:46,2
DA:65,7
DA:67,7
DA:70,7
DA:72,7
DA:74,7
DA:77,84
DA:78,84
DA:79,84
DA:80,84
DA:81,84
DA:90,0
DA:91,0
DA:92,0
DA:103,2
DA:128,2
DA:134,72
LF:25
LH:22
BRDA:85,0,0,84
BRDA:85,0,1,0
BRDA:87,1,0,84
BRDA:87,1,1,0
BRDA:90,2,0,12
BRDA:90,2,1,72
BRDA:91,3,0,12
BRDA:91,3,1,72
BRDA:92,4,0,12
BRDA:92,4,1,72
BRF:10
BRH:8
end_of_record
TN:
SF:/Users/georgegillams/Documents/projects/backpack/packages/bpk-component-barchart/src/BpkBarchartDefs.js
FN:28,(anonymous_0)
FNF:1
FNH:1
FNDA:1,(anonymous_0)
DA:21,2
DA:28,2
DA:29,1
LF:3
LH:3
BRF:0
BRH:0
end_of_record
TN:
SF:/Users/georgegillams/Documents/projects/backpack/packages/bpk-component-barchart/src/BpkChartAxis.js
FN:34,(anonymous_0)
FN:53,(anonymous_1)
FN:74,(anonymous_2)
FN:78,(anonymous_3)
FN:99,(anonymous_4)
FN:107,(anonymous_5)
FNF:6
FNH:6
FNDA:12,(anonymous_0)
FNDA:32,(anonymous_1)
FNDA:32,(anonymous_2)
FNDA:12,(anonymous_3)
FNDA:36,(anonymous_4)
FNDA:64,(anonymous_5)
DA:29,2
DA:31,2
DA:32,2
DA:34,2
DA:37,12
DA:39,12
DA:40,6
DA:53,32
DA:57,6
DA:58,6
DA:59,6
DA:61,6
DA:74,32
DA:78,2
DA:91,12
DA:95,12
DA:97,12
DA:99,36
DA:101,12
DA:108,64
DA:132,2
DA:151,2
LF:22
LH:22
BRDA:37,0,0,6
BRDA:37,0,1,6
BRDA:39,1,0,6
BRDA:39,1,1,6
BRDA:97,2,0,6
BRDA:97,2,1,6
BRDA:120,3,0,12
BRDA:120,3,1,2
BRF:8
BRH:8
end_of_record
TN:
SF:/Users/georgegillams/Documents/projects/backpack/packages/bpk-component-barchart/src/BpkChartDataTable.js
FN:29,(anonymous_0)
FN:33,(anonymous_1)
FNF:2
FNH:2
FNDA:1,(anonymous_0)
FNDA:12,(anonymous_1)
DA:27,2
DA:29,2
DA:32,1
DA:33,1
DA:34,12
DA:36,12
DA:44,1
DA:59,2
DA:67,2
LF:9
LH:9
BRF:0
BRH:0
end_of_record
TN:
SF:/Users/georgegillams/Documents/projects/backpack/packages/bpk-component-barchart/src/BpkChartGridLines.js
FN:29,(anonymous_0)
FN:36,(anonymous_1)
FN:39,(anonymous_2)
FN:52,(anonymous_3)
FNF:4
FNH:4
FNDA:10,(anonymous_0)
FNDA:36,(anonymous_1)
FNDA:46,(anonymous_2)
FNDA:46,(anonymous_3)
DA:27,2
DA:29,2
DA:32,10
DA:34,10
DA:36,36
DA:37,10
DA:39,10
DA:40,46
DA:41,46
DA:52,10
DA:53,46
DA:61,10
DA:68,2
DA:85,2
LF:14
LH:14
BRDA:34,0,0,4
BRDA:34,0,1,6
BRDA:37,1,0,6
BRDA:37,1,1,4
BRDA:41,2,0,23
BRDA:41,2,1,23
BRF:6
BRH:6
end_of_record
TN:
SF:/Users/georgegillams/Documents/projects/backpack/packages/bpk-component-barchart/src/BpkChartMargin.js
FN:22,(anonymous_0)
FNF:1
FNH:1
FNDA:1,(anonymous_0)
DA:22,2
DA:23,1
DA:25,1
DA:35,2
LF:4
LH:4
BRF:0
BRH:0
end_of_record
TN:
SF:/Users/georgegillams/Documents/projects/backpack/packages/bpk-component-barchart/src/RTLtransforms.js
FN:24,(anonymous_0)
FN:28,(anonymous_1)
FN:30,(anonymous_2)
FN:32,(anonymous_3)
FN:34,(anonymous_4)
FNF:5
FNH:5
FNDA:36,(anonymous_0)
FNDA:36,(anonymous_1)
FNDA:18,(anonymous_2)
FNDA:9,(anonymous_3)
FNDA:9,(anonymous_4)
DA:19,2
DA:24,2
DA:25,36
DA:28,36
DA:30,18
DA:32,9
DA:34,2
DA:35,9
DA:36,9
DA:38,0
DA:39,0
LF:11
LH:9
BRDA:25,0,0,36
BRDA:25,0,1,36
BRDA:25,0,2,36
BRDA:30,1,0,0
BRDA:30,1,1,18
BRDA:32,2,0,0
BRDA:32,2,1,9
BRDA:35,3,0,9
BRDA:35,3,1,0
BRF:9
BRH:6
end_of_record
TN:
SF:/Users/georgegillams/Documents/projects/backpack/packages/bpk-component-barchart/src/customPropTypes.js
FN:19,(anonymous_0)
FNF:1
FNH:1
FNDA:21,(anonymous_0)
DA:20,21
DA:21,21
DA:22,21
DA:23,1
DA:26,20
DA:27,218
DA:28,218
DA:30,218
DA:31,1
DA:36,19
LF:10
LH:10
BRDA:22,0,0,1
BRDA:22,0,1,20
BRDA:28,1,0,218
BRDA:28,1,1,218
BRDA:30,2,0,1
BRDA:30,2,1,217
BRF:6
BRH:6
end_of_record
TN:
SF:/Users/georgegillams/Documents/projects/backpack/packages/bpk-component-barchart/src/orientation.js
FNF:0
FNH:0
DA:19,3
DA:20,3
LF:2
LH:2
BRF:0
BRH:0
end_of_record
TN:
SF:/Users/georgegillams/Documents/projects/backpack/packages/bpk-component-barchart/src/themeAttributes.js
FNF:0
FNH:0
LF:0
LH:0
BRF:0
BRH:0
end_of_record
TN:
SF:/Users/georgegillams/Documents/projects/backpack/packages/bpk-component-barchart/src/utils.js
FN:19,(anonymous_0)
FN:24,(anonymous_1)
FN:27,(anonymous_2)
FN:29,(anonymous_3)
FNF:4
FNH:4
FNDA:15,(anonymous_0)
FNDA:54,(anonymous_1)
FNDA:78,(anonymous_2)
FNDA:15,(anonymous_3)
DA:19,6
DA:20,15
DA:21,15
DA:22,1
DA:24,54
DA:27,78
DA:29,6
DA:30,15
DA:32,15
DA:33,15
DA:36,15
LF:11
LH:11
BRDA:21,0,0,1
BRDA:21,0,1,14
BRDA:32,1,0,15
BRDA:32,1,1,0
BRDA:36,2,0,15
BRDA:36,2,1,0
BRF:6
BRH:4
end_of_record
TN:
SF:/Users/georgegillams/Documents/projects/backpack/packages/bpk-component-blockquote/src/BpkBlockquote.js
FN:27,(anonymous_0)
FNF:1
FNH:1
FNDA:2,(anonymous_0)
DA:25,1
DA:27,1
DA:28,2
DA:29,2
DA:30,1
DA:33,2
DA:42,1
DA:50,1
LF:8
LH:8
BRDA:29,0,0,1
BRDA:29,0,1,1
BRF:2
BRH:2
end_of_record
TN:
SF:/Users/georgegillams/Documents/projects/backpack/packages/bpk-component-blockquote/src/themeAttributes.js
FNF:0
FNH:0
LF:0
LH:0
BRF:0
BRH:0
end_of_record
TN:
SF:/Users/georgegillams/Documents/projects/backpack/packages/bpk-component-breakpoint/src/BpkBreakpoint.js
FN:32,(anonymous_0)
FN:34,(anonymous_1)
FN:37,(anonymous_2)
FNF:3
FNH:3
FNDA:5,(anonymous_0)
FNDA:8,(anonymous_1)
FNDA:30,(anonymous_2)
DA:24,6
DA:32,6
DA:34,6
DA:35,8
DA:36,6
DA:37,30
DA:40,2
DA:43,6
DA:49,6
LF:9
LH:9
BRDA:35,0,0,6
BRDA:35,0,1,2
BRF:2
BRH:2
end_of_record
TN:
SF:/Users/georgegillams/Documents/projects/backpack/packages/bpk-component-button/src/BpkButton.js
FN:28,(anonymous_0)
FN:29,(anonymous_1)
FN:33,(anonymous_2)
FN:74,(anonymous_3)
FNF:4
FNH:3
FNDA:1,(anonymous_0)
FNDA:24,(anonymous_1)
FNDA:12,(anonymous_2)
FNDA:0,(anonymous_3)
DA:28,1
DA:29,24
DA:31,1
DA:33,1
DA:49,12
DA:51,12
DA:53,12
DA:54,12
DA:55,12
DA:56,12
DA:57,12
DA:58,12
DA:59,12
DA:60,12
DA:62,12
DA:64,12
DA:65,1
DA:74,11
DA:75,0
DA:76,0
DA:80,11
DA:82,11
DA:89,1
DA:108,1
LF:24
LH:22
BRDA:28,0,0,0
BRDA:29,1,0,0
BRDA:29,1,1,24
BRDA:53,2,0,4
BRDA:53,2,1,8
BRDA:54,3,0,1
BRDA:54,3,1,11
BRDA:55,4,0,1
BRDA:55,4,1,11
BRDA:56,5,0,4
BRDA:56,5,1,8
BRDA:57,6,0,1
BRDA:57,6,1,11
BRDA:58,7,0,0
BRDA:58,7,1,12
BRDA:59,8,0,1
BRDA:59,8,1,11
BRDA:59,9,0,0
BRDA:59,9,1,1
BRDA:60,10,0,1
BRDA:60,10,1,11
BRDA:64,11,0,1
BRDA:64,11,1,11
BRDA:74,12,0,0
BRDA:74,12,1,11
BRDA:75,13,0,0
BRDA:75,13,1,0
BRDA:80,14,0,0
BRDA:80,14,1,11
BRF:29
BRH:21
end_of_record
TN:
SF:/Users/georgegillams/Documents/projects/backpack/packages/bpk-component-button/src/themeAttributes.js
FNF:0
FNH:0
DA:19,1
DA:30,1
LF:2
LH:2
BRF:0
BRH:0
end_of_record
TN:
SF:/Users/georgegillams/Documents/projects/backpack/packages/bpk-component-calendar/test-utils.js
FN:21,(anonymous_0)
FN:22,(anonymous_1)
FN:27,(anonymous_2)
FN:32,(anonymous_3)
FN:33,(anonymous_4)
FN:50,(anonymous_5)
FNF:6
FNH:2
FNDA:1421,(anonymous_0)
FNDA:0,(anonymous_1)
FNDA:0,(anonymous_2)
FNDA:119,(anonymous_3)
FNDA:0,(anonymous_4)
FNDA:0,(anonymous_5)
DA:21,1421
DA:22,3
DA:23,0
DA:24,0
DA:25,0
DA:27,3
DA:28,0
DA:29,0
DA:30,0
DA:32,119
DA:33,3
DA:34,0
DA:48,0
DA:50,3
DA:51,0
DA:65,0
DA:68,3
DA:113,3
DA:158,3
DA:217,3
LF:20
LH:10
BRF:0
BRH:0
end_of_record
TN:
SF:/Users/georgegillams/Documents/projects/backpack/packages/bpk-component-calendar/src/BpkCalendarContainer.js
FN:42,(anonymous_0)
FN:49,(anonymous_1)
FN:61,(anonymous_2)
FN:63,(anonymous_3)
FN:85,(anonymous_4)
FN:98,(anonymous_5)
FN:110,(anonymous_6)
FN:117,(anonymous_7)
FN:134,(anonymous_8)
FN:141,(anonymous_9)
FN:183,(anonymous_10)
FNF:11
FNH:9
FNDA:0,(anonymous_0)
FNDA:7,(anonymous_1)
FNDA:1,(anonymous_2)
FNDA:7,(anonymous_3)
FNDA:0,(anonymous_4)
FNDA:11,(anonymous_5)
FNDA:11,(anonymous_6)
FNDA:2,(anonymous_7)
FNDA:1,(anonymous_8)
FNDA:11,(anonymous_9)
FNDA:18,(anonymous_10)
DA:40,1
DA:42,1
DA:43,0
DA:44,0
DA:46,0
DA:49,1
DA:50,7
DA:51,6
DA:54,1
DA:55,1
DA:58,0
DA:61,1
DA:64,7
DA:66,7
DA:67,7
DA:70,7
DA:71,7
DA:73,7
DA:79,7
DA:80,7
DA:81,7
DA:82,7
DA:87,0
DA:89,0
DA:90,0
DA:91,0
DA:92,0
DA:99,11
DA:100,11
DA:105,11
DA:107,11
DA:111,11
DA:112,1
DA:118,2
DA:119,2
DA:121,2
DA:122,1
DA:128,1
DA:130,1
DA:135,1
DA:142,11
DA:143,11
DA:144,11
DA:145,11
DA:146,11
DA:148,11
DA:150,3
DA:151,3
DA:153,1
DA:154,1
DA:156,1
DA:157,1
DA:159,1
DA:160,1
DA:162,1
DA:163,1
DA:165,1
DA:166,1
DA:168,1
DA:169,1
DA:171,1
DA:172,1
DA:174,1
DA:175,1
DA:178,11
DA:179,10
DA:190,18
DA:192,18
DA:193,18
DA:195,18
DA:196,18
DA:199,18
DA:201,18
DA:208,18
DA:213,18
DA:215,18
DA:235,1
DA:247,1
DA:258,1
LF:79
LH:70
BRDA:43,0,0,0
BRDA:43,0,1,0
BRDA:44,1,0,0
BRDA:44,1,1,0
BRDA:46,2,0,0
BRDA:46,2,1,0
BRDA:50,3,0,6
BRDA:50,3,1,1
BRDA:54,4,0,1
BRDA:54,4,1,0
BRDA:70,5,0,7
BRDA:70,5,1,1
BRDA:87,6,0,0
BRDA:87,6,1,0
BRDA:91,7,0,0
BRDA:91,7,1,0
BRDA:111,8,0,1
BRDA:111,8,1,10
BRDA:111,9,0,11
BRDA:111,9,1,2
BRDA:121,10,0,1
BRDA:121,10,1,1
BRDA:143,11,0,0
BRDA:143,11,1,11
BRDA:148,12,0,3
BRDA:148,12,1,1
BRDA:148,12,2,1
BRDA:148,12,3,1
BRDA:148,12,4,1
BRDA:148,12,5,1
BRDA:148,12,6,1
BRDA:148,12,7,1
BRDA:148,12,8,1
BRDA:178,13,0,10
BRDA:178,13,1,1
BRDA:199,14,0,18
BRDA:199,14,1,1
BRDA:201,15,0,17
BRDA:201,15,1,1
BRF:39
BRH:27
end_of_record
TN:
SF:/Users/georgegillams/Documents/projects/backpack/packages/bpk-component-calendar/src/BpkCalendarDate.js
FN:29,(anonymous_0)
FN:33,(anonymous_1)
FN:39,(anonymous_2)
FN:49,(anonymous_3)
FN:64,(anonymous_4)
FN:68,(anonymous_5)
FN:84,(anonymous_6)
FN:103,(anonymous_7)
FNF:8
FNH:8
FNDA:222,(anonymous_0)
FNDA:761,(anonymous_1)
FNDA:761,(anonymous_2)
FNDA:478,(anonymous_3)
FNDA:761,(anonymous_4)
FNDA:1239,(anonymous_5)
FNDA:42,(anonymous_6)
FNDA:2,(anonymous_7)
DA:27,3
DA:29,3
DA:30,222
DA:34,761
DA:36,761
DA:40,761
DA:42,0
DA:44,0
DA:50,478
DA:53,222
DA:54,8
DA:55,8
DA:59,214
DA:60,3
DA:65,761
DA:81,1239
DA:82,1239
DA:84,1239
DA:85,42
DA:88,1239
DA:89,1239
DA:90,1239
DA:91,1239
DA:92,1239
DA:94,1239
DA:96,1239
DA:103,2
DA:114,3
DA:130,3
LF:29
LH:27
BRDA:30,0,0,222
BRDA:30,0,1,0
BRDA:40,1,0,0
BRDA:40,1,1,761
BRDA:40,2,0,761
BRDA:40,2,1,168
BRDA:42,3,0,0
BRDA:42,3,1,0
BRDA:50,4,0,256
BRDA:50,4,1,222
BRDA:50,5,0,478
BRDA:50,5,1,222
BRDA:50,5,2,222
BRDA:53,6,0,8
BRDA:53,6,1,214
BRDA:53,7,0,222
BRDA:53,7,1,211
BRDA:53,7,2,8
BRDA:59,8,0,3
BRDA:59,8,1,211
BRDA:59,9,0,214
BRDA:59,9,1,3
BRDA:59,9,2,3
BRDA:85,10,0,42
BRDA:85,10,1,0
BRDA:88,11,0,31
BRDA:88,11,1,1208
BRDA:89,12,0,20
BRDA:89,12,1,1219
BRDA:90,13,0,420
BRDA:90,13,1,819
BRDA:91,14,0,358
BRDA:91,14,1,881
BRDA:92,15,0,0
BRDA:92,15,1,1239
BRDA:102,16,0,18
BRDA:102,16,1,1221
BRDA:102,17,0,1239
BRDA:102,17,1,689
BRDA:103,18,0,2
BRDA:103,18,1,0
BRF:41
BRH:34
end_of_record
TN:
SF:/Users/georgegillams/Documents/projects/backpack/packages/bpk-component-calendar/src/BpkCalendarGrid.js
FN:41,(anonymous_0)
FN:51,(anonymous_1)
FN:63,(anonymous_2)
FN:108,(anonymous_3)
FNF:4
FNH:4
FNDA:19,(anonymous_0)
FNDA:28,(anonymous_1)
FNDA:47,(anonymous_2)
FNDA:282,(anonymous_3)
DA:35,2
DA:42,19
DA:45,19
DA:53,28
DA:56,0
DA:83,47
DA:88,47
DA:90,47
DA:91,47
DA:93,47
DA:109,282
DA:138,2
DA:162,2
LF:13
LH:12
BRDA:53,0,0,0
BRDA:53,0,1,28
BRDA:53,1,0,28
BRDA:53,1,1,28
BRDA:53,1,2,28
BRDA:91,2,0,42
BRDA:91,2,1,5
BRF:7
BRH:6
end_of_record
TN:
SF:/Users/georgegillams/Documents/projects/backpack/packages/bpk-component-calendar/src/BpkCalendarGridHeader.js
FN:33,(anonymous_0)
FN:66,(anonymous_1)
FN:90,(anonymous_2)
FNF:3
FNH:3
FNDA:182,(anonymous_0)
FNDA:26,(anonymous_1)
FNDA:182,(anonymous_2)
DA:28,2
DA:33,2
DA:39,182
DA:40,182
DA:42,182
DA:43,52
DA:45,52
DA:46,52
DA:49,182
DA:58,2
DA:72,26
DA:74,26
DA:75,26
DA:76,26
DA:78,26
DA:80,26
DA:81,26
DA:83,26
DA:84,26
DA:85,26
DA:87,26
DA:91,182
DA:105,2
DA:113,2
LF:24
LH:24
BRDA:42,0,0,52
BRDA:42,0,1,130
BRDA:45,1,0,25
BRDA:45,1,1,27
BRDA:46,2,0,25
BRDA:46,2,1,27
BRDA:74,3,0,19
BRDA:74,3,1,7
BRDA:75,4,0,19
BRDA:75,4,1,7
BRDA:76,5,0,19
BRDA:76,5,1,7
BRDA:84,6,0,19
BRDA:84,6,1,7
BRDA:85,7,0,7
BRDA:85,7,1,19
BRDA:95,8,0,182
BRDA:95,8,1,175
BRDA:96,9,0,182
BRDA:96,9,1,175
BRF:20
BRH:20
end_of_record
TN:
SF:/Users/georgegillams/Documents/projects/backpack/packages/bpk-component-calendar/src/BpkCalendarGridTransition.js
FN:51,(anonymous_0)
FN:58,(anonymous_1)
FN:78,(anonymous_2)
FN:115,(anonymous_3)
FN:124,(anonymous_4)
FN:141,(anonymous_5)
FN:166,(anonymous_6)
FN:206,(anonymous_7)
FN:206,(anonymous_8)
FNF:9
FNH:9
FNDA:23,(anonymous_0)
FNDA:11,(anonymous_1)
FNDA:14,(anonymous_2)
FNDA:19,(anonymous_3)
FNDA:5,(anonymous_4)
FNDA:30,(anonymous_5)
FNDA:90,(anonymous_6)
FNDA:2,(anonymous_7)
FNDA:19,(anonymous_8)
DA:43,2
DA:45,2
DA:51,23
DA:59,11
DA:61,11
DA:74,11
DA:75,11
DA:79,14
DA:81,14
DA:82,6
DA:84,6
DA:86,3
DA:90,3
DA:93,3
DA:95,2
DA:99,2
DA:102,1
DA:119,19
DA:120,5
DA:125,5
DA:127,5
DA:147,30
DA:149,30
DA:150,30
DA:151,5
DA:154,30
DA:155,30
DA:156,30
DA:158,30
DA:167,90
DA:193,2
DA:200,2
DA:206,2
DA:207,19
LF:34
LH:34
BRDA:81,0,0,6
BRDA:81,0,1,8
BRDA:84,1,0,3
BRDA:84,1,1,3
BRDA:87,2,0,0
BRDA:87,2,1,3
BRDA:93,3,0,2
BRDA:93,3,1,1
BRDA:96,4,0,0
BRDA:96,4,1,2
BRDA:119,5,0,5
BRDA:119,5,1,14
BRDA:119,6,0,19
BRDA:119,6,1,19
BRDA:150,7,0,5
BRDA:150,7,1,25
BRDA:155,8,0,0
BRDA:155,8,1,30
BRDA:167,9,0,45
BRDA:167,9,1,45
BRDA:172,10,0,45
BRDA:172,10,1,22
BRDA:173,11,0,45
BRDA:173,11,1,39
BRDA:175,12,0,22
BRDA:175,12,1,23
BRF:26
BRH:23
end_of_record
TN:
SF:/Users/georgegillams/Documents/projects/backpack/packages/bpk-component-calendar/src/BpkCalendarNav.js
FN:41,(anonymous_0)
FN:43,(anonymous_1)
FN:52,(anonymous_2)
FN:106,(anonymous_3)
FN:111,(anonymous_4)
FNF:5
FNH:5
FNDA:42,(anonymous_0)
FNDA:2,(anonymous_1)
FNDA:21,(anonymous_2)
FNDA:1,(anonymous_3)
FNDA:43,(anonymous_4)
DA:39,2
DA:41,2
DA:43,42
DA:46,2
DA:47,2
DA:48,2
DA:52,2
DA:62,21
DA:64,21
DA:65,21
DA:66,21
DA:67,21
DA:68,21
DA:70,21
DA:107,1
DA:108,1
DA:112,43
DA:138,2
DA:151,2
LF:19
LH:19
BRDA:46,0,0,2
BRDA:46,0,1,0
BRDA:84,1,0,21
BRDA:84,1,1,20
BRDA:124,2,0,21
BRDA:124,2,1,20
BRF:6
BRH:5
end_of_record
TN:
SF:/Users/georgegillams/Documents/projects/backpack/packages/bpk-component-calendar/src/Week.js
FN:38,(anonymous_0)
FN:50,(anonymous_1)
FN:90,(anonymous_2)
FN:116,(anonymous_3)
FN:176,(anonymous_4)
FNF:5
FNH:5
FNDA:168,(anonymous_0)
FNDA:168,(anonymous_1)
FNDA:203,(anonymous_2)
FNDA:1421,(anonymous_3)
FNDA:1421,(anonymous_4)
DA:36,2
DA:38,2
DA:39,168
DA:40,168
DA:41,1806
DA:43,102
DA:51,168
DA:67,168
DA:68,102
DA:72,23
DA:74,79
DA:78,0
DA:80,79
DA:81,0
DA:83,79
DA:84,0
DA:87,79
DA:108,203
DA:110,203
DA:111,203
DA:113,203
DA:117,1421
DA:143,2
DA:164,2
DA:176,2
DA:177,1421
DA:179,1421
DA:180,1421
DA:182,1421
DA:191,2
LF:30
LH:27
BRDA:41,0,0,66
BRDA:41,0,1,1740
BRDA:67,1,0,66
BRDA:67,1,1,102
BRDA:68,2,0,23
BRDA:68,2,1,79
BRDA:69,3,0,102
BRDA:69,3,1,85
BRDA:69,3,2,23
BRDA:74,4,0,0
BRDA:74,4,1,79
BRDA:75,5,0,79
BRDA:75,5,1,70
BRDA:75,5,2,9
BRDA:80,6,0,0
BRDA:80,6,1,79
BRDA:83,7,0,0
BRDA:83,7,1,79
BRDA:119,8,0,1421
BRDA:119,8,1,1379
BRDA:120,9,0,1421
BRDA:120,9,1,1379
BRDA:132,10,0,1211
BRDA:132,10,1,210
BRDA:132,11,0,1421
BRDA:132,11,1,1211
BRDA:133,12,0,1421
BRDA:133,12,1,1421
BRDA:134,13,0,1421
BRDA:134,13,1,1421
BRDA:179,14,0,197
BRDA:179,14,1,1224
BRDA:180,15,0,197
BRDA:180,15,1,1224
BRF:34
BRH:31
end_of_record
TN:
SF:/Users/georgegillams/Documents/projects/backpack/packages/bpk-component-calendar/src/composeCalendar.js
FN:28,(anonymous_0)
FN:29,(anonymous_1)
FN:147,(anonymous_2)
FN:148,(anonymous_3)
FN:149,(anonymous_4)
FNF:5
FNH:2
FNDA:4,(anonymous_0)
FNDA:23,(anonymous_1)
FNDA:0,(anonymous_2)
FNDA:0,(anonymous_3)
FNDA:0,(anonymous_4)
DA:26,2
DA:28,2
DA:29,4
DA:30,23
DA:54,23
DA:56,23
DA:57,23
DA:59,23
DA:62,23
DA:64,23
DA:67,23
DA:69,23
DA:114,4
DA:140,4
DA:147,0
DA:148,0
DA:149,0
DA:156,4
LF:18
LH:15
BRDA:56,0,0,1
BRDA:56,0,1,22
BRDA:57,1,0,22
BRDA:57,1,1,1
BRDA:62,2,0,22
BRDA:62,2,1,1
BRDA:67,3,0,1
BRDA:67,3,1,22
BRDA:67,4,0,23
BRDA:67,4,1,2
BRDA:71,5,0,23
BRDA:71,5,1,22
BRDA:82,6,0,23
BRDA:82,6,1,21
BRF:14
BRH:14
end_of_record
TN:
SF:/Users/georgegillams/Documents/projects/backpack/packages/bpk-component-calendar/src/custom-proptypes.js
FNF:0
FNH:0
DA:21,4
DA:28,4
DA:29,4
DA:30,4
LF:4
LH:4
BRF:0
BRH:0
end_of_record
TN:
SF:/Users/georgegillams/Documents/projects/backpack/packages/bpk-component-calendar/src/date-utils.js
FN:47,getCalendarMonthWeeks
FN:63,getLastDayOfWeekend
FN:64,(anonymous_2)
FN:72,getFirstDayOfWeekend
FN:73,(anonymous_4)
FN:81,(anonymous_5)
FN:83,(anonymous_6)
FN:92,getMonthRange
FN:99,getMonthsInRange
FN:112,(anonymous_9)
FN:121,(anonymous_10)
FN:127,(anonymous_11)
FN:128,(anonymous_12)
FNF:13
FNH:13
FNDA:19,getCalendarMonthWeeks
FNDA:229,getLastDayOfWeekend
FNDA:1603,(anonymous_2)
FNDA:229,getFirstDayOfWeekend
FNDA:1603,(anonymous_4)
FNDA:45,(anonymous_5)
FNDA:361,(anonymous_6)
FNDA:72,getMonthRange
FNDA:21,getMonthsInRange
FNDA:77,(anonymous_9)
FNDA:24,(anonymous_10)
FNDA:282,(anonymous_11)
FNDA:154,(anonymous_12)
DA:48,19
DA:49,19
DA:51,19
DA:52,19
DA:54,19
DA:55,114
DA:56,114
DA:57,114
DA:60,19
DA:64,1603
DA:66,229
DA:67,14
DA:69,215
DA:73,1603
DA:75,229
DA:76,14
DA:78,215
DA:81,4
DA:83,361
DA:85,45
DA:93,72
DA:100,21
DA:101,21
DA:102,21
DA:104,21
DA:105,43
DA:106,43
DA:109,21
DA:112,4
DA:113,77
DA:114,68
DA:115,9
DA:116,6
DA:118,3
DA:121,24
DA:126,4
DA:127,282
DA:128,154
LF:38
LH:38
BRDA:66,0,0,14
BRDA:66,0,1,215
BRDA:66,1,0,229
BRDA:66,1,1,14
BRDA:75,2,0,14
BRDA:75,2,1,215
BRDA:75,3,0,229
BRDA:75,3,1,14
BRDA:113,4,0,68
BRDA:113,4,1,9
BRDA:115,5,0,6
BRDA:115,5,1,3
BRF:12
BRH:12
end_of_record
TN:
SF:/Users/georgegillams/Documents/projects/backpack/packages/bpk-component-calendar/src/themeAttributes.js
FNF:0
FNH:0
LF:0
LH:0
BRF:0
BRH:0
end_of_record
TN:
SF:/Users/georgegillams/Documents/projects/backpack/packages/bpk-component-calendar/src/utils.js
FN:21,(anonymous_0)
FN:31,(anonymous_1)
FN:35,(anonymous_2)
FN:45,(anonymous_3)
FN:51,(anonymous_4)
FNF:5
FNH:5
FNDA:8,(anonymous_0)
FNDA:4,(anonymous_1)
FNDA:30,(anonymous_2)
FNDA:17,(anonymous_3)
FNDA:11,(anonymous_4)
DA:21,2
DA:22,8
DA:24,8
DA:25,8
DA:28,8
DA:31,4
DA:35,2
DA:36,30
DA:37,30
DA:45,2
DA:46,17
DA:47,17
DA:51,11
LF:13
LH:13
BRDA:24,0,0,8
BRDA:24,0,1,0
BRDA:28,1,0,8
BRDA:28,1,1,0
BRDA:51,2,0,11
BRDA:51,2,1,11
BRF:6
BRH:4
end_of_record
TN:
SF:/Users/georgegillams/Documents/projects/backpack/packages/bpk-component-card/src/BpkCard.js
FN:27,(anonymous_0)
FNF:1
FNH:1
FNDA:4,(anonymous_0)
DA:25,1
DA:27,1
DA:28,4
DA:31,4
DA:33,4
DA:34,4
DA:36,4
DA:38,4
DA:39,1
DA:42,3
DA:45,1
DA:52,1
LF:12
LH:12
BRDA:33,0,0,3
BRDA:33,0,1,1
BRDA:34,1,0,1
BRDA:34,1,1,3
BRDA:38,2,0,1
BRDA:38,2,1,3
BRF:6
BRH:6
end_of_record
TN:
SF:/Users/georgegillams/Documents/projects/backpack/packages/bpk-component-checkbox/src/BpkCheckbox.js
FN:27,(anonymous_0)
FNF:1
FNH:1
FNDA:8,(anonymous_0)
DA:25,1
DA:27,1
DA:28,8
DA:29,8
DA:32,8
DA:34,8
DA:35,8
DA:36,8
DA:37,8
DA:43,8
DA:63,1
DA:73,1
LF:12
LH:12
BRDA:34,0,0,1
BRDA:34,0,1,7
BRDA:35,1,0,1
BRDA:35,1,1,7
BRDA:36,2,0,1
BRDA:36,2,1,7
BRDA:37,3,0,0
BRDA:37,3,1,8
BRDA:54,4,0,8
BRDA:54,4,1,1
BRF:10
BRH:9
end_of_record
TN:
SF:/Users/georgegillams/Documents/projects/backpack/packages/bpk-component-chip/src/BpkChip.js
FN:28,(anonymous_0)
FN:39,(anonymous_1)
FN:70,(anonymous_2)
FNF:3
FNH:3
FNDA:4,(anonymous_0)
FNDA:1,(anonymous_1)
FNDA:2,(anonymous_2)
DA:26,1
DA:28,1
DA:29,4
DA:32,4
DA:34,4
DA:36,4
DA:38,4
DA:39,1
DA:42,4
DA:58,1
DA:68,1
DA:70,2
LF:12
LH:12
BRDA:34,0,0,1
BRDA:34,0,1,3
BRDA:38,1,0,1
BRDA:38,1,1,3
BRF:4
BRH:4
end_of_record
TN:
SF:/Users/georgegillams/Documents/projects/backpack/packages/bpk-component-close-button/src/BpkCloseButton.js
FN:31,(anonymous_0)
FNF:1
FNH:1
FNDA:1,(anonymous_0)
DA:27,1
DA:29,1
DA:31,1
DA:32,1
DA:35,1
DA:37,1
DA:39,1
DA:53,1
DA:59,1
LF:9
LH:9
BRDA:37,0,0,0
BRDA:37,0,1,1
BRF:2
BRH:1
end_of_record
TN:
SF:/Users/georgegillams/Documents/projects/backpack/packages/bpk-component-close-button/src/themeAttributes.js
FNF:0
FNH:0
LF:0
LH:0
BRF:0
BRH:0
end_of_record
TN:
SF:/Users/georgegillams/Documents/projects/backpack/packages/bpk-component-code/src/BpkCode.js
FN:27,(anonymous_0)
FNF:1
FNH:1
FNDA:1,(anonymous_0)
DA:25,1
DA:27,1
DA:29,1
LF:3
LH:3
BRF:0
BRH:0
end_of_record
TN:
SF:/Users/georgegillams/Documents/projects/backpack/packages/bpk-component-code/src/BpkCodeBlock.js
FN:27,(anonymous_0)
FN:28,(anonymous_1)
FNF:2
FNH:2
FNDA:1,(anonymous_0)
FNDA:2,(anonymous_1)
DA:25,1
DA:27,1
DA:28,2
DA:30,1
DA:37,1
LF:5
LH:5
BRF:0
BRH:0
end_of_record
TN:
SF:/Users/georgegillams/Documents/projects/backpack/packages/bpk-component-content-container/src/BpkContentContainer.js
FN:27,(anonymous_0)
FNF:1
FNH:1
FNDA:2,(anonymous_0)
DA:25,1
DA:27,1
DA:28,2
DA:29,2
DA:31,2
DA:34,2
DA:45,1
DA:54,1
LF:8
LH:8
BRDA:31,0,0,1
BRDA:31,0,1,1
BRF:2
BRH:2
end_of_record
TN:
SF:/Users/georgegillams/Documents/projects/backpack/packages/bpk-component-datepicker/src/BpkDatepicker.js
FN:35,(anonymous_0)
FN:47,(anonymous_1)
FN:53,(anonymous_2)
FN:59,(anonymous_3)
FN:68,(anonymous_4)
FN:107,(anonymous_5)
FN:138,(anonymous_6)
FNF:7
FNH:6
FNDA:5,(anonymous_0)
FNDA:4,(anonymous_1)
FNDA:1,(anonymous_2)
FNDA:1,(anonymous_3)
FNDA:11,(anonymous_4)
FNDA:0,(anonymous_5)
FNDA:11,(anonymous_6)
DA:30,1
DA:32,1
DA:36,5
DA:38,5
DA:42,5
DA:43,5
DA:44,5
DA:48,4
DA:54,1
DA:60,1
DA:63,1
DA:64,0
DA:91,11
DA:93,11
DA:96,11
DA:99,11
DA:107,0
DA:115,11
DA:136,11
DA:139,11
DA:173,1
DA:199,1
LF:22
LH:20
BRDA:63,0,0,0
BRDA:63,0,1,1
BRDA:93,1,0,11
BRDA:93,1,1,0
BRDA:102,2,0,11
BRDA:102,2,1,0
BRDA:139,3,0,0
BRDA:139,3,1,11
BRF:8
BRH:4
end_of_record
TN:
SF:/Users/georgegillams/Documents/projects/backpack/packages/bpk-component-definition-list/src/BpkDefinitionDescription.js
FNF:0
FNH:0
LF:0
LH:0
BRF:0
BRH:0
end_of_record
TN:
SF:/Users/georgegillams/Documents/projects/backpack/packages/bpk-component-definition-list/src/BpkDefinitionList.js
FNF:0
FNH:0
LF:0
LH:0
BRF:0
BRH:0
end_of_record
TN:
SF:/Users/georgegillams/Documents/projects/backpack/packages/bpk-component-definition-list/src/BpkDefinitionTerm.js
FNF:0
FNH:0
LF:0
LH:0
BRF:0
BRH:0
end_of_record
TN:
SF:/Users/georgegillams/Documents/projects/backpack/packages/bpk-component-definition-list/src/ComponentFactory.js
FN:27,(anonymous_0)
FN:28,(anonymous_1)
FNF:2
FNH:2
FNDA:3,(anonymous_0)
FNDA:9,(anonymous_1)
DA:25,3
DA:27,3
DA:28,3
DA:29,9
DA:31,9
DA:33,9
DA:36,3
DA:41,3
DA:45,3
LF:9
LH:9
BRDA:31,0,0,3
BRDA:31,0,1,6
BRF:2
BRH:2
end_of_record
TN:
SF:/Users/georgegillams/Documents/projects/backpack/packages/bpk-component-drawer/src/BpkDrawerContent.js
FN:31,(anonymous_0)
FN:62,(anonymous_1)
FNF:2
FNH:2
FNDA:4,(anonymous_0)
FNDA:4,(anonymous_1)
DA:29,1
DA:31,1
DA:32,4
DA:33,4
DA:34,4
DA:36,4
DA:37,1
DA:40,4
DA:41,1
DA:44,4
DA:45,1
DA:48,4
DA:50,4
DA:63,4
DA:96,1
DA:119,1
LF:16
LH:16
BRDA:36,0,0,1
BRDA:36,0,1,3
BRDA:40,1,0,1
BRDA:40,1,1,3
BRDA:44,2,0,1
BRDA:44,2,1,3
BRDA:78,3,0,0
BRDA:78,3,1,4
BRF:8
BRH:7
end_of_record
TN:
SF:/Users/georgegillams/Documents/projects/backpack/packages/bpk-component-fieldset/src/BpkFieldset.js
FN:29,(anonymous_0)
FN:98,(anonymous_1)
FNF:2
FNH:2
FNDA:9,(anonymous_0)
FNDA:11,(anonymous_1)
DA:27,1
DA:29,1
DA:41,9
DA:43,9
DA:44,0
DA:47,9
DA:48,9
DA:52,9
DA:56,9
DA:58,9
DA:59,2
DA:61,7
DA:64,9
DA:65,1
DA:68,9
DA:70,9
DA:72,9
DA:98,1
DA:99,11
DA:100,11
DA:101,1
DA:103,10
DA:106,1
DA:118,1
LF:24
LH:23
BRDA:43,0,0,0
BRDA:43,0,1,9
BRDA:52,1,0,2
BRDA:52,1,1,7
BRDA:58,2,0,2
BRDA:58,2,1,7
BRDA:64,3,0,1
BRDA:64,3,1,8
BRDA:64,4,0,9
BRDA:64,4,1,9
BRDA:70,5,0,0
BRDA:70,5,1,9
BRDA:74,6,0,9
BRDA:74,6,1,7
BRDA:84,7,0,9
BRDA:84,7,1,9
BRDA:100,8,0,1
BRDA:100,8,1,10
BRDA:100,9,0,11
BRDA:100,9,1,4
BRF:20
BRH:18
end_of_record
TN:
SF:/Users/georgegillams/Documents/projects/backpack/packages/bpk-component-form-validation/src/BpkFormValidation.js
FN:28,(anonymous_0)
FNF:1
FNH:1
FNDA:2,(anonymous_0)
DA:26,1
DA:28,1
DA:29,2
DA:32,2
DA:34,2
DA:35,2
DA:36,2
DA:38,2
DA:52,1
DA:61,1
LF:10
LH:10
BRDA:34,0,0,1
BRDA:34,0,1,1
BRDA:35,1,0,0
BRDA:35,1,1,2
BRDA:36,2,0,0
BRDA:36,2,1,2
BRDA:41,3,0,1
BRDA:41,3,1,1
BRF:8
BRH:6
end_of_record
TN:
SF:/Users/georgegillams/Documents/projects/backpack/packages/bpk-component-grid-toggle/src/BpkGridToggle.js
FN:32,(anonymous_0)
FN:43,(anonymous_1)
FN:47,(anonymous_2)
FN:53,(anonymous_3)
FN:59,(anonymous_4)
FN:65,(anonymous_5)
FN:70,(anonymous_6)
FNF:7
FNH:5
FNDA:2,(anonymous_0)
FNDA:2,(anonymous_1)
FNDA:0,(anonymous_2)
FNDA:0,(anonymous_3)
FNDA:1,(anonymous_4)
FNDA:1,(anonymous_5)
FNDA:3,(anonymous_6)
DA:27,1
DA:29,1
DA:33,2
DA:35,2
DA:36,2
DA:38,2
DA:44,2
DA:48,0
DA:50,0
DA:54,0
DA:55,0
DA:60,1
DA:62,1
DA:65,1
DA:71,3
DA:72,3
DA:74,3
DA:85,1
DA:89,1
LF:19
LH:15
BRDA:54,0,0,0
BRDA:54,0,1,0
BRDA:54,1,0,0
BRDA:54,1,1,0
BRDA:54,1,2,0
BRDA:72,2,0,1
BRDA:72,2,1,2
BRF:7
BRH:2
end_of_record
TN:
SF:/Users/georgegillams/Documents/projects/backpack/packages/bpk-component-grid/src/BpkGridColumn.js
FN:30,(anonymous_0)
FN:32,(anonymous_1)
FNF:2
FNH:2
FNDA:75,(anonymous_0)
FNDA:15,(anonymous_1)
DA:25,1
DA:30,75
DA:32,1
DA:45,15
DA:47,15
DA:49,15
DA:50,15
DA:51,15
DA:52,15
DA:53,15
DA:54,15
DA:55,15
DA:56,15
DA:58,15
DA:65,1
DA:78,1
LF:16
LH:16
BRDA:30,0,0,75
BRDA:30,0,1,10
BRDA:49,1,0,2
BRDA:49,1,1,13
BRDA:50,2,0,2
BRDA:50,2,1,13
BRDA:51,3,0,2
BRDA:51,3,1,13
BRDA:52,4,0,2
BRDA:52,4,1,13
BRDA:53,5,0,2
BRDA:53,5,1,13
BRDA:54,6,0,15
BRDA:54,6,1,0
BRDA:55,7,0,6
BRDA:55,7,1,9
BRDA:56,8,0,1
BRDA:56,8,1,14
BRDA:60,9,0,6
BRDA:60,9,1,9
BRF:20
BRH:19
end_of_record
TN:
SF:/Users/georgegillams/Documents/projects/backpack/packages/bpk-component-grid/src/BpkGridContainer.js
FN:27,(anonymous_0)
FNF:1
FNH:1
FNDA:5,(anonymous_0)
DA:25,1
DA:27,1
DA:30,5
DA:31,5
DA:33,5
DA:34,5
DA:35,5
DA:37,5
DA:40,1
DA:47,1
LF:10
LH:10
BRDA:33,0,0,1
BRDA:33,0,1,4
BRDA:34,1,0,1
BRDA:34,1,1,4
BRDA:35,2,0,1
BRDA:35,2,1,4
BRF:6
BRH:6
end_of_record
TN:
SF:/Users/georgegillams/Documents/projects/backpack/packages/bpk-component-grid/src/BpkGridRow.js
FN:27,(anonymous_0)
FNF:1
FNH:1
FNDA:4,(anonymous_0)
DA:25,1
DA:27,1
DA:28,4
DA:31,4
DA:33,4
DA:34,4
DA:36,4
DA:39,1
DA:45,1
LF:9
LH:9
BRDA:33,0,0,4
BRDA:33,0,1,0
BRDA:34,1,0,1
BRDA:34,1,1,3
BRF:4
BRH:3
end_of_record
TN:
SF:/Users/georgegillams/Documents/projects/backpack/packages/bpk-component-heading/src/BpkHeading.js
FN:27,(anonymous_0)
FNF:1
FNH:1
FNDA:7,(anonymous_0)
DA:25,1
DA:27,1
DA:28,7
DA:30,7
DA:31,7
DA:33,7
DA:40,1
DA:48,1
LF:8
LH:8
BRDA:30,0,0,0
BRDA:30,0,1,7
BRDA:31,1,0,0
BRDA:31,1,1,7
BRF:4
BRH:2
end_of_record
TN:
SF:/Users/georgegillams/Documents/projects/backpack/packages/bpk-component-horizontal-nav/src/BpkHorizontalNav.js
FN:28,(anonymous_0)
FNF:1
FNH:1
FNDA:3,(anonymous_0)
DA:26,1
DA:28,1
DA:29,3
DA:30,3
DA:33,3
DA:35,3
DA:46,1
DA:51,1
LF:8
LH:8
BRDA:33,0,0,1
BRDA:33,0,1,2
BRF:2
BRH:2
end_of_record
TN:
SF:/Users/georgegillams/Documents/projects/backpack/packages/bpk-component-horizontal-nav/src/BpkHorizontalNavItem.js
FN:27,(anonymous_0)
FNF:1
FNH:1
FNDA:6,(anonymous_0)
DA:25,1
DA:27,1
DA:28,6
DA:29,6
DA:32,6
DA:35,6
DA:38,6
DA:39,6
DA:41,6
DA:45,6
DA:56,1
DA:64,1
DA:71,1
LF:13
LH:13
BRDA:35,0,0,1
BRDA:35,0,1,5
BRDA:38,1,0,1
BRDA:38,1,1,5
BRDA:39,2,0,1
BRDA:39,2,1,5
BRDA:41,3,0,1
BRDA:41,3,1,5
BRDA:48,4,0,1
BRDA:48,4,1,5
BRF:10
BRH:10
end_of_record
TN:
SF:/Users/georgegillams/Documents/projects/backpack/packages/bpk-component-icon/src/classNameModifierHOCFactory.js
FN:24,(anonymous_0)
FN:24,(anonymous_1)
FN:25,(anonymous_2)
FNF:3
FNH:3
FNDA:5,(anonymous_0)
FNDA:5,(anonymous_1)
FNDA:5,(anonymous_2)
DA:24,5
DA:25,5
DA:26,5
DA:27,5
DA:29,5
DA:30,5
DA:32,5
DA:35,5
DA:39,5
DA:43,5
DA:45,5
LF:11
LH:11
BRDA:24,0,0,1
BRDA:29,1,0,2
BRDA:29,1,1,3
BRDA:30,2,0,4
BRDA:30,2,1,1
BRF:5
BRH:5
end_of_record
TN:
SF:/Users/georgegillams/Documents/projects/backpack/packages/bpk-component-icon/src/withAlignment.js
FN:22,withAlignment
FN:23,(anonymous_1)
FNF:2
FNH:2
FNDA:12,withAlignment
FNDA:11,(anonymous_1)
DA:23,12
DA:24,11
DA:25,11
DA:26,11
DA:27,11
DA:29,11
DA:43,12
DA:45,12
LF:8
LH:8
BRF:0
BRH:0
end_of_record
TN:
SF:/Users/georgegillams/Documents/projects/backpack/packages/bpk-component-image/src/BpkBackgroundImage.js
FN:29,(anonymous_0)
FN:38,(anonymous_1)
FN:44,(anonymous_2)
FN:50,(anonymous_3)
FN:57,(anonymous_4)
FN:63,(anonymous_5)
FNF:6
FNH:4
FNDA:3,(anonymous_0)
FNDA:3,(anonymous_1)
FNDA:0,(anonymous_2)
FNDA:0,(anonymous_3)
FNDA:2,(anonymous_4)
FNDA:3,(anonymous_5)
DA:26,1
DA:30,3
DA:32,3
DA:33,3
DA:35,3
DA:39,3
DA:40,2
DA:45,0
DA:46,0
DA:51,0
DA:52,0
DA:54,0
DA:58,2
DA:59,2
DA:60,2
DA:66,3
DA:68,3
DA:69,3
DA:70,3
DA:72,3
DA:73,2
DA:74,2
DA:77,3
DA:78,0
DA:81,3
DA:82,0
DA:85,3
DA:90,3
DA:119,1
DA:130,1
LF:30
LH:23
BRDA:39,0,0,2
BRDA:39,0,1,1
BRDA:45,1,0,0
BRDA:45,1,1,0
BRDA:45,2,0,0
BRDA:45,2,1,0
BRDA:51,3,0,0
BRDA:51,3,1,0
BRDA:72,4,0,2
BRDA:72,4,1,1
BRDA:77,5,0,0
BRDA:77,5,1,3
BRDA:81,6,0,0
BRDA:81,6,1,3
BRDA:100,7,0,2
BRDA:100,7,1,1
BRDA:100,8,0,3
BRDA:100,8,1,2
BRDA:102,9,0,3
BRDA:102,9,1,2
BRDA:104,10,0,3
BRDA:104,10,1,0
BRDA:104,10,2,0
BRDA:104,10,3,0
BRF:24
BRH:13
end_of_record
TN:
SF:/Users/georgegillams/Documents/projects/backpack/packages/bpk-component-image/src/BpkImage.js
FN:30,(anonymous_0)
FN:62,(anonymous_1)
FN:70,(anonymous_2)
FN:76,(anonymous_3)
FN:99,(anonymous_4)
FNF:5
FNH:4
FNDA:5,(anonymous_0)
FNDA:6,(anonymous_1)
FNDA:0,(anonymous_2)
FNDA:6,(anonymous_3)
FNDA:6,(anonymous_4)
DA:28,1
DA:30,1
DA:33,5
DA:35,5
DA:37,5
DA:38,1
DA:41,5
DA:51,1
DA:57,1
DA:63,6
DA:65,6
DA:67,6
DA:71,0
DA:72,0
DA:79,6
DA:81,6
DA:83,6
DA:84,6
DA:86,6
DA:87,5
DA:93,6
DA:99,6
DA:130,1
DA:142,1
LF:24
LH:22
BRDA:37,0,0,1
BRDA:37,0,1,4
BRDA:71,1,0,0
BRDA:71,1,1,0
BRDA:86,2,0,5
BRDA:86,2,1,1
BRDA:103,3,0,6
BRDA:103,3,1,1
BRDA:116,4,0,6
BRDA:116,4,1,5
BRDA:119,5,0,6
BRDA:119,5,1,0
BRDA:119,5,2,0
BRDA:119,5,3,0
BRF:14
BRH:9
end_of_record
TN:
SF:/Users/georgegillams/Documents/projects/backpack/packages/bpk-component-image/src/withLazyLoading.js
FN:23,withLazyLoading
FN:25,(anonymous_1)
FN:39,(anonymous_2)
FN:50,(anonymous_3)
FN:54,(anonymous_4)
FN:55,(anonymous_5)
FN:61,(anonymous_6)
FN:69,(anonymous_7)
FN:77,(anonymous_8)
FN:92,(anonymous_9)
FN:106,(anonymous_10)
FN:112,(anonymous_11)
FNF:12
FNH:10
FNDA:4,withLazyLoading
FNDA:4,(anonymous_1)
FNDA:2,(anonymous_2)
FNDA:1,(anonymous_3)
FNDA:0,(anonymous_4)
FNDA:0,(anonymous_5)
FNDA:1,(anonymous_6)
FNDA:2,(anonymous_7)
FNDA:3,(anonymous_8)
FNDA:2,(anonymous_9)
FNDA:4,(anonymous_10)
FNDA:3,(anonymous_11)
DA:26,4
DA:28,4
DA:29,4
DA:30,4
DA:31,4
DA:32,4
DA:34,4
DA:40,2
DA:41,2
DA:42,2
DA:43,2
DA:44,2
DA:47,2
DA:51,1
DA:55,0
DA:58,0
DA:62,1
DA:63,1
DA:64,1
DA:65,1
DA:66,1
DA:70,2
DA:71,0
DA:78,3
DA:79,3
DA:80,3
DA:82,0
DA:85,3
DA:87,0
DA:89,3
DA:93,2
DA:95,2
DA:96,2
DA:98,2
DA:107,4
DA:109,4
DA:112,3
DA:124,4
DA:126,4
DA:131,4
DA:136,4
LF:41
LH:36
BRDA:40,0,0,0
BRDA:40,0,1,2
BRDA:62,1,0,0
BRDA:62,1,1,1
BRDA:70,2,0,0
BRDA:70,2,1,2
BRDA:99,3,0,2
BRDA:99,3,1,2
BRDA:99,3,2,2
BRDA:99,3,3,0
BRF:10
BRH:6
end_of_record
TN:
SF:/Users/georgegillams/Documents/projects/backpack/packages/bpk-component-input/src/BpkInput.js
FN:35,(anonymous_0)
FNF:1
FNH:1
FNDA:20,(anonymous_0)
DA:25,2
DA:27,2
DA:35,2
DA:36,20
DA:39,20
DA:43,20
DA:45,20
DA:46,1
DA:47,19
DA:48,1
DA:51,20
DA:52,20
DA:53,20
DA:54,20
DA:55,20
DA:56,20
DA:58,20
DA:61,2
DA:82,2
LF:19
LH:19
BRDA:45,0,0,1
BRDA:45,0,1,19
BRDA:47,1,0,1
BRDA:47,1,1,18
BRDA:51,2,0,1
BRDA:51,2,1,19
BRDA:52,3,0,1
BRDA:52,3,1,19
BRDA:53,4,0,1
BRDA:53,4,1,19
BRDA:54,5,0,1
BRDA:54,5,1,19
BRDA:55,6,0,1
BRDA:55,6,1,19
BRDA:56,7,0,8
BRDA:56,7,1,12
BRF:16
BRH:16
end_of_record
TN:
SF:/Users/georgegillams/Documents/projects/backpack/packages/bpk-component-input/src/withOpenEvents.js
FN:33,(anonymous_0)
FN:33,(anonymous_1)
FN:40,(anonymous_2)
FN:40,(anonymous_3)
FN:47,(anonymous_4)
FN:49,(anonymous_5)
FN:58,(anonymous_6)
FN:72,(anonymous_7)
FN:78,(anonymous_8)
FN:88,(anonymous_9)
FNF:10
FNH:9
FNDA:16,(anonymous_0)
FNDA:2,(anonymous_1)
FNDA:38,(anonymous_2)
FNDA:5,(anonymous_3)
FNDA:1,(anonymous_4)
FNDA:8,(anonymous_5)
FNDA:1,(anonymous_6)
FNDA:1,(anonymous_7)
FNDA:0,(anonymous_8)
FNDA:8,(anonymous_9)
DA:26,1
DA:28,1
DA:33,16
DA:34,2
DA:35,2
DA:36,2
DA:40,38
DA:41,5
DA:42,5
DA:43,0
DA:47,1
DA:50,8
DA:52,8
DA:53,8
DA:54,8
DA:55,8
DA:64,1
DA:65,1
DA:66,1
DA:67,1
DA:73,1
DA:74,1
DA:81,0
DA:82,0
DA:84,0
DA:100,8
DA:102,8
DA:104,8
DA:105,8
DA:107,8
DA:113,8
DA:115,2
DA:116,2
DA:118,6
DA:119,6
DA:122,8
DA:132,1
DA:147,1
DA:162,1
DA:164,1
LF:40
LH:36
BRDA:34,0,0,2
BRDA:34,0,1,0
BRDA:42,1,0,0
BRDA:42,1,1,5
BRDA:64,2,0,1
BRDA:64,2,1,0
BRDA:64,3,0,1
BRDA:64,3,1,1
BRDA:66,4,0,1
BRDA:66,4,1,0
BRDA:73,5,0,1
BRDA:73,5,1,0
BRDA:73,6,0,1
BRDA:73,6,1,1
BRDA:81,7,0,0
BRDA:81,7,1,0
BRDA:105,8,0,1
BRDA:105,8,1,7
BRDA:113,9,0,2
BRDA:113,9,1,6
BRDA:150,10,0,1
BRDA:150,10,1,1
BRDA:150,10,2,1
BRDA:150,10,3,0
BRF:24
BRH:16
end_of_record
TN:
SF:/Users/georgegillams/Documents/projects/backpack/packages/bpk-component-label/src/BpkLabel.js
FN:27,(anonymous_0)
FNF:1
FNH:1
FNDA:4,(anonymous_0)
DA:25,1
DA:27,1
DA:30,4
DA:31,4
DA:33,4
DA:34,4
DA:35,4
DA:37,4
DA:49,1
DA:57,1
LF:10
LH:10
BRDA:33,0,0,1
BRDA:33,0,1,3
BRDA:34,1,0,0
BRDA:34,1,1,4
BRDA:35,2,0,1
BRDA:35,2,1,3
BRDA:42,3,0,4
BRDA:42,3,1,1
BRF:8
BRH:7
end_of_record
TN:
SF:/Users/georgegillams/Documents/projects/backpack/packages/bpk-component-link/src/BpkButtonLink.js
FN:28,(anonymous_0)
FNF:1
FNH:1
FNDA:4,(anonymous_0)
DA:26,1
DA:28,1
DA:35,4
DA:36,4
DA:38,4
DA:39,4
DA:41,4
DA:48,1
DA:55,1
LF:9
LH:9
BRDA:38,0,0,1
BRDA:38,0,1,3
BRDA:39,1,0,1
BRDA:39,1,1,3
BRF:4
BRH:4
end_of_record
TN:
SF:/Users/georgegillams/Documents/projects/backpack/packages/bpk-component-link/src/BpkLink.js
FN:28,(anonymous_0)
FNF:1
FNH:1
FNDA:5,(anonymous_0)
DA:26,1
DA:28,1
DA:37,5
DA:39,5
DA:40,5
DA:42,5
DA:43,5
DA:45,5
DA:52,1
DA:64,1
LF:10
LH:10
BRDA:40,0,0,1
BRDA:40,0,1,4
BRDA:42,1,0,1
BRDA:42,1,1,4
BRDA:43,2,0,1
BRDA:43,2,1,4
BRF:6
BRH:6
end_of_record
TN:
SF:/Users/georgegillams/Documents/projects/backpack/packages/bpk-component-link/src/themeAttributes.js
FNF:0
FNH:0
LF:0
LH:0
BRF:0
BRH:0
end_of_record
TN:
SF:/Users/georgegillams/Documents/projects/backpack/packages/bpk-component-list/src/BpkList.js
FN:27,(anonymous_0)
FNF:1
FNH:1
FNDA:3,(anonymous_0)
DA:25,1
DA:27,1
DA:28,3
DA:29,3
DA:31,3
DA:33,3
DA:36,1
DA:45,1
LF:8
LH:8
BRDA:28,0,0,1
BRDA:28,0,1,2
BRDA:31,1,0,1
BRDA:31,1,1,2
BRF:4
BRH:4
end_of_record
TN:
SF:/Users/georgegillams/Documents/projects/backpack/packages/bpk-component-list/src/BpkListItem.js
FN:27,(anonymous_0)
FNF:1
FNH:1
FNDA:2,(anonymous_0)
DA:25,1
DA:27,1
DA:28,2
DA:30,2
DA:32,2
DA:35,1
DA:43,1
LF:7
LH:7
BRDA:30,0,0,1
BRDA:30,0,1,1
BRF:2
BRH:2
end_of_record
TN:
SF:/Users/georgegillams/Documents/projects/backpack/packages/bpk-component-loading-button/src/BpkLoadingButton.js
FN:28,(anonymous_0)
FN:49,(anonymous_1)
FN:55,(anonymous_2)
FN:62,(anonymous_3)
FN:74,(anonymous_4)
FNF:5
FNH:5
FNDA:28,(anonymous_0)
FNDA:2,(anonymous_1)
FNDA:22,(anonymous_2)
FNDA:24,(anonymous_3)
FNDA:28,(anonymous_4)
DA:28,1
DA:37,28
DA:39,28
DA:40,3
DA:41,25
DA:42,3
DA:43,22
DA:44,6
DA:46,16
DA:49,1
DA:50,2
DA:55,1
DA:56,22
DA:59,22
DA:62,1
DA:66,24
DA:68,24
DA:69,2
DA:71,22
DA:74,1
DA:85,28
DA:87,28
DA:89,28
DA:90,28
DA:92,28
DA:103,1
DA:119,1
LF:27
LH:27
BRDA:39,0,0,3
BRDA:39,0,1,25
BRDA:41,1,0,3
BRDA:41,1,1,22
BRDA:43,2,0,6
BRDA:43,2,1,16
BRDA:50,3,0,1
BRDA:50,3,1,1
BRDA:56,4,0,10
BRDA:56,4,1,12
BRDA:68,5,0,2
BRDA:68,5,1,22
BRDA:87,6,0,28
BRDA:87,6,1,25
BRDA:89,7,0,2
BRDA:89,7,1,26
BRDA:90,8,0,28
BRDA:90,8,1,24
BRF:18
BRH:18
end_of_record
TN:
SF:/Users/georgegillams/Documents/projects/backpack/packages/bpk-component-mobile-scroll-container/src/BpkMobileScrollContainer.js
FN:28,(anonymous_0)
FN:37,(anonymous_1)
FN:54,(anonymous_2)
FN:67,(anonymous_3)
FN:73,(anonymous_4)
FN:77,(anonymous_5)
FN:82,(anonymous_6)
FN:89,(anonymous_7)
FN:94,(anonymous_8)
FN:101,(anonymous_9)
FN:104,(anonymous_10)
FN:122,(anonymous_11)
FN:127,(anonymous_12)
FNF:13
FNH:9
FNDA:7,(anonymous_0)
FNDA:7,(anonymous_1)
FNDA:3,(anonymous_2)
FNDA:3,(anonymous_3)
FNDA:0,(anonymous_4)
FNDA:0,(anonymous_5)
FNDA:3,(anonymous_6)
FNDA:0,(anonymous_7)
FNDA:3,(anonymous_8)
FNDA:0,(anonymous_9)
FNDA:3,(anonymous_10)
FNDA:3,(anonymous_11)
FNDA:3,(anonymous_12)
DA:26,1
DA:28,1
DA:29,7
DA:30,5
DA:33,2
DA:34,2
DA:37,1
DA:38,7
DA:39,4
DA:42,3
DA:43,3
DA:45,3
DA:46,3
DA:47,2
DA:50,3
DA:55,3
DA:57,3
DA:62,3
DA:63,3
DA:64,3
DA:68,3
DA:69,3
DA:70,3
DA:74,0
DA:78,0
DA:79,0
DA:83,3
DA:85,3
DA:86,3
DA:89,0
DA:95,3
DA:97,3
DA:98,3
DA:101,0
DA:105,3
DA:108,3
DA:110,3
DA:111,3
DA:113,3
DA:115,3
DA:122,3
DA:127,3
DA:138,1
DA:145,1
LF:44
LH:39
BRDA:29,0,0,5
BRDA:29,0,1,2
BRDA:29,1,0,7
BRDA:29,1,1,3
BRDA:34,2,0,1
BRDA:34,2,1,1
BRDA:38,3,0,4
BRDA:38,3,1,3
BRDA:45,4,0,2
BRDA:45,4,1,1
BRDA:46,5,0,2
BRDA:46,5,1,1
BRDA:85,6,0,3
BRDA:85,6,1,0
BRDA:97,7,0,3
BRDA:97,7,1,0
BRDA:110,8,0,1
BRDA:110,8,1,2
BRDA:111,9,0,0
BRDA:111,9,1,3
BRF:20
BRH:17
end_of_record
TN:
SF:/Users/georgegillams/Documents/projects/backpack/packages/bpk-component-modal/src/BpkModal.js
FN:30,(anonymous_0)
FNF:1
FNH:1
FNDA:1,(anonymous_0)
DA:27,1
DA:28,1
DA:30,1
DA:37,1
DA:39,1
DA:41,1
DA:48,1
DA:55,1
LF:8
LH:8
BRF:0
BRH:0
end_of_record
TN:
SF:/Users/georgegillams/Documents/projects/backpack/packages/bpk-component-modal/src/BpkModalDialog.js
FN:29,(anonymous_0)
FNF:1
FNH:1
FNDA:6,(anonymous_0)
DA:27,2
DA:29,2
DA:30,6
DA:32,6
DA:33,6
DA:34,6
DA:36,6
DA:39,6
DA:77,2
DA:98,2
LF:10
LH:10
BRDA:32,0,0,1
BRDA:32,0,1,5
BRDA:33,1,0,3
BRDA:33,1,1,3
BRDA:34,2,0,1
BRDA:34,2,1,5
BRDA:59,3,0,1
BRDA:59,3,1,5
BRF:8
BRH:8
end_of_record
TN:
SF:/Users/georgegillams/Documents/projects/backpack/packages/bpk-component-modal/src/themeAttributes.js
FNF:0
FNH:0
LF:0
LH:0
BRF:0
BRH:0
end_of_record
TN:
SF:/Users/georgegillams/Documents/projects/backpack/packages/bpk-component-nudger/src/BpkNudger.js
FN:35,(anonymous_0)
FN:63,(anonymous_1)
FN:82,(anonymous_2)
FNF:3
FNH:3
FNDA:7,(anonymous_0)
FNDA:1,(anonymous_1)
FNDA:1,(anonymous_2)
DA:30,1
DA:32,1
DA:33,1
DA:35,1
DA:45,7
DA:46,7
DA:47,7
DA:49,7
DA:50,7
DA:51,7
DA:53,7
DA:54,7
DA:55,7
DA:56,7
DA:58,7
DA:63,1
DA:82,1
DA:94,1
DA:105,1
LF:19
LH:19
BRDA:47,0,0,1
BRDA:47,0,1,6
BRDA:54,1,0,2
BRDA:54,1,1,5
BRDA:56,2,0,2
BRDA:56,2,1,5
BRF:6
BRH:6
end_of_record
TN:
SF:/Users/georgegillams/Documents/projects/backpack/packages/bpk-component-nudger/src/themeAttributes.js
FNF:0
FNH:0
LF:0
LH:0
BRF:0
BRH:0
end_of_record
TN:
SF:/Users/georgegillams/Documents/projects/backpack/packages/bpk-component-panel/src/BpkPanel.js
FN:27,(anonymous_0)
FNF:1
FNH:1
FNDA:4,(anonymous_0)
DA:25,1
DA:27,1
DA:28,4
DA:31,4
DA:33,4
DA:34,4
DA:35,4
DA:37,4
DA:44,1
DA:51,1
LF:10
LH:10
BRDA:33,0,0,3
BRDA:33,0,1,1
BRDA:34,1,0,1
BRDA:34,1,1,3
BRDA:35,2,0,1
BRDA:35,2,1,3
BRF:6
BRH:6
end_of_record
TN:
SF:/Users/georgegillams/Documents/projects/backpack/packages/bpk-component-paragraph/src/BpkParagraph.js
FN:27,(anonymous_0)
FNF:1
FNH:1
FNDA:1,(anonymous_0)
DA:25,1
DA:27,1
DA:28,1
DA:29,1
DA:31,1
DA:33,1
DA:36,1
DA:41,1
LF:8
LH:8
BRDA:31,0,0,0
BRDA:31,0,1,1
BRF:2
BRH:1
end_of_record
TN:
SF:/Users/georgegillams/Documents/projects/backpack/packages/bpk-component-popover/src/BpkPopover.js
FN:35,(anonymous_0)
FN:35,(anonymous_1)
FN:43,(anonymous_2)
FNF:3
FNH:3
FNDA:13,(anonymous_0)
FNDA:3,(anonymous_1)
FNDA:13,(anonymous_2)
DA:28,2
DA:30,2
DA:35,13
DA:36,3
DA:37,3
DA:40,3
DA:43,2
DA:55,13
DA:57,13
DA:58,13
DA:61,13
DA:64,13
DA:66,13
DA:68,13
DA:123,2
DA:135,2
LF:16
LH:16
BRDA:36,0,0,3
BRDA:36,0,1,0
BRDA:61,1,0,4
BRDA:61,1,1,9
BRDA:64,2,0,12
BRDA:64,2,1,1
BRDA:84,3,0,3
BRDA:84,3,1,10
BRDA:89,4,0,2
BRDA:89,4,1,1
BRDA:108,5,0,13
BRDA:108,5,1,10
BRF:12
BRH:11
end_of_record
TN:
SF:/Users/georgegillams/Documents/projects/backpack/packages/bpk-component-popover/src/BpkPopoverPortal.js
FN:32,(anonymous_0)
FN:43,(anonymous_1)
FN:52,(anonymous_2)
FN:56,(anonymous_3)
FN:68,(anonymous_4)
FN:90,(anonymous_5)
FNF:6
FNH:6
FNDA:4,(anonymous_0)
FNDA:8,(anonymous_1)
FNDA:6,(anonymous_2)
FNDA:2,(anonymous_3)
FNDA:4,(anonymous_4)
FNDA:14,(anonymous_5)
DA:30,1
DA:32,1
DA:35,4
DA:36,4
DA:37,4
DA:38,4
DA:44,8
DA:46,8
DA:48,8
DA:49,8
DA:53,6
DA:57,2
DA:58,2
DA:59,2
DA:62,2
DA:63,2
DA:65,2
DA:69,4
DA:70,0
DA:73,4
DA:80,4
DA:81,3
DA:82,3
DA:84,1
DA:87,4
DA:98,14
DA:100,14
DA:102,14
DA:104,14
DA:105,14
DA:107,14
DA:124,1
DA:138,1
LF:33
LH:32
BRDA:35,0,0,4
BRDA:35,0,1,0
BRDA:57,1,0,2
BRDA:57,1,1,0
BRDA:69,2,0,0
BRDA:69,2,1,4
BRDA:80,3,0,3
BRDA:80,3,1,1
BRDA:102,4,0,1
BRDA:102,4,1,13
BRF:10
BRH:7
end_of_record
TN:
SF:/Users/georgegillams/Documents/projects/backpack/packages/bpk-component-popover/src/constants.js
FNF:0
FNH:0
DA:19,2
LF:1
LH:1
BRF:0
BRH:0
end_of_record
TN:
SF:/Users/georgegillams/Documents/projects/backpack/packages/bpk-component-progress/src/BpkProgress.js
FN:29,(anonymous_0)
FN:31,(anonymous_1)
FN:48,(anonymous_2)
FN:54,(anonymous_3)
FN:65,(anonymous_4)
FN:72,(anonymous_5)
FN:135,(anonymous_6)
FN:136,(anonymous_7)
FNF:8
FNH:8
FNDA:2,(anonymous_0)
FNDA:10,(anonymous_1)
FNDA:8,(anonymous_2)
FNDA:2,(anonymous_3)
FNDA:1,(anonymous_4)
FNDA:10,(anonymous_5)
FNDA:1,(anonymous_6)
FNDA:1,(anonymous_7)
DA:27,1
DA:29,2
DA:31,1
DA:32,10
DA:33,10
DA:34,24
DA:35,24
DA:36,24
DA:44,10
DA:49,8
DA:51,8
DA:55,2
DA:56,2
DA:57,2
DA:59,2
DA:60,2
DA:66,1
DA:67,1
DA:68,1
DA:83,10
DA:84,10
DA:85,10
DA:86,10
DA:88,10
DA:89,10
DA:90,10
DA:92,10
DA:93,10
DA:95,10
DA:117,1
DA:130,1
DA:135,1
DA:136,1
LF:33
LH:33
BRDA:29,0,0,2
BRDA:29,0,1,2
BRDA:56,1,0,2
BRDA:56,1,1,0
BRDA:56,2,0,2
BRDA:56,2,1,2
BRDA:59,3,0,2
BRDA:59,3,1,0
BRDA:59,4,0,2
BRDA:59,4,1,2
BRDA:67,5,0,1
BRDA:67,5,1,0
BRDA:67,6,0,1
BRDA:67,6,1,1
BRDA:85,7,0,1
BRDA:85,7,1,9
BRDA:86,8,0,2
BRDA:86,8,1,8
BRDA:90,9,0,3
BRDA:90,9,1,7
BRDA:99,10,0,0
BRDA:99,10,1,10
BRF:22
BRH:18
end_of_record
TN:
SF:/Users/georgegillams/Documents/projects/backpack/packages/bpk-component-progress/src/themeAttributes.js
FNF:0
FNH:0
LF:0
LH:0
BRF:0
BRH:0
end_of_record
TN:
SF:/Users/georgegillams/Documents/projects/backpack/packages/bpk-component-radio/src/BpkRadio.js
FN:27,(anonymous_0)
FNF:1
FNH:1
FNDA:6,(anonymous_0)
DA:25,1
DA:27,1
DA:28,6
DA:31,6
DA:33,6
DA:34,6
DA:35,6
DA:41,6
DA:56,1
DA:64,1
LF:10
LH:10
BRDA:33,0,0,1
BRDA:33,0,1,5
BRDA:34,1,0,1
BRDA:34,1,1,5
BRDA:35,2,0,0
BRDA:35,2,1,6
BRF:6
BRH:5
end_of_record
TN:
SF:/Users/georgegillams/Documents/projects/backpack/packages/bpk-component-router-link/src/BpkRouterLink.js
FN:28,(anonymous_0)
FNF:1
FNH:1
FNDA:3,(anonymous_0)
DA:26,1
DA:28,1
DA:29,3
DA:32,3
DA:34,3
DA:36,3
DA:48,1
DA:57,1
LF:8
LH:8
BRDA:34,0,0,1
BRDA:34,0,1,2
BRF:2
BRH:2
end_of_record
TN:
SF:/Users/georgegillams/Documents/projects/backpack/packages/bpk-component-rtl-toggle/src/BpkRtlToggle.js
FN:23,(anonymous_0)
FN:25,(anonymous_1)
FN:33,(anonymous_2)
FN:45,(anonymous_3)
FN:49,(anonymous_4)
FN:53,(anonymous_5)
FN:59,(anonymous_6)
FN:69,(anonymous_7)
FNF:8
FNH:6
FNDA:3,(anonymous_0)
FNDA:1,(anonymous_1)
FNDA:2,(anonymous_2)
FNDA:2,(anonymous_3)
FNDA:0,(anonymous_4)
FNDA:0,(anonymous_5)
FNDA:1,(anonymous_6)
FNDA:3,(anonymous_7)
DA:23,3
DA:25,1
DA:26,1
DA:28,1
DA:29,1
DA:34,2
DA:36,2
DA:37,2
DA:39,2
DA:46,2
DA:50,0
DA:54,0
DA:55,0
DA:60,1
DA:62,1
DA:64,1
DA:66,1
DA:70,3
DA:72,3
LF:19
LH:16
BRDA:23,0,0,3
BRDA:23,0,1,3
BRDA:54,1,0,0
BRDA:54,1,1,0
BRDA:54,2,0,0
BRDA:54,2,1,0
BRDA:54,2,2,0
BRDA:62,3,0,0
BRDA:62,3,1,1
BRDA:70,4,0,1
BRDA:70,4,1,2
BRF:11
BRH:5
end_of_record
TN:
SF:/Users/georgegillams/Documents/projects/backpack/packages/bpk-component-rtl-toggle/src/updateOnDirectionChange.js
FN:26,(anonymous_0)
FN:28,(anonymous_1)
FN:33,(anonymous_2)
FN:37,(anonymous_3)
FN:41,(anonymous_4)
FN:45,(anonymous_5)
FNF:6
FNH:5
FNDA:1,(anonymous_0)
FNDA:2,(anonymous_1)
FNDA:2,(anonymous_2)
FNDA:0,(anonymous_3)
FNDA:2,(anonymous_4)
FNDA:3,(anonymous_5)
DA:26,1
DA:29,2
DA:30,2
DA:34,2
DA:38,0
DA:42,2
DA:46,3
DA:50,1
DA:52,1
LF:9
LH:8
BRF:0
BRH:0
end_of_record
TN:
SF:/Users/georgegillams/Documents/projects/backpack/packages/bpk-component-rtl-toggle/src/utils.js
FN:26,(anonymous_0)
FNF:1
FNH:1
FNDA:7,(anonymous_0)
DA:19,2
DA:24,2
DA:26,7
LF:3
LH:3
BRDA:26,0,0,7
BRDA:26,0,1,0
BRF:2
BRH:1
end_of_record
TN:
SF:/Users/georgegillams/Documents/projects/backpack/packages/bpk-component-select/src/BpkSelect.js
FN:27,(anonymous_0)
FNF:1
FNH:1
FNDA:8,(anonymous_0)
DA:25,1
DA:27,1
DA:28,8
DA:31,8
DA:35,8
DA:37,8
DA:38,8
DA:39,8
DA:40,8
DA:41,8
DA:42,8
DA:44,8
DA:49,1
DA:62,1
LF:14
LH:14
BRDA:37,0,0,1
BRDA:37,0,1,7
BRDA:38,1,0,1
BRDA:38,1,1,7
BRDA:39,2,0,1
BRDA:39,2,1,7
BRDA:40,3,0,1
BRDA:40,3,1,7
BRDA:41,4,0,1
BRDA:41,4,1,7
BRDA:42,5,0,1
BRDA:42,5,1,7
BRF:12
BRH:12
end_of_record
TN:
SF:/Users/georgegillams/Documents/projects/backpack/packages/bpk-component-slider/src/BpkSlider.js
FN:28,(anonymous_0)
FN:34,(anonymous_1)
FNF:2
FNH:2
FNDA:6,(anonymous_0)
FNDA:6,(anonymous_1)
DA:26,1
DA:28,1
DA:29,6
DA:30,6
DA:31,6
DA:34,1
DA:35,6
DA:36,6
DA:37,6
DA:38,6
DA:39,6
DA:41,6
DA:43,6
DA:44,6
DA:45,6
DA:46,1
DA:47,1
DA:50,6
DA:63,1
DA:68,1
LF:20
LH:20
BRDA:29,0,0,0
BRDA:29,0,1,6
BRDA:41,1,0,6
BRDA:41,1,1,0
BRDA:41,1,2,0
BRDA:43,2,0,2
BRDA:43,2,1,4
BRDA:44,3,0,1
BRDA:44,3,1,5
BRDA:45,4,0,1
BRDA:45,4,1,5
BRF:11
BRH:8
end_of_record
TN:
SF:/Users/georgegillams/Documents/projects/backpack/packages/bpk-component-spinner/src/BpkExtraLargeSpinner.js
FN:29,(anonymous_0)
FNF:1
FNH:1
FNDA:4,(anonymous_0)
DA:27,1
DA:29,1
DA:30,4
DA:31,4
DA:33,4
DA:35,4
DA:38,1
DA:43,1
LF:8
LH:8
BRDA:33,0,0,1
BRDA:33,0,1,3
BRF:2
BRH:2
end_of_record
TN:
SF:/Users/georgegillams/Documents/projects/backpack/packages/bpk-component-spinner/src/BpkLargeSpinner.js
FN:29,(anonymous_0)
FNF:1
FNH:1
FNDA:5,(anonymous_0)
DA:27,1
DA:29,1
DA:35,5
DA:37,5
DA:39,5
DA:40,5
DA:42,5
DA:45,1
DA:51,1
LF:9
LH:9
BRDA:39,0,0,1
BRDA:39,0,1,4
BRDA:40,1,0,1
BRDA:40,1,1,4
BRF:4
BRH:4
end_of_record
TN:
SF:/Users/georgegillams/Documents/projects/backpack/packages/bpk-component-spinner/src/BpkSpinner.js
FN:29,(anonymous_0)
FNF:1
FNH:1
FNDA:5,(anonymous_0)
DA:27,1
DA:29,1
DA:35,5
DA:37,5
DA:39,5
DA:40,5
DA:42,5
DA:45,1
DA:51,1
LF:9
LH:9
BRDA:39,0,0,1
BRDA:39,0,1,4
BRDA:40,1,0,1
BRDA:40,1,1,4
BRF:4
BRH:4
end_of_record
TN:
SF:/Users/georgegillams/Documents/projects/backpack/packages/bpk-component-spinner/src/spinnerTypes.js
FNF:0
FNH:0
LF:0
LH:0
BRF:0
BRH:0
end_of_record
TN:
SF:/Users/georgegillams/Documents/projects/backpack/packages/bpk-component-spinner/src/themeAttributes.js
FNF:0
FNH:0
LF:0
LH:0
BRF:0
BRH:0
end_of_record
TN:
SF:/Users/georgegillams/Documents/projects/backpack/packages/bpk-component-star-rating/src/BpkInteractiveStar.js
FN:29,(anonymous_0)
FNF:1
FNH:1
FNDA:3,(anonymous_0)
DA:27,3
DA:29,3
DA:32,3
DA:33,3
DA:34,3
DA:36,3
DA:37,1
DA:38,1
DA:41,3
DA:59,3
DA:72,3
LF:11
LH:11
BRDA:36,0,0,1
BRDA:36,0,1,2
BRF:2
BRH:2
end_of_record
TN:
SF:/Users/georgegillams/Documents/projects/backpack/packages/bpk-component-star-rating/src/BpkInteractiveStarRating.js
FN:30,(anonymous_0)
FN:38,(anonymous_1)
FN:67,(anonymous_2)
FN:70,(anonymous_3)
FN:108,(anonymous_4)
FN:109,(anonymous_5)
FN:110,(anonymous_6)
FNF:7
FNH:4
FNDA:57,(anonymous_0)
FNDA:10,(anonymous_1)
FNDA:1,(anonymous_2)
FNDA:1,(anonymous_3)
FNDA:0,(anonymous_4)
FNDA:0,(anonymous_5)
FNDA:0,(anonymous_6)
DA:28,2
DA:30,2
DA:31,57
DA:32,25
DA:35,32
DA:38,2
DA:51,10
DA:53,10
DA:54,10
DA:55,10
DA:57,10
DA:59,10
DA:61,10
DA:62,53
DA:64,53
DA:67,1
DA:70,1
DA:79,10
DA:90,2
DA:103,2
DA:108,0
DA:109,0
DA:110,0
LF:23
LH:20
BRDA:31,0,0,25
BRDA:31,0,1,32
BRDA:55,1,0,10
BRDA:55,1,1,9
BRDA:57,2,0,1
BRDA:57,2,1,9
BRDA:59,3,0,0
BRDA:59,3,1,10
BRF:8
BRH:7
end_of_record
TN:
SF:/Users/georgegillams/Documents/projects/backpack/packages/bpk-component-star-rating/src/BpkStar.js
FN:38,(anonymous_0)
FNF:1
FNH:1
FNDA:10,(anonymous_0)
DA:30,5
DA:32,5
DA:38,5
DA:41,10
DA:42,10
DA:43,10
DA:44,10
DA:45,10
DA:47,10
DA:48,10
DA:50,10
DA:51,3
DA:52,3
DA:53,3
DA:54,3
DA:57,10
DA:58,2
DA:59,2
DA:67,8
DA:68,5
DA:71,8
DA:73,8
DA:76,5
DA:86,5
LF:24
LH:24
BRDA:50,0,0,3
BRDA:50,0,1,7
BRDA:57,1,0,2
BRDA:57,1,1,8
BRDA:58,2,0,2
BRDA:58,2,1,0
BRDA:67,3,0,5
BRDA:67,3,1,3
BRDA:71,4,0,8
BRDA:71,4,1,0
BRF:10
BRH:8
end_of_record
TN:
SF:/Users/georgegillams/Documents/projects/backpack/packages/bpk-component-star-rating/src/BpkStarRating.js
FN:29,(anonymous_0)
FN:42,(anonymous_1)
FNF:2
FNH:2
FNDA:48,(anonymous_0)
FNDA:7,(anonymous_1)
DA:27,1
DA:29,1
DA:30,48
DA:31,29
DA:34,19
DA:35,19
DA:36,3
DA:39,16
DA:42,1
DA:50,7
DA:52,7
DA:53,7
DA:55,7
DA:57,7
DA:59,7
DA:60,38
DA:62,38
DA:71,7
DA:73,7
DA:84,1
DA:95,1
LF:21
LH:21
BRDA:30,0,0,29
BRDA:30,0,1,19
BRDA:35,1,0,3
BRDA:35,1,1,16
BRDA:35,2,0,19
BRDA:35,2,1,3
BRDA:55,3,0,1
BRDA:55,3,1,6
BRDA:57,4,0,0
BRDA:57,4,1,7
BRDA:71,5,0,0
BRDA:71,5,1,7
BRF:12
BRH:10
end_of_record
TN:
SF:/Users/georgegillams/Documents/projects/backpack/packages/bpk-component-star-rating/src/withInteractiveStarRatingState.js
FN:24,(anonymous_0)
FN:26,(anonymous_1)
FN:39,(anonymous_2)
FN:44,(anonymous_3)
FN:50,(anonymous_4)
FN:53,(anonymous_5)
FN:54,(anonymous_6)
FN:57,(anonymous_7)
FN:58,(anonymous_8)
FN:61,(anonymous_9)
FN:80,(anonymous_10)
FNF:11
FNH:11
FNDA:1,(anonymous_0)
FNDA:4,(anonymous_1)
FNDA:1,(anonymous_2)
FNDA:1,(anonymous_3)
FNDA:1,(anonymous_4)
FNDA:1,(anonymous_5)
FNDA:1,(anonymous_6)
FNDA:1,(anonymous_7)
FNDA:1,(anonymous_8)
FNDA:7,(anonymous_9)
FNDA:1,(anonymous_10)
DA:24,1
DA:27,4
DA:29,4
DA:34,4
DA:35,4
DA:36,4
DA:40,1
DA:41,0
DA:44,1
DA:45,1
DA:46,1
DA:50,1
DA:54,1
DA:58,1
DA:62,7
DA:75,1
DA:79,1
DA:80,1
DA:83,1
DA:85,1
LF:20
LH:19
BRDA:40,0,0,0
BRDA:40,0,1,1
BRDA:45,1,0,1
BRDA:45,1,1,0
BRF:4
BRH:2
end_of_record
TN:
SF:/Users/georgegillams/Documents/projects/backpack/packages/bpk-component-table/src/BpkTable.js
FN:27,(anonymous_0)
FNF:1
FNH:1
FNDA:2,(anonymous_0)
DA:25,1
DA:27,1
DA:28,2
DA:29,2
DA:30,2
DA:32,2
DA:35,1
DA:40,1
LF:8
LH:8
BRDA:30,0,0,1
BRDA:30,0,1,1
BRF:2
BRH:2
end_of_record
TN:
SF:/Users/georgegillams/Documents/projects/backpack/packages/bpk-component-table/src/BpkTableBody.js
FN:22,(anonymous_0)
FNF:1
FNH:1
FNDA:3,(anonymous_0)
DA:22,3
DA:24,1
LF:2
LH:2
BRF:0
BRH:0
end_of_record
TN:
SF:/Users/georgegillams/Documents/projects/backpack/packages/bpk-component-table/src/BpkTableCell.js
FN:27,(anonymous_0)
FNF:1
FNH:1
FNDA:2,(anonymous_0)
DA:25,1
DA:27,1
DA:28,2
DA:29,2
DA:31,2
DA:33,2
DA:38,1
DA:43,1
LF:8
LH:8
BRDA:31,0,0,1
BRDA:31,0,1,1
BRF:2
BRH:2
end_of_record
TN:
SF:/Users/georgegillams/Documents/projects/backpack/packages/bpk-component-table/src/BpkTableHead.js
FN:22,(anonymous_0)
FNF:1
FNH:1
FNDA:3,(anonymous_0)
DA:22,3
DA:24,1
LF:2
LH:2
BRF:0
BRH:0
end_of_record
TN:
SF:/Users/georgegillams/Documents/projects/backpack/packages/bpk-component-table/src/BpkTableHeadCell.js
FN:27,(anonymous_0)
FNF:1
FNH:1
FNDA:3,(anonymous_0)
DA:25,1
DA:27,1
DA:28,3
DA:30,3
DA:32,3
DA:34,3
DA:42,1
DA:47,1
LF:8
LH:8
BRDA:32,0,0,1
BRDA:32,0,1,2
BRF:2
BRH:2
end_of_record
TN:
SF:/Users/georgegillams/Documents/projects/backpack/packages/bpk-component-table/src/BpkTableRow.js
FN:22,(anonymous_0)
FNF:1
FNH:1
FNDA:3,(anonymous_0)
DA:22,3
DA:24,1
LF:2
LH:2
BRF:0
BRH:0
end_of_record
TN:
SF:/Users/georgegillams/Documents/projects/backpack/packages/bpk-component-text/src/BpkText.js
FN:30,(anonymous_0)
FN:32,(anonymous_1)
FNF:2
FNH:2
FNDA:6,(anonymous_0)
FNDA:10,(anonymous_1)
DA:25,1
DA:27,1
DA:29,1
DA:30,6
DA:32,1
DA:35,10
DA:36,10
DA:38,10
DA:39,10
DA:41,10
DA:48,1
DA:56,1
LF:12
LH:12
BRDA:38,0,0,1
BRDA:38,0,1,9
BRDA:39,1,0,0
BRDA:39,1,1,10
BRF:4
BRH:3
end_of_record
TN:
SF:/Users/georgegillams/Documents/projects/backpack/packages/bpk-component-textarea/src/BpkTextarea.js
FN:27,(anonymous_0)
FNF:1
FNH:1
FNDA:2,(anonymous_0)
DA:25,1
DA:27,1
DA:28,2
DA:29,2
DA:31,2
DA:33,2
DA:36,1
DA:43,1
LF:8
LH:8
BRDA:31,0,0,1
BRDA:31,0,1,1
BRF:2
BRH:2
end_of_record
TN:
SF:/Users/georgegillams/Documents/projects/backpack/packages/bpk-component-theme-toggle/src/BpkThemeToggle.js
FN:25,(anonymous_0)
FN:31,(anonymous_1)
FN:39,(anonymous_2)
FN:48,(anonymous_3)
FNF:4
FNH:4
FNDA:1,(anonymous_0)
FNDA:2,(anonymous_1)
FNDA:1,(anonymous_2)
FNDA:3,(anonymous_3)
DA:25,1
DA:26,1
DA:27,1
DA:32,2
DA:33,2
DA:34,2
DA:40,1
DA:42,1
DA:43,1
DA:45,1
DA:49,3
LF:11
LH:11
BRDA:42,0,0,1
BRDA:42,0,1,0
BRF:2
BRH:1
end_of_record
TN:
SF:/Users/georgegillams/Documents/projects/backpack/packages/bpk-component-theme-toggle/src/theming.js
FNF:0
FNH:0
DA:26,1
DA:38,1
LF:2
LH:2
BRF:0
BRH:0
end_of_record
TN:
SF:/Users/georgegillams/Documents/projects/backpack/packages/bpk-component-theme-toggle/src/updateOnThemeChange.js
FN:25,(anonymous_0)
FN:27,(anonymous_1)
FN:35,(anonymous_2)
FN:39,(anonymous_3)
FN:43,(anonymous_4)
FN:49,(anonymous_5)
FNF:6
FNH:5
FNDA:1,(anonymous_0)
FNDA:2,(anonymous_1)
FNDA:2,(anonymous_2)
FNDA:0,(anonymous_3)
FNDA:2,(anonymous_4)
FNDA:5,(anonymous_5)
DA:25,1
DA:28,2
DA:29,2
DA:30,2
DA:36,2
DA:40,0
DA:44,2
DA:45,2
DA:46,2
DA:50,5
DA:57,1
DA:59,1
DA:63,1
LF:13
LH:12
BRF:0
BRH:0
end_of_record
TN:
SF:/Users/georgegillams/Documents/projects/backpack/packages/bpk-component-theme-toggle/src/utils.js
FN:20,(anonymous_0)
FNF:1
FNH:1
FNDA:4,(anonymous_0)
DA:18,2
DA:20,4
LF:2
LH:2
BRDA:20,0,0,4
BRDA:20,0,1,0
BRF:2
BRH:1
end_of_record
TN:
SF:/Users/georgegillams/Documents/projects/backpack/packages/bpk-component-ticket/src/BpkTicket.js
FN:27,(anonymous_0)
FN:32,(anonymous_1)
FNF:2
FNH:2
FNDA:7,(anonymous_0)
FNDA:7,(anonymous_1)
DA:25,1
DA:27,1
DA:28,7
DA:29,7
DA:32,1
DA:35,7
DA:36,7
DA:37,7
DA:38,7
DA:39,7
DA:40,7
DA:41,7
DA:42,7
DA:44,7
DA:45,7
DA:46,7
DA:47,6
DA:48,6
DA:50,7
DA:51,1
DA:52,1
DA:53,1
DA:54,1
DA:55,1
DA:56,1
DA:58,6
DA:59,6
DA:61,6
DA:62,6
DA:63,6
DA:64,6
DA:66,0
DA:67,0
DA:68,0
DA:69,0
DA:73,7
DA:75,7
DA:100,7
DA:101,1
DA:108,6
DA:115,1
DA:126,1
LF:42
LH:38
BRDA:28,0,0,0
BRDA:28,0,1,7
BRDA:44,1,0,1
BRDA:44,1,1,6
BRDA:45,2,0,2
BRDA:45,2,1,5
BRDA:46,3,0,6
BRDA:46,3,1,1
BRDA:50,4,0,1
BRDA:50,4,1,6
BRDA:61,5,0,6
BRDA:61,5,1,0
BRDA:100,6,0,1
BRDA:100,6,1,6
BRF:14
BRH:12
end_of_record
TN:
SF:/Users/georgegillams/Documents/projects/backpack/packages/bpk-component-tooltip/src/BpkTooltip.js
FN:28,(anonymous_0)
FNF:1
FNH:1
FNDA:7,(anonymous_0)
DA:26,2
DA:28,2
DA:35,7
DA:37,7
DA:38,7
DA:41,7
DA:44,7
DA:46,7
DA:68,2
DA:75,2
LF:10
LH:10
BRDA:41,0,0,2
BRDA:41,0,1,5
BRDA:44,1,0,6
BRDA:44,1,1,1
BRF:4
BRH:4
end_of_record
TN:
SF:/Users/georgegillams/Documents/projects/backpack/packages/bpk-component-tooltip/src/BpkTooltipPortal.js
FN:30,(anonymous_0)
FN:36,(anonymous_1)
FN:51,(anonymous_2)
FN:58,(anonymous_3)
FN:65,(anonymous_4)
FN:78,(anonymous_5)
FN:85,(anonymous_6)
FN:91,(anonymous_7)
FN:97,(anonymous_8)
FN:112,(anonymous_9)
FNF:10
FNH:4
FNDA:4,(anonymous_0)
FNDA:4,(anonymous_1)
FNDA:4,(anonymous_2)
FNDA:0,(anonymous_3)
FNDA:0,(anonymous_4)
FNDA:0,(anonymous_5)
FNDA:0,(anonymous_6)
FNDA:0,(anonymous_7)
FNDA:4,(anonymous_8)
FNDA:0,(anonymous_9)
DA:28,1
DA:30,4
DA:37,4
DA:39,4
DA:43,4
DA:44,4
DA:46,4
DA:47,4
DA:48,4
DA:52,4
DA:53,0
DA:54,0
DA:59,0
DA:60,0
DA:61,0
DA:66,0
DA:73,0
DA:75,0
DA:79,0
DA:80,0
DA:82,0
DA:86,0
DA:92,0
DA:98,4
DA:101,4
DA:102,4
DA:104,4
DA:106,4
DA:108,4
DA:112,0
DA:129,1
DA:144,1
LF:32
LH:18
BRDA:31,0,0,4
BRDA:31,0,1,4
BRDA:31,0,2,4
BRDA:31,0,3,0
BRDA:52,1,0,0
BRDA:52,1,1,4
BRDA:59,2,0,0
BRDA:59,2,1,0
BRDA:102,3,0,4
BRDA:102,3,1,0
BRDA:104,4,0,1
BRDA:104,4,1,3
BRDA:109,5,0,4
BRDA:109,5,1,0
BRF:14
BRH:8
end_of_record
TN:
SF:/Users/georgegillams/Documents/projects/backpack/packages/bpk-component-tooltip/src/constants.js
FNF:0
FNH:0
DA:19,2
LF:1
LH:1
BRF:0
BRH:0
end_of_record
TN:
SF:/Users/georgegillams/Documents/projects/backpack/packages/bpk-docs/src/helpers/tokens-helper.js
FN:26,(anonymous_0)
FN:28,(anonymous_1)
FN:35,(anonymous_2)
FN:41,(anonymous_3)
FN:52,(anonymous_4)
FN:53,(anonymous_5)
FN:56,(anonymous_6)
FN:57,(anonymous_7)
FN:61,(anonymous_8)
FN:72,(anonymous_9)
FN:74,(anonymous_10)
FN:80,(anonymous_11)
FN:82,(anonymous_12)
FN:83,(anonymous_13)
FN:84,(anonymous_14)
FNF:15
FNH:8
FNDA:0,(anonymous_0)
FNDA:3,(anonymous_1)
FNDA:3,(anonymous_2)
FNDA:3,(anonymous_3)
FNDA:1,(anonymous_4)
FNDA:1,(anonymous_5)
FNDA:1,(anonymous_6)
FNDA:1,(anonymous_7)
FNDA:10,(anonymous_8)
FNDA:0,(anonymous_9)
FNDA:0,(anonymous_10)
FNDA:0,(anonymous_11)
FNDA:0,(anonymous_12)
FNDA:0,(anonymous_13)
FNDA:0,(anonymous_14)
DA:24,1
DA:26,1
DA:28,1
DA:29,3
DA:30,3
DA:33,1
DA:36,3
DA:37,1
DA:39,2
DA:42,3
DA:43,1
DA:45,2
DA:46,1
DA:48,1
DA:52,1
DA:53,1
DA:56,1
DA:57,1
DA:61,1
DA:62,10
DA:63,10
DA:65,10
DA:66,10
DA:69,0
DA:72,1
DA:73,0
DA:74,0
DA:75,0
DA:77,0
DA:80,1
DA:81,0
DA:82,0
DA:83,0
DA:84,0
DA:87,0
LF:35
LH:25
BRDA:30,0,0,3
BRDA:30,0,1,0
BRDA:36,1,0,1
BRDA:36,1,1,2
BRDA:42,2,0,1
BRDA:42,2,1,2
BRDA:45,3,0,1
BRDA:45,3,1,1
BRDA:52,4,0,1
BRDA:52,4,1,0
BRDA:53,5,0,1
BRDA:53,5,1,0
BRDA:56,6,0,1
BRDA:56,6,1,0
BRDA:57,7,0,1
BRDA:57,7,1,0
BRDA:62,8,0,10
BRDA:62,8,1,0
BRDA:63,9,0,10
BRDA:63,9,1,0
BRDA:65,10,0,10
BRDA:65,10,1,0
BRDA:69,11,0,0
BRDA:69,11,1,0
BRDA:72,12,0,0
BRDA:74,13,0,0
BRDA:74,13,1,0
BRDA:75,14,0,0
BRDA:75,14,1,0
BRF:29
BRH:14
end_of_record
TN:
SF:/Users/georgegillams/Documents/projects/backpack/packages/bpk-docs/src/layouts/SideNavLayout/links-sorter.js
FN:19,(anonymous_0)
FN:19,(anonymous_1)
FNF:2
FNH:2
FNDA:2,(anonymous_0)
FNDA:18,(anonymous_1)
DA:19,2
DA:20,18
DA:21,18
DA:23,18
DA:24,9
DA:25,9
DA:27,9
DA:28,4
DA:31,5
DA:32,5
DA:35,0
DA:38,9
DA:39,0
DA:42,9
LF:14
LH:12
BRDA:23,0,0,9
BRDA:23,0,1,9
BRDA:27,1,0,4
BRDA:27,1,1,5
BRDA:31,2,0,5
BRDA:31,2,1,0
BRDA:38,3,0,0
BRDA:38,3,1,9
BRDA:38,4,0,9
BRDA:38,4,1,0
BRF:10
BRH:7
end_of_record
TN:
SF:/Users/georgegillams/Documents/projects/backpack/packages/bpk-react-utils/src/Portal.js
FN:29,(anonymous_0)
FN:47,(anonymous_1)
FN:57,(anonymous_2)
FN:75,(anonymous_3)
FN:79,(anonymous_4)
FN:91,(anonymous_5)
FN:106,(anonymous_6)
FN:112,(anonymous_7)
FN:116,(anonymous_8)
FN:133,(anonymous_9)
FN:145,(anonymous_10)
FN:152,(anonymous_11)
FN:179,(anonymous_12)
FN:197,(anonymous_13)
FN:212,(anonymous_14)
FN:218,(anonymous_15)
FN:226,(anonymous_16)
FN:248,(anonymous_17)
FN:249,(anonymous_18)
FN:250,(anonymous_19)
FNF:20
FNH:19
FNDA:18,(anonymous_0)
FNDA:18,(anonymous_1)
FNDA:9,(anonymous_2)
FNDA:1,(anonymous_3)
FNDA:5,(anonymous_4)
FNDA:5,(anonymous_5)
FNDA:40,(anonymous_6)
FNDA:0,(anonymous_7)
FNDA:10,(anonymous_8)
FNDA:49,(anonymous_9)
FNDA:17,(anonymous_10)
FNDA:14,(anonymous_11)
FNDA:3,(anonymous_12)
FNDA:14,(anonymous_13)
FNDA:16,(anonymous_14)
FNDA:16,(anonymous_15)
FNDA:27,(anonymous_16)
FNDA:20,(anonymous_17)
FNDA:9,(anonymous_18)
FNDA:10,(anonymous_19)
DA:24,1
DA:30,18
DA:32,18
DA:36,18
DA:38,18
DA:39,18
DA:40,18
DA:41,18
DA:42,18
DA:43,18
DA:44,18
DA:48,18
DA:49,13
DA:52,18
DA:53,0
DA:58,9
DA:59,5
DA:60,3
DA:61,3
DA:63,4
DA:64,4
DA:65,1
DA:67,3
DA:69,4
DA:72,2
DA:76,1
DA:80,5
DA:81,5
DA:84,3
DA:85,3
DA:88,2
DA:92,5
DA:94,5
DA:97,3
DA:98,3
DA:101,2
DA:102,2
DA:107,40
DA:108,40
DA:113,0
DA:117,10
DA:119,10
DA:120,10
DA:123,10
DA:126,10
DA:134,49
DA:135,0
DA:142,49
DA:146,17
DA:147,1
DA:149,16
DA:153,14
DA:154,0
DA:157,14
DA:159,14
DA:160,14
DA:161,14
DA:162,14
DA:163,14
DA:164,14
DA:165,14
DA:166,14
DA:168,14
DA:169,1
DA:171,14
DA:172,1
DA:175,14
DA:176,14
DA:180,3
DA:181,0
DA:184,3
DA:185,3
DA:186,3
DA:187,3
DA:188,3
DA:189,3
DA:190,3
DA:191,3
DA:192,3
DA:198,14
DA:199,14
DA:200,14
DA:202,0
DA:205,14
DA:207,0
DA:209,14
DA:215,16
DA:217,16
DA:218,16
DA:219,16
DA:220,16
DA:227,27
DA:231,1
DA:245,1
DA:248,20
DA:249,9
DA:250,10
LF:97
LH:90
BRDA:48,0,0,13
BRDA:48,0,1,5
BRDA:52,1,0,0
BRDA:52,1,1,18
BRDA:58,2,0,5
BRDA:58,2,1,4
BRDA:59,3,0,3
BRDA:59,3,1,2
BRDA:63,4,0,4
BRDA:63,4,1,0
BRDA:64,5,0,1
BRDA:64,5,1,3
BRDA:81,6,0,3
BRDA:81,6,1,2
BRDA:81,7,0,5
BRDA:81,7,1,4
BRDA:81,7,2,3
BRDA:94,8,0,3
BRDA:94,8,1,2
BRDA:94,9,0,5
BRDA:94,9,1,4
BRDA:94,9,2,3
BRDA:101,10,0,2
BRDA:101,10,1,0
BRDA:107,11,0,40
BRDA:107,11,1,0
BRDA:107,12,0,40
BRDA:107,12,1,40
BRDA:117,13,0,10
BRDA:117,13,1,2
BRDA:120,14,0,10
BRDA:120,14,1,10
BRDA:120,14,2,8
BRDA:123,15,0,10
BRDA:123,15,1,10
BRDA:123,15,2,8
BRDA:134,16,0,0
BRDA:134,16,1,49
BRDA:142,17,0,49
BRDA:142,17,1,31
BRDA:146,18,0,1
BRDA:146,18,1,16
BRDA:153,19,0,0
BRDA:153,19,1,14
BRDA:157,20,0,0
BRDA:157,20,1,14
BRDA:168,21,0,1
BRDA:168,21,1,13
BRDA:171,22,0,1
BRDA:171,22,1,13
BRDA:180,23,0,0
BRDA:180,23,1,3
BRDA:215,24,0,16
BRDA:215,24,1,7
BRDA:217,25,0,16
BRDA:217,25,1,0
BRDA:217,26,0,16
BRDA:217,26,1,16
BRDA:219,27,0,16
BRDA:219,27,1,0
BRDA:227,28,0,0
BRDA:227,28,1,27
BRF:62
BRH:51
end_of_record
TN:
SF:/Users/georgegillams/Documents/projects/backpack/packages/bpk-react-utils/src/TransitionInitialMount.js
FN:28,(anonymous_0)
FNF:1
FNH:1
FNDA:1,(anonymous_0)
DA:26,1
DA:28,1
DA:31,1
DA:44,1
LF:4
LH:4
BRF:0
BRH:0
end_of_record
TN:
SF:/Users/georgegillams/Documents/projects/backpack/packages/bpk-react-utils/src/cssModules.js
FN:19,(anonymous_0)
FN:20,(anonymous_1)
FNF:2
FNH:2
FNDA:3,(anonymous_0)
FNDA:6,(anonymous_1)
DA:20,6
LF:1
LH:1
BRDA:19,0,0,2
BRDA:20,1,0,3
BRDA:20,1,1,3
BRF:3
BRH:3
end_of_record
TN:
SF:/Users/georgegillams/Documents/projects/backpack/packages/bpk-react-utils/src/withDefaultProps.js
FN:24,(anonymous_0)
FN:27,(anonymous_1)
FNF:2
FNH:2
FNDA:2,(anonymous_0)
FNDA:2,(anonymous_1)
DA:24,1
DA:25,2
DA:27,2
DA:28,2
DA:29,2
DA:31,2
DA:32,2
DA:34,2
DA:45,2
DA:49,2
DA:53,2
DA:55,2
LF:12
LH:12
BRDA:31,0,0,1
BRDA:31,0,1,1
BRDA:32,1,0,1
BRDA:32,1,1,1
BRF:4
BRH:4
end_of_record
TN:
SF:/Users/georgegillams/Documents/projects/backpack/packages/bpk-scrim-utils/src/BpkScrim.js
FN:26,(anonymous_0)
FNF:1
FNH:1
FNDA:8,(anonymous_0)
DA:24,2
DA:26,2
DA:27,8
LF:3
LH:3
BRF:0
BRH:0
end_of_record
TN:
SF:/Users/georgegillams/Documents/projects/backpack/packages/bpk-scrim-utils/src/withScrim.js
FN:31,(anonymous_0)
FN:33,(anonymous_1)
FN:46,(anonymous_2)
FN:66,(anonymous_3)
FN:84,(anonymous_4)
FN:89,(anonymous_5)
FN:93,(anonymous_6)
FN:97,(anonymous_7)
FN:103,(anonymous_8)
FN:107,(anonymous_9)
FN:111,(anonymous_10)
FNF:11
FNH:5
FNDA:7,(anonymous_0)
FNDA:7,(anonymous_1)
FNDA:7,(anonymous_2)
FNDA:2,(anonymous_3)
FNDA:0,(anonymous_4)
FNDA:0,(anonymous_5)
FNDA:0,(anonymous_6)
FNDA:0,(anonymous_7)
FNDA:0,(anonymous_8)
FNDA:0,(anonymous_9)
FNDA:7,(anonymous_10)
DA:29,1
DA:31,1
DA:34,7
DA:36,7
DA:37,7
DA:38,7
DA:39,7
DA:40,7
DA:41,7
DA:43,7
DA:47,7
DA:48,7
DA:50,7
DA:51,2
DA:52,2
DA:54,5
DA:55,5
DA:56,2
DA:60,7
DA:61,7
DA:62,0
DA:67,2
DA:68,2
DA:70,2
DA:71,1
DA:72,1
DA:74,1
DA:75,1
DA:76,1
DA:80,2
DA:81,2
DA:85,0
DA:86,0
DA:90,0
DA:94,0
DA:98,0
DA:99,0
DA:104,0
DA:108,0
DA:117,7
DA:119,7
DA:120,7
DA:121,7
DA:123,7
DA:132,7
DA:158,7
DA:160,7
DA:167,7
DA:172,7
LF:49
LH:40
BRDA:50,0,0,2
BRDA:50,0,1,5
BRDA:50,1,0,7
BRDA:50,1,1,3
BRDA:55,2,0,2
BRDA:55,2,1,3
BRDA:61,3,0,0
BRDA:61,3,1,7
BRDA:70,4,0,1
BRDA:70,4,1,1
BRDA:70,5,0,2
BRDA:70,5,1,1
BRDA:75,6,0,1
BRDA:75,6,1,0
BRDA:98,7,0,0
BRDA:98,7,1,0
BRDA:120,8,0,3
BRDA:120,8,1,4
BRDA:168,9,0,7
BRDA:168,9,1,0
BRF:20
BRH:15
end_of_record
TN:
SF:/Users/georgegillams/Documents/projects/backpack/packages/bpk-tether/src/applyRTLTransforms.js
FN:21,(anonymous_0)
FN:29,(anonymous_1)
FNF:2
FNH:2
FNDA:4,(anonymous_0)
FNDA:9,(anonymous_1)
DA:21,1
DA:22,4
DA:23,2
DA:26,2
DA:29,1
DA:30,9
DA:31,9
DA:33,9
DA:35,9
DA:36,4
DA:41,9
DA:42,4
DA:47,9
LF:13
LH:13
BRDA:22,0,0,2
BRDA:22,0,1,2
BRDA:35,1,0,4
BRDA:35,1,1,5
BRDA:36,2,0,2
BRDA:36,2,1,2
BRDA:41,3,0,4
BRDA:41,3,1,5
BRDA:42,4,0,2
BRDA:42,4,1,2
BRF:10
BRH:10
end_of_record
TN:
SF:/Users/georgegillams/Documents/projects/backpack/packages/bpk-theming/src/BpkThemeProvider.js
FN:22,(anonymous_0)
FN:24,(anonymous_1)
FN:33,(anonymous_2)
FN:40,(anonymous_3)
FN:42,(anonymous_4)
FN:57,(anonymous_5)
FN:68,(anonymous_6)
FN:85,(anonymous_7)
FNF:8
FNH:7
FNDA:4,(anonymous_0)
FNDA:5,(anonymous_1)
FNDA:4,(anonymous_2)
FNDA:5,(anonymous_3)
FNDA:0,(anonymous_4)
FNDA:4,(anonymous_5)
FNDA:6,(anonymous_6)
FNDA:7,(anonymous_7)
DA:22,1
DA:23,4
DA:24,4
DA:25,5
DA:26,0
DA:28,5
DA:29,5
DA:33,1
DA:34,4
DA:35,0
DA:37,4
DA:38,4
DA:39,4
DA:40,4
DA:41,5
DA:42,4
DA:43,4
DA:44,4
DA:46,1
DA:50,4
DA:51,1
DA:54,4
DA:57,1
DA:58,4
DA:59,4
DA:60,4
DA:61,4
DA:68,1
DA:69,6
DA:70,6
DA:71,6
DA:72,0
DA:75,6
DA:76,0
DA:78,6
DA:79,0
DA:82,6
DA:83,6
DA:84,6
DA:85,6
DA:86,7
DA:87,5
DA:89,2
DA:92,6
DA:93,6
DA:94,2
DA:96,6
DA:97,2
DA:99,6
DA:100,4
DA:102,2
DA:105,1
DA:111,1
LF:53
LH:48
BRDA:22,0,0,0
BRDA:25,1,0,0
BRDA:25,1,1,5
BRDA:34,2,0,0
BRDA:34,2,1,4
BRDA:41,3,0,4
BRDA:41,3,1,1
BRDA:50,4,0,1
BRDA:50,4,1,3
BRDA:71,5,0,0
BRDA:71,5,1,6
BRDA:75,6,0,0
BRDA:75,6,1,6
BRDA:78,7,0,0
BRDA:78,7,1,6
BRDA:86,8,0,5
BRDA:86,8,1,2
BRDA:93,9,0,2
BRDA:93,9,1,4
BRDA:96,10,0,2
BRDA:96,10,1,4
BRDA:99,11,0,4
BRDA:99,11,1,2
BRF:23
BRH:17
end_of_record
TN:
SF:/Users/georgegillams/Documents/projects/backpack/packages/bpk-tokens/src/setOpacity.js
FN:21,(anonymous_0)
FNF:1
FNH:1
FNDA:8,(anonymous_0)
DA:21,1
DA:22,8
DA:24,2
DA:25,6
DA:27,2
DA:29,4
LF:6
LH:6
BRDA:22,0,0,2
BRDA:22,0,1,6
BRDA:25,1,0,2
BRDA:25,1,1,4
BRDA:25,2,0,6
BRDA:25,2,1,5
BRF:6
BRH:6
end_of_record
TN:
SF:/Users/georgegillams/Documents/projects/backpack/scripts/jest/cssTransitionStub.js
FN:19,(anonymous_0)
FNF:1
FNH:1
FNDA:40,(anonymous_0)
DA:19,40
LF:1
LH:1
BRF:0
BRH:0
end_of_record
TN:
SF:/Users/georgegillams/Documents/projects/backpack/scripts/jest/setup.js
FNF:0
FNH:0
DA:22,122
LF:1
LH:1
BRF:0
BRH:0
end_of_record
TN:
SF:/Users/georgegillams/Documents/projects/backpack/scripts/jest/styleStub.js
FNF:0
FNH:0
LF:0
LH:0
BRF:0
BRH:0
end_of_record
